<?xml version="1.0" encoding="UTF-8"?>
<testsuite name="Proceso Auditoria - Smartstock" tests="1" skipped="0" failures="0" errors="0" timestamp="2023-05-04T14:55:24" hostname="LTBG60836" time="71.952">
  <properties/>
  <testcase name="Proceso Auditoria - Smartstock" classname="Proceso Auditoria - Smartstock" time="71.952"/>
  <system-out><![CDATA[Cantidad del Stock Obtenida es: 1
Nombre de Orden Obtenida : 54
Cantidad del Stock Obtenida es: 1
Nombre de Orden Obtenida : 0
Auditoria Exitosa
]]></system-out>
  <system-err><![CDATA[[Test worker] WARN net.thucydides.core.steps.BaseStepListener - stepStarted: net.thucydides.core.steps.ExecutedStepDescription@5d25e6bb
[Test worker] WARN net.thucydides.core.steps.BaseStepListener - stepStarted: net.thucydides.core.steps.ExecutedStepDescription@16ade133
[Test worker] WARN net.thucydides.core.steps.BaseStepListener - stepStarted: net.thucydides.core.steps.ExecutedStepDescription@3cd59ef5
may 04, 2023 9:55:25 AM org.openqa.selenium.remote.DesiredCapabilities chrome
INFORMACIÓN: Using `new ChromeOptions()` is preferred to `DesiredCapabilities.chrome()`
[Test worker] INFO net.serenitybdd.core.webdriver.driverproviders.ProvideNewDriver - Instantiating driver
[Test worker] INFO net.serenitybdd.core.webdriver.driverproviders.ProvideNewDriver - Driver capabilities: Capabilities {acceptInsecureCerts: false, acceptSslCerts: true, browserName: chrome, chrome.switches: --disable-extensions,--star..., goog:chromeOptions: {args: [--disable-extensions, --start-maximized, --test-type, --user-agent=New User Agent], extensions: [], prefs: {pdfjs.disabled: true, profile_default_content_settings.popups: 0}}, handlesAlerts: true, loggingPrefs: org.openqa.selenium.logging..., platform: ANY, version: }
Starting ChromeDriver 112.0.5615.49 (bd2a7bcb881c11e8cfe3078709382934e3916914-refs/branch-heads/5615@{#936}) on port 20770
Only local connections are allowed.
Please see https://chromedriver.chromium.org/security-considerations for suggestions on keeping ChromeDriver safe.
ChromeDriver was started successfully.
may 04, 2023 9:55:29 AM org.openqa.selenium.remote.ProtocolHandshake createSession
INFORMACIÓN: Detected dialect: W3C
[Test worker] WARN net.thucydides.core.steps.BaseStepListener - stepFinished: current outcome:Proceso Auditoria - Smartstock:Dado que existe una una solicitud de auditoria [Usuario ts abrir pagina [Usuario opens the Ob abrir pagina]]
[Test worker] WARN net.thucydides.core.steps.BaseStepListener - stepStarted: net.thucydides.core.steps.ExecutedStepDescription@5416f8db
[Test worker] WARN net.thucydides.core.steps.BaseStepListener - stepFinished: current outcome:Proceso Auditoria - Smartstock:Dado que existe una una solicitud de auditoria [Usuario ts abrir pagina [Usuario opens the Ob abrir pagina, Usuario enters 'jhonfquinonesa' into Input para ingresar el usuario]]
[Test worker] WARN net.thucydides.core.steps.BaseStepListener - stepStarted: net.thucydides.core.steps.ExecutedStepDescription@2b916808
[Test worker] WARN net.thucydides.core.steps.BaseStepListener - stepFinished: current outcome:Proceso Auditoria - Smartstock:Dado que existe una una solicitud de auditoria [Usuario ts abrir pagina [Usuario opens the Ob abrir pagina, Usuario enters 'jhonfquinonesa' into Input para ingresar el usuario, Usuario enters 'Puli0010***' into Input para ingresar la contraseña]]
[Test worker] WARN net.thucydides.core.steps.BaseStepListener - stepStarted: net.thucydides.core.steps.ExecutedStepDescription@6c8f60f3
[Test worker] WARN net.thucydides.core.steps.BaseStepListener - stepFinished: current outcome:Proceso Auditoria - Smartstock:Dado que existe una una solicitud de auditoria [Usuario ts abrir pagina [Usuario opens the Ob abrir pagina, Usuario enters 'jhonfquinonesa' into Input para ingresar el usuario, Usuario enters 'Puli0010***' into Input para ingresar la contraseña, Usuario clicks on button para dar ingreso al sitio]]
[Test worker] WARN net.thucydides.core.steps.BaseStepListener - stepFinished: current outcome:Proceso Auditoria - Smartstock:Dado que existe una una solicitud de auditoria [Usuario ts abrir pagina [Usuario opens the Ob abrir pagina, Usuario enters 'jhonfquinonesa' into Input para ingresar el usuario, Usuario enters 'Puli0010***' into Input para ingresar la contraseña, Usuario clicks on button para dar ingreso al sitio]]
[Test worker] WARN net.thucydides.core.steps.BaseStepListener - stepFinished: current outcome:Proceso Auditoria - Smartstock:Dado que existe una una solicitud de auditoria [Usuario ts abrir pagina [Usuario opens the Ob abrir pagina, Usuario enters 'jhonfquinonesa' into Input para ingresar el usuario, Usuario enters 'Puli0010***' into Input para ingresar la contraseña, Usuario clicks on button para dar ingreso al sitio]]
[Test worker] WARN net.thucydides.core.steps.BaseStepListener - stepStarted: net.thucydides.core.steps.ExecutedStepDescription@49ca94a9
[Test worker] WARN net.thucydides.core.steps.BaseStepListener - stepStarted: net.thucydides.core.steps.ExecutedStepDescription@68c9e023
[Test worker] WARN net.thucydides.core.steps.BaseStepListener - stepStarted: net.thucydides.core.steps.ExecutedStepDescription@61874b9d
[Test worker] WARN net.thucydides.core.steps.BaseStepListener - stepFinished: current outcome:Proceso Auditoria - Smartstock:Dado que existe una una solicitud de auditoria [Usuario ts abrir pagina [Usuario opens the Ob abrir pagina, Usuario enters 'jhonfquinonesa' into Input para ingresar el usuario, Usuario enters 'Puli0010***' into Input para ingresar la contraseña, Usuario clicks on button para dar ingreso al sitio]], Cuando Crea la orden de de auditoria [Usuario ts proceso auditoria [Usuario clicks on Botón de Proceso de Inventario]]
[Test worker] WARN net.thucydides.core.steps.BaseStepListener - stepStarted: net.thucydides.core.steps.ExecutedStepDescription@7ea2412c
[Test worker] WARN net.thucydides.core.steps.BaseStepListener - stepFinished: current outcome:Proceso Auditoria - Smartstock:Dado que existe una una solicitud de auditoria [Usuario ts abrir pagina [Usuario opens the Ob abrir pagina, Usuario enters 'jhonfquinonesa' into Input para ingresar el usuario, Usuario enters 'Puli0010***' into Input para ingresar la contraseña, Usuario clicks on button para dar ingreso al sitio]], Cuando Crea la orden de de auditoria [Usuario ts proceso auditoria [Usuario clicks on Botón de Proceso de Inventario, Usuario clicks on Botón de Auditoria]]
[Test worker] WARN net.thucydides.core.steps.BaseStepListener - stepStarted: net.thucydides.core.steps.ExecutedStepDescription@52ae997b
[Test worker] WARN net.thucydides.core.steps.BaseStepListener - stepFinished: current outcome:Proceso Auditoria - Smartstock:Dado que existe una una solicitud de auditoria [Usuario ts abrir pagina [Usuario opens the Ob abrir pagina, Usuario enters 'jhonfquinonesa' into Input para ingresar el usuario, Usuario enters 'Puli0010***' into Input para ingresar la contraseña, Usuario clicks on button para dar ingreso al sitio]], Cuando Crea la orden de de auditoria [Usuario ts proceso auditoria [Usuario clicks on Botón de Proceso de Inventario, Usuario clicks on Botón de Auditoria, Usuario clicks on Botón de + para agregar auditoria]]
[Test worker] WARN net.thucydides.core.steps.BaseStepListener - stepStarted: net.thucydides.core.steps.ExecutedStepDescription@8a6631b
[Test worker] WARN net.thucydides.core.steps.BaseStepListener - stepStarted: net.thucydides.core.steps.ExecutedStepDescription@2e5e6fc4
[Test worker] WARN net.thucydides.core.steps.BaseStepListener - stepFinished: current outcome:Proceso Auditoria - Smartstock:Dado que existe una una solicitud de auditoria [Usuario ts abrir pagina [Usuario opens the Ob abrir pagina, Usuario enters 'jhonfquinonesa' into Input para ingresar el usuario, Usuario enters 'Puli0010***' into Input para ingresar la contraseña, Usuario clicks on button para dar ingreso al sitio]], Cuando Crea la orden de de auditoria [Usuario ts proceso auditoria [Usuario clicks on Botón de Proceso de Inventario, Usuario clicks on Botón de Auditoria, Usuario clicks on Botón de + para agregar auditoria, Usuario is crear auditoria01 [Usuario enters 'Bodega Principal' into input Seleccionar la bodega]]]
[Test worker] WARN net.thucydides.core.steps.BaseStepListener - stepStarted: net.thucydides.core.steps.ExecutedStepDescription@7f79edee
[Test worker] WARN net.thucydides.core.steps.BaseStepListener - stepFinished: current outcome:Proceso Auditoria - Smartstock:Dado que existe una una solicitud de auditoria [Usuario ts abrir pagina [Usuario opens the Ob abrir pagina, Usuario enters 'jhonfquinonesa' into Input para ingresar el usuario, Usuario enters 'Puli0010***' into Input para ingresar la contraseña, Usuario clicks on button para dar ingreso al sitio]], Cuando Crea la orden de de auditoria [Usuario ts proceso auditoria [Usuario clicks on Botón de Proceso de Inventario, Usuario clicks on Botón de Auditoria, Usuario clicks on Botón de + para agregar auditoria, Usuario is crear auditoria01 [Usuario enters 'Bodega Principal' into input Seleccionar la bodega, Usuario clicks on Lista Seleccionar la bodega]]]
[Test worker] WARN net.thucydides.core.steps.BaseStepListener - stepStarted: net.thucydides.core.steps.ExecutedStepDescription@6fe595dc
[Test worker] WARN net.thucydides.core.steps.BaseStepListener - stepFinished: current outcome:Proceso Auditoria - Smartstock:Dado que existe una una solicitud de auditoria [Usuario ts abrir pagina [Usuario opens the Ob abrir pagina, Usuario enters 'jhonfquinonesa' into Input para ingresar el usuario, Usuario enters 'Puli0010***' into Input para ingresar la contraseña, Usuario clicks on button para dar ingreso al sitio]], Cuando Crea la orden de de auditoria [Usuario ts proceso auditoria [Usuario clicks on Botón de Proceso de Inventario, Usuario clicks on Botón de Auditoria, Usuario clicks on Botón de + para agregar auditoria, Usuario is crear auditoria01 [Usuario enters 'Bodega Principal' into input Seleccionar la bodega, Usuario clicks on Lista Seleccionar la bodega, Usuario enters 'Auditoria' into Input de Tipo de documento]]]
[Test worker] WARN net.thucydides.core.steps.BaseStepListener - stepStarted: net.thucydides.core.steps.ExecutedStepDescription@5e593b08
[Test worker] WARN net.thucydides.core.steps.BaseStepListener - stepFinished: current outcome:Proceso Auditoria - Smartstock:Dado que existe una una solicitud de auditoria [Usuario ts abrir pagina [Usuario opens the Ob abrir pagina, Usuario enters 'jhonfquinonesa' into Input para ingresar el usuario, Usuario enters 'Puli0010***' into Input para ingresar la contraseña, Usuario clicks on button para dar ingreso al sitio]], Cuando Crea la orden de de auditoria [Usuario ts proceso auditoria [Usuario clicks on Botón de Proceso de Inventario, Usuario clicks on Botón de Auditoria, Usuario clicks on Botón de + para agregar auditoria, Usuario is crear auditoria01 [Usuario enters 'Bodega Principal' into input Seleccionar la bodega, Usuario clicks on Lista Seleccionar la bodega, Usuario enters 'Auditoria' into Input de Tipo de documento, Usuario clicks on input Lista Botón de Tipo de documento]]]
[Test worker] WARN net.thucydides.core.steps.BaseStepListener - stepStarted: net.thucydides.core.steps.ExecutedStepDescription@58f2466c
[Test worker] WARN net.thucydides.core.steps.BaseStepListener - stepFinished: current outcome:Proceso Auditoria - Smartstock:Dado que existe una una solicitud de auditoria [Usuario ts abrir pagina [Usuario opens the Ob abrir pagina, Usuario enters 'jhonfquinonesa' into Input para ingresar el usuario, Usuario enters 'Puli0010***' into Input para ingresar la contraseña, Usuario clicks on button para dar ingreso al sitio]], Cuando Crea la orden de de auditoria [Usuario ts proceso auditoria [Usuario clicks on Botón de Proceso de Inventario, Usuario clicks on Botón de Auditoria, Usuario clicks on Botón de + para agregar auditoria, Usuario is crear auditoria01 [Usuario enters 'Bodega Principal' into input Seleccionar la bodega, Usuario clicks on Lista Seleccionar la bodega, Usuario enters 'Auditoria' into Input de Tipo de documento, Usuario clicks on input Lista Botón de Tipo de documento, Usuario enters 'División' into Input División]]]
[Test worker] WARN net.thucydides.core.steps.BaseStepListener - stepStarted: net.thucydides.core.steps.ExecutedStepDescription@feb098f
[Test worker] WARN net.thucydides.core.steps.BaseStepListener - stepFinished: current outcome:Proceso Auditoria - Smartstock:Dado que existe una una solicitud de auditoria [Usuario ts abrir pagina [Usuario opens the Ob abrir pagina, Usuario enters 'jhonfquinonesa' into Input para ingresar el usuario, Usuario enters 'Puli0010***' into Input para ingresar la contraseña, Usuario clicks on button para dar ingreso al sitio]], Cuando Crea la orden de de auditoria [Usuario ts proceso auditoria [Usuario clicks on Botón de Proceso de Inventario, Usuario clicks on Botón de Auditoria, Usuario clicks on Botón de + para agregar auditoria, Usuario is crear auditoria01 [Usuario enters 'Bodega Principal' into input Seleccionar la bodega, Usuario clicks on Lista Seleccionar la bodega, Usuario enters 'Auditoria' into Input de Tipo de documento, Usuario clicks on input Lista Botón de Tipo de documento, Usuario enters 'División' into Input División, Usuario clicks on Lista Input División]]]
[Test worker] WARN net.thucydides.core.steps.BaseStepListener - stepStarted: net.thucydides.core.steps.ExecutedStepDescription@6367a688
[Test worker] WARN net.thucydides.core.steps.BaseStepListener - stepFinished: current outcome:Proceso Auditoria - Smartstock:Dado que existe una una solicitud de auditoria [Usuario ts abrir pagina [Usuario opens the Ob abrir pagina, Usuario enters 'jhonfquinonesa' into Input para ingresar el usuario, Usuario enters 'Puli0010***' into Input para ingresar la contraseña, Usuario clicks on button para dar ingreso al sitio]], Cuando Crea la orden de de auditoria [Usuario ts proceso auditoria [Usuario clicks on Botón de Proceso de Inventario, Usuario clicks on Botón de Auditoria, Usuario clicks on Botón de + para agregar auditoria, Usuario is crear auditoria01 [Usuario enters 'Bodega Principal' into input Seleccionar la bodega, Usuario clicks on Lista Seleccionar la bodega, Usuario enters 'Auditoria' into Input de Tipo de documento, Usuario clicks on input Lista Botón de Tipo de documento, Usuario enters 'División' into Input División, Usuario clicks on Lista Input División, Usuario enters 'Familia Ejemplo' into input Familia]]]
[Test worker] WARN net.thucydides.core.steps.BaseStepListener - stepStarted: net.thucydides.core.steps.ExecutedStepDescription@570ba13
[Test worker] WARN net.thucydides.core.steps.BaseStepListener - stepFinished: current outcome:Proceso Auditoria - Smartstock:Dado que existe una una solicitud de auditoria [Usuario ts abrir pagina [Usuario opens the Ob abrir pagina, Usuario enters 'jhonfquinonesa' into Input para ingresar el usuario, Usuario enters 'Puli0010***' into Input para ingresar la contraseña, Usuario clicks on button para dar ingreso al sitio]], Cuando Crea la orden de de auditoria [Usuario ts proceso auditoria [Usuario clicks on Botón de Proceso de Inventario, Usuario clicks on Botón de Auditoria, Usuario clicks on Botón de + para agregar auditoria, Usuario is crear auditoria01 [Usuario enters 'Bodega Principal' into input Seleccionar la bodega, Usuario clicks on Lista Seleccionar la bodega, Usuario enters 'Auditoria' into Input de Tipo de documento, Usuario clicks on input Lista Botón de Tipo de documento, Usuario enters 'División' into Input División, Usuario clicks on Lista Input División, Usuario enters 'Familia Ejemplo' into input Familia, Usuario clicks on Lista Input Familia]]]
[Test worker] WARN net.thucydides.core.steps.BaseStepListener - stepStarted: net.thucydides.core.steps.ExecutedStepDescription@69a024a0
[Test worker] WARN net.thucydides.core.steps.BaseStepListener - stepFinished: current outcome:Proceso Auditoria - Smartstock:Dado que existe una una solicitud de auditoria [Usuario ts abrir pagina [Usuario opens the Ob abrir pagina, Usuario enters 'jhonfquinonesa' into Input para ingresar el usuario, Usuario enters 'Puli0010***' into Input para ingresar la contraseña, Usuario clicks on button para dar ingreso al sitio]], Cuando Crea la orden de de auditoria [Usuario ts proceso auditoria [Usuario clicks on Botón de Proceso de Inventario, Usuario clicks on Botón de Auditoria, Usuario clicks on Botón de + para agregar auditoria, Usuario is crear auditoria01 [Usuario enters 'Bodega Principal' into input Seleccionar la bodega, Usuario clicks on Lista Seleccionar la bodega, Usuario enters 'Auditoria' into Input de Tipo de documento, Usuario clicks on input Lista Botón de Tipo de documento, Usuario enters 'División' into Input División, Usuario clicks on Lista Input División, Usuario enters 'Familia Ejemplo' into input Familia, Usuario clicks on Lista Input Familia, Usuario enters 'FIFO' into ítem]]]
[Test worker] WARN net.thucydides.core.steps.BaseStepListener - stepStarted: net.thucydides.core.steps.ExecutedStepDescription@7fe07361
[Test worker] WARN net.thucydides.core.steps.BaseStepListener - stepFinished: current outcome:Proceso Auditoria - Smartstock:Dado que existe una una solicitud de auditoria [Usuario ts abrir pagina [Usuario opens the Ob abrir pagina, Usuario enters 'jhonfquinonesa' into Input para ingresar el usuario, Usuario enters 'Puli0010***' into Input para ingresar la contraseña, Usuario clicks on button para dar ingreso al sitio]], Cuando Crea la orden de de auditoria [Usuario ts proceso auditoria [Usuario clicks on Botón de Proceso de Inventario, Usuario clicks on Botón de Auditoria, Usuario clicks on Botón de + para agregar auditoria, Usuario is crear auditoria01 [Usuario enters 'Bodega Principal' into input Seleccionar la bodega, Usuario clicks on Lista Seleccionar la bodega, Usuario enters 'Auditoria' into Input de Tipo de documento, Usuario clicks on input Lista Botón de Tipo de documento, Usuario enters 'División' into Input División, Usuario clicks on Lista Input División, Usuario enters 'Familia Ejemplo' into input Familia, Usuario clicks on Lista Input Familia, Usuario enters 'FIFO' into ítem, Usuario clicks on Lista ítem]]]
[Test worker] WARN net.thucydides.core.steps.BaseStepListener - stepStarted: net.thucydides.core.steps.ExecutedStepDescription@7455dacb
[Test worker] WARN net.thucydides.core.steps.BaseStepListener - stepFinished: current outcome:Proceso Auditoria - Smartstock:Dado que existe una una solicitud de auditoria [Usuario ts abrir pagina [Usuario opens the Ob abrir pagina, Usuario enters 'jhonfquinonesa' into Input para ingresar el usuario, Usuario enters 'Puli0010***' into Input para ingresar la contraseña, Usuario clicks on button para dar ingreso al sitio]], Cuando Crea la orden de de auditoria [Usuario ts proceso auditoria [Usuario clicks on Botón de Proceso de Inventario, Usuario clicks on Botón de Auditoria, Usuario clicks on Botón de + para agregar auditoria, Usuario is crear auditoria01 [Usuario enters 'Bodega Principal' into input Seleccionar la bodega, Usuario clicks on Lista Seleccionar la bodega, Usuario enters 'Auditoria' into Input de Tipo de documento, Usuario clicks on input Lista Botón de Tipo de documento, Usuario enters 'División' into Input División, Usuario clicks on Lista Input División, Usuario enters 'Familia Ejemplo' into input Familia, Usuario clicks on Lista Input Familia, Usuario enters 'FIFO' into ítem, Usuario clicks on Lista ítem, Usuario clicks on Guardar Auditoria 1]]]
[Test worker] WARN net.thucydides.core.steps.BaseStepListener - stepFinished: current outcome:Proceso Auditoria - Smartstock:Dado que existe una una solicitud de auditoria [Usuario ts abrir pagina [Usuario opens the Ob abrir pagina, Usuario enters 'jhonfquinonesa' into Input para ingresar el usuario, Usuario enters 'Puli0010***' into Input para ingresar la contraseña, Usuario clicks on button para dar ingreso al sitio]], Cuando Crea la orden de de auditoria [Usuario ts proceso auditoria [Usuario clicks on Botón de Proceso de Inventario, Usuario clicks on Botón de Auditoria, Usuario clicks on Botón de + para agregar auditoria, Usuario is crear auditoria01 [Usuario enters 'Bodega Principal' into input Seleccionar la bodega, Usuario clicks on Lista Seleccionar la bodega, Usuario enters 'Auditoria' into Input de Tipo de documento, Usuario clicks on input Lista Botón de Tipo de documento, Usuario enters 'División' into Input División, Usuario clicks on Lista Input División, Usuario enters 'Familia Ejemplo' into input Familia, Usuario clicks on Lista Input Familia, Usuario enters 'FIFO' into ítem, Usuario clicks on Lista ítem, Usuario clicks on Guardar Auditoria 1]]]
[Test worker] WARN net.thucydides.core.steps.BaseStepListener - stepStarted: net.thucydides.core.steps.ExecutedStepDescription@11d4d979
[Test worker] WARN net.thucydides.core.steps.BaseStepListener - stepStarted: net.thucydides.core.steps.ExecutedStepDescription@7c96c85
[Test worker] WARN net.thucydides.core.steps.BaseStepListener - stepFinished: current outcome:Proceso Auditoria - Smartstock:Dado que existe una una solicitud de auditoria [Usuario ts abrir pagina [Usuario opens the Ob abrir pagina, Usuario enters 'jhonfquinonesa' into Input para ingresar el usuario, Usuario enters 'Puli0010***' into Input para ingresar la contraseña, Usuario clicks on button para dar ingreso al sitio]], Cuando Crea la orden de de auditoria [Usuario ts proceso auditoria [Usuario clicks on Botón de Proceso de Inventario, Usuario clicks on Botón de Auditoria, Usuario clicks on Botón de + para agregar auditoria, Usuario is crear auditoria01 [Usuario enters 'Bodega Principal' into input Seleccionar la bodega, Usuario clicks on Lista Seleccionar la bodega, Usuario enters 'Auditoria' into Input de Tipo de documento, Usuario clicks on input Lista Botón de Tipo de documento, Usuario enters 'División' into Input División, Usuario clicks on Lista Input División, Usuario enters 'Familia Ejemplo' into input Familia, Usuario clicks on Lista Input Familia, Usuario enters 'FIFO' into ítem, Usuario clicks on Lista ítem, Usuario clicks on Guardar Auditoria 1], Usuario is gestionar auditoria02 [Usuario enters 'Automotion' into Descripción del conteo]]]
[Test worker] WARN net.thucydides.core.steps.BaseStepListener - stepStarted: net.thucydides.core.steps.ExecutedStepDescription@7a65a360
[Test worker] WARN net.thucydides.core.steps.BaseStepListener - stepFinished: current outcome:Proceso Auditoria - Smartstock:Dado que existe una una solicitud de auditoria [Usuario ts abrir pagina [Usuario opens the Ob abrir pagina, Usuario enters 'jhonfquinonesa' into Input para ingresar el usuario, Usuario enters 'Puli0010***' into Input para ingresar la contraseña, Usuario clicks on button para dar ingreso al sitio]], Cuando Crea la orden de de auditoria [Usuario ts proceso auditoria [Usuario clicks on Botón de Proceso de Inventario, Usuario clicks on Botón de Auditoria, Usuario clicks on Botón de + para agregar auditoria, Usuario is crear auditoria01 [Usuario enters 'Bodega Principal' into input Seleccionar la bodega, Usuario clicks on Lista Seleccionar la bodega, Usuario enters 'Auditoria' into Input de Tipo de documento, Usuario clicks on input Lista Botón de Tipo de documento, Usuario enters 'División' into Input División, Usuario clicks on Lista Input División, Usuario enters 'Familia Ejemplo' into input Familia, Usuario clicks on Lista Input Familia, Usuario enters 'FIFO' into ítem, Usuario clicks on Lista ítem, Usuario clicks on Guardar Auditoria 1], Usuario is gestionar auditoria02 [Usuario enters 'Automotion' into Descripción del conteo, Usuario enters 'QA' into Observación del conteo]]]
[Test worker] WARN net.thucydides.core.steps.BaseStepListener - stepStarted: net.thucydides.core.steps.ExecutedStepDescription@6f731759
[Test worker] WARN net.thucydides.core.steps.BaseStepListener - stepFinished: current outcome:Proceso Auditoria - Smartstock:Dado que existe una una solicitud de auditoria [Usuario ts abrir pagina [Usuario opens the Ob abrir pagina, Usuario enters 'jhonfquinonesa' into Input para ingresar el usuario, Usuario enters 'Puli0010***' into Input para ingresar la contraseña, Usuario clicks on button para dar ingreso al sitio]], Cuando Crea la orden de de auditoria [Usuario ts proceso auditoria [Usuario clicks on Botón de Proceso de Inventario, Usuario clicks on Botón de Auditoria, Usuario clicks on Botón de + para agregar auditoria, Usuario is crear auditoria01 [Usuario enters 'Bodega Principal' into input Seleccionar la bodega, Usuario clicks on Lista Seleccionar la bodega, Usuario enters 'Auditoria' into Input de Tipo de documento, Usuario clicks on input Lista Botón de Tipo de documento, Usuario enters 'División' into Input División, Usuario clicks on Lista Input División, Usuario enters 'Familia Ejemplo' into input Familia, Usuario clicks on Lista Input Familia, Usuario enters 'FIFO' into ítem, Usuario clicks on Lista ítem, Usuario clicks on Guardar Auditoria 1], Usuario is gestionar auditoria02 [Usuario enters 'Automotion' into Descripción del conteo, Usuario enters 'QA' into Observación del conteo, Usuario enters 'Conteo inicial' into Tipo del conteo]]]
[Test worker] WARN net.thucydides.core.steps.BaseStepListener - stepStarted: net.thucydides.core.steps.ExecutedStepDescription@59018eed
[Test worker] WARN net.thucydides.core.steps.BaseStepListener - stepFinished: current outcome:Proceso Auditoria - Smartstock:Dado que existe una una solicitud de auditoria [Usuario ts abrir pagina [Usuario opens the Ob abrir pagina, Usuario enters 'jhonfquinonesa' into Input para ingresar el usuario, Usuario enters 'Puli0010***' into Input para ingresar la contraseña, Usuario clicks on button para dar ingreso al sitio]], Cuando Crea la orden de de auditoria [Usuario ts proceso auditoria [Usuario clicks on Botón de Proceso de Inventario, Usuario clicks on Botón de Auditoria, Usuario clicks on Botón de + para agregar auditoria, Usuario is crear auditoria01 [Usuario enters 'Bodega Principal' into input Seleccionar la bodega, Usuario clicks on Lista Seleccionar la bodega, Usuario enters 'Auditoria' into Input de Tipo de documento, Usuario clicks on input Lista Botón de Tipo de documento, Usuario enters 'División' into Input División, Usuario clicks on Lista Input División, Usuario enters 'Familia Ejemplo' into input Familia, Usuario clicks on Lista Input Familia, Usuario enters 'FIFO' into ítem, Usuario clicks on Lista ítem, Usuario clicks on Guardar Auditoria 1], Usuario is gestionar auditoria02 [Usuario enters 'Automotion' into Descripción del conteo, Usuario enters 'QA' into Observación del conteo, Usuario enters 'Conteo inicial' into Tipo del conteo, Usuario clicks on List Tipo del conteo]]]
[Test worker] WARN net.thucydides.core.steps.BaseStepListener - stepStarted: net.thucydides.core.steps.ExecutedStepDescription@42297bdf
[Test worker] WARN net.thucydides.core.steps.BaseStepListener - stepFinished: current outcome:Proceso Auditoria - Smartstock:Dado que existe una una solicitud de auditoria [Usuario ts abrir pagina [Usuario opens the Ob abrir pagina, Usuario enters 'jhonfquinonesa' into Input para ingresar el usuario, Usuario enters 'Puli0010***' into Input para ingresar la contraseña, Usuario clicks on button para dar ingreso al sitio]], Cuando Crea la orden de de auditoria [Usuario ts proceso auditoria [Usuario clicks on Botón de Proceso de Inventario, Usuario clicks on Botón de Auditoria, Usuario clicks on Botón de + para agregar auditoria, Usuario is crear auditoria01 [Usuario enters 'Bodega Principal' into input Seleccionar la bodega, Usuario clicks on Lista Seleccionar la bodega, Usuario enters 'Auditoria' into Input de Tipo de documento, Usuario clicks on input Lista Botón de Tipo de documento, Usuario enters 'División' into Input División, Usuario clicks on Lista Input División, Usuario enters 'Familia Ejemplo' into input Familia, Usuario clicks on Lista Input Familia, Usuario enters 'FIFO' into ítem, Usuario clicks on Lista ítem, Usuario clicks on Guardar Auditoria 1], Usuario is gestionar auditoria02 [Usuario enters 'Automotion' into Descripción del conteo, Usuario enters 'QA' into Observación del conteo, Usuario enters 'Conteo inicial' into Tipo del conteo, Usuario clicks on List Tipo del conteo, Usuario clicks on Guardar -  conteo]]]
[Test worker] WARN net.thucydides.core.steps.BaseStepListener - stepStarted: net.thucydides.core.steps.ExecutedStepDescription@7d9c45ee
[Test worker] WARN net.thucydides.core.steps.BaseStepListener - stepFinished: current outcome:Proceso Auditoria - Smartstock:Dado que existe una una solicitud de auditoria [Usuario ts abrir pagina [Usuario opens the Ob abrir pagina, Usuario enters 'jhonfquinonesa' into Input para ingresar el usuario, Usuario enters 'Puli0010***' into Input para ingresar la contraseña, Usuario clicks on button para dar ingreso al sitio]], Cuando Crea la orden de de auditoria [Usuario ts proceso auditoria [Usuario clicks on Botón de Proceso de Inventario, Usuario clicks on Botón de Auditoria, Usuario clicks on Botón de + para agregar auditoria, Usuario is crear auditoria01 [Usuario enters 'Bodega Principal' into input Seleccionar la bodega, Usuario clicks on Lista Seleccionar la bodega, Usuario enters 'Auditoria' into Input de Tipo de documento, Usuario clicks on input Lista Botón de Tipo de documento, Usuario enters 'División' into Input División, Usuario clicks on Lista Input División, Usuario enters 'Familia Ejemplo' into input Familia, Usuario clicks on Lista Input Familia, Usuario enters 'FIFO' into ítem, Usuario clicks on Lista ítem, Usuario clicks on Guardar Auditoria 1], Usuario is gestionar auditoria02 [Usuario enters 'Automotion' into Descripción del conteo, Usuario enters 'QA' into Observación del conteo, Usuario enters 'Conteo inicial' into Tipo del conteo, Usuario clicks on List Tipo del conteo, Usuario clicks on Guardar -  conteo, Usuario clicks on Comparar Conteo -  conteo]]]
[Test worker] WARN net.thucydides.core.steps.BaseStepListener - stepStarted: net.thucydides.core.steps.ExecutedStepDescription@2e0fdbe9
[Test worker] WARN net.thucydides.core.steps.BaseStepListener - stepFinished: current outcome:Proceso Auditoria - Smartstock:Dado que existe una una solicitud de auditoria [Usuario ts abrir pagina [Usuario opens the Ob abrir pagina, Usuario enters 'jhonfquinonesa' into Input para ingresar el usuario, Usuario enters 'Puli0010***' into Input para ingresar la contraseña, Usuario clicks on button para dar ingreso al sitio]], Cuando Crea la orden de de auditoria [Usuario ts proceso auditoria [Usuario clicks on Botón de Proceso de Inventario, Usuario clicks on Botón de Auditoria, Usuario clicks on Botón de + para agregar auditoria, Usuario is crear auditoria01 [Usuario enters 'Bodega Principal' into input Seleccionar la bodega, Usuario clicks on Lista Seleccionar la bodega, Usuario enters 'Auditoria' into Input de Tipo de documento, Usuario clicks on input Lista Botón de Tipo de documento, Usuario enters 'División' into Input División, Usuario clicks on Lista Input División, Usuario enters 'Familia Ejemplo' into input Familia, Usuario clicks on Lista Input Familia, Usuario enters 'FIFO' into ítem, Usuario clicks on Lista ítem, Usuario clicks on Guardar Auditoria 1], Usuario is gestionar auditoria02 [Usuario enters 'Automotion' into Descripción del conteo, Usuario enters 'QA' into Observación del conteo, Usuario enters 'Conteo inicial' into Tipo del conteo, Usuario clicks on List Tipo del conteo, Usuario clicks on Guardar -  conteo, Usuario clicks on Comparar Conteo -  conteo, Usuario clicks on Gestionar Conteo -  conteo]]]
[Test worker] WARN net.thucydides.core.steps.BaseStepListener - stepStarted: net.thucydides.core.steps.ExecutedStepDescription@8c43966
[Test worker] WARN net.thucydides.core.steps.BaseStepListener - stepFinished: current outcome:Proceso Auditoria - Smartstock:Dado que existe una una solicitud de auditoria [Usuario ts abrir pagina [Usuario opens the Ob abrir pagina, Usuario enters 'jhonfquinonesa' into Input para ingresar el usuario, Usuario enters 'Puli0010***' into Input para ingresar la contraseña, Usuario clicks on button para dar ingreso al sitio]], Cuando Crea la orden de de auditoria [Usuario ts proceso auditoria [Usuario clicks on Botón de Proceso de Inventario, Usuario clicks on Botón de Auditoria, Usuario clicks on Botón de + para agregar auditoria, Usuario is crear auditoria01 [Usuario enters 'Bodega Principal' into input Seleccionar la bodega, Usuario clicks on Lista Seleccionar la bodega, Usuario enters 'Auditoria' into Input de Tipo de documento, Usuario clicks on input Lista Botón de Tipo de documento, Usuario enters 'División' into Input División, Usuario clicks on Lista Input División, Usuario enters 'Familia Ejemplo' into input Familia, Usuario clicks on Lista Input Familia, Usuario enters 'FIFO' into ítem, Usuario clicks on Lista ítem, Usuario clicks on Guardar Auditoria 1], Usuario is gestionar auditoria02 [Usuario enters 'Automotion' into Descripción del conteo, Usuario enters 'QA' into Observación del conteo, Usuario enters 'Conteo inicial' into Tipo del conteo, Usuario clicks on List Tipo del conteo, Usuario clicks on Guardar -  conteo, Usuario clicks on Comparar Conteo -  conteo, Usuario clicks on Gestionar Conteo -  conteo, Usuario enters '54' into Ingresar la cantidad del conteo que se obtuvo  Gestionar Conteo -  conteo]]]
[Test worker] WARN net.thucydides.core.steps.BaseStepListener - stepStarted: net.thucydides.core.steps.ExecutedStepDescription@570a62a5
[Test worker] WARN net.thucydides.core.steps.BaseStepListener - stepFinished: current outcome:Proceso Auditoria - Smartstock:Dado que existe una una solicitud de auditoria [Usuario ts abrir pagina [Usuario opens the Ob abrir pagina, Usuario enters 'jhonfquinonesa' into Input para ingresar el usuario, Usuario enters 'Puli0010***' into Input para ingresar la contraseña, Usuario clicks on button para dar ingreso al sitio]], Cuando Crea la orden de de auditoria [Usuario ts proceso auditoria [Usuario clicks on Botón de Proceso de Inventario, Usuario clicks on Botón de Auditoria, Usuario clicks on Botón de + para agregar auditoria, Usuario is crear auditoria01 [Usuario enters 'Bodega Principal' into input Seleccionar la bodega, Usuario clicks on Lista Seleccionar la bodega, Usuario enters 'Auditoria' into Input de Tipo de documento, Usuario clicks on input Lista Botón de Tipo de documento, Usuario enters 'División' into Input División, Usuario clicks on Lista Input División, Usuario enters 'Familia Ejemplo' into input Familia, Usuario clicks on Lista Input Familia, Usuario enters 'FIFO' into ítem, Usuario clicks on Lista ítem, Usuario clicks on Guardar Auditoria 1], Usuario is gestionar auditoria02 [Usuario enters 'Automotion' into Descripción del conteo, Usuario enters 'QA' into Observación del conteo, Usuario enters 'Conteo inicial' into Tipo del conteo, Usuario clicks on List Tipo del conteo, Usuario clicks on Guardar -  conteo, Usuario clicks on Comparar Conteo -  conteo, Usuario clicks on Gestionar Conteo -  conteo, Usuario enters '54' into Ingresar la cantidad del conteo que se obtuvo  Gestionar Conteo -  conteo, Usuario clicks on Agregar la cantidad del conteo que se obtuvo  Gestionar Conteo -  conteo]]]
[Test worker] WARN net.thucydides.core.steps.BaseStepListener - stepStarted: net.thucydides.core.steps.ExecutedStepDescription@5e905f2c
[Test worker] WARN net.thucydides.core.steps.BaseStepListener - stepFinished: current outcome:Proceso Auditoria - Smartstock:Dado que existe una una solicitud de auditoria [Usuario ts abrir pagina [Usuario opens the Ob abrir pagina, Usuario enters 'jhonfquinonesa' into Input para ingresar el usuario, Usuario enters 'Puli0010***' into Input para ingresar la contraseña, Usuario clicks on button para dar ingreso al sitio]], Cuando Crea la orden de de auditoria [Usuario ts proceso auditoria [Usuario clicks on Botón de Proceso de Inventario, Usuario clicks on Botón de Auditoria, Usuario clicks on Botón de + para agregar auditoria, Usuario is crear auditoria01 [Usuario enters 'Bodega Principal' into input Seleccionar la bodega, Usuario clicks on Lista Seleccionar la bodega, Usuario enters 'Auditoria' into Input de Tipo de documento, Usuario clicks on input Lista Botón de Tipo de documento, Usuario enters 'División' into Input División, Usuario clicks on Lista Input División, Usuario enters 'Familia Ejemplo' into input Familia, Usuario clicks on Lista Input Familia, Usuario enters 'FIFO' into ítem, Usuario clicks on Lista ítem, Usuario clicks on Guardar Auditoria 1], Usuario is gestionar auditoria02 [Usuario enters 'Automotion' into Descripción del conteo, Usuario enters 'QA' into Observación del conteo, Usuario enters 'Conteo inicial' into Tipo del conteo, Usuario clicks on List Tipo del conteo, Usuario clicks on Guardar -  conteo, Usuario clicks on Comparar Conteo -  conteo, Usuario clicks on Gestionar Conteo -  conteo, Usuario enters '54' into Ingresar la cantidad del conteo que se obtuvo  Gestionar Conteo -  conteo, Usuario clicks on Agregar la cantidad del conteo que se obtuvo  Gestionar Conteo -  conteo, Usuario enters 'Automotion2' into Descripción del conteo]]]
[Test worker] WARN net.thucydides.core.steps.BaseStepListener - stepStarted: net.thucydides.core.steps.ExecutedStepDescription@36c07c75
[Test worker] WARN net.thucydides.core.steps.BaseStepListener - stepFinished: current outcome:Proceso Auditoria - Smartstock:Dado que existe una una solicitud de auditoria [Usuario ts abrir pagina [Usuario opens the Ob abrir pagina, Usuario enters 'jhonfquinonesa' into Input para ingresar el usuario, Usuario enters 'Puli0010***' into Input para ingresar la contraseña, Usuario clicks on button para dar ingreso al sitio]], Cuando Crea la orden de de auditoria [Usuario ts proceso auditoria [Usuario clicks on Botón de Proceso de Inventario, Usuario clicks on Botón de Auditoria, Usuario clicks on Botón de + para agregar auditoria, Usuario is crear auditoria01 [Usuario enters 'Bodega Principal' into input Seleccionar la bodega, Usuario clicks on Lista Seleccionar la bodega, Usuario enters 'Auditoria' into Input de Tipo de documento, Usuario clicks on input Lista Botón de Tipo de documento, Usuario enters 'División' into Input División, Usuario clicks on Lista Input División, Usuario enters 'Familia Ejemplo' into input Familia, Usuario clicks on Lista Input Familia, Usuario enters 'FIFO' into ítem, Usuario clicks on Lista ítem, Usuario clicks on Guardar Auditoria 1], Usuario is gestionar auditoria02 [Usuario enters 'Automotion' into Descripción del conteo, Usuario enters 'QA' into Observación del conteo, Usuario enters 'Conteo inicial' into Tipo del conteo, Usuario clicks on List Tipo del conteo, Usuario clicks on Guardar -  conteo, Usuario clicks on Comparar Conteo -  conteo, Usuario clicks on Gestionar Conteo -  conteo, Usuario enters '54' into Ingresar la cantidad del conteo que se obtuvo  Gestionar Conteo -  conteo, Usuario clicks on Agregar la cantidad del conteo que se obtuvo  Gestionar Conteo -  conteo, Usuario enters 'Automotion2' into Descripción del conteo, Usuario enters 'QA2' into Observación del conteo]]]
[Test worker] WARN net.thucydides.core.steps.BaseStepListener - stepStarted: net.thucydides.core.steps.ExecutedStepDescription@28ee882c
[Test worker] WARN net.thucydides.core.steps.BaseStepListener - stepFinished: current outcome:Proceso Auditoria - Smartstock:Dado que existe una una solicitud de auditoria [Usuario ts abrir pagina [Usuario opens the Ob abrir pagina, Usuario enters 'jhonfquinonesa' into Input para ingresar el usuario, Usuario enters 'Puli0010***' into Input para ingresar la contraseña, Usuario clicks on button para dar ingreso al sitio]], Cuando Crea la orden de de auditoria [Usuario ts proceso auditoria [Usuario clicks on Botón de Proceso de Inventario, Usuario clicks on Botón de Auditoria, Usuario clicks on Botón de + para agregar auditoria, Usuario is crear auditoria01 [Usuario enters 'Bodega Principal' into input Seleccionar la bodega, Usuario clicks on Lista Seleccionar la bodega, Usuario enters 'Auditoria' into Input de Tipo de documento, Usuario clicks on input Lista Botón de Tipo de documento, Usuario enters 'División' into Input División, Usuario clicks on Lista Input División, Usuario enters 'Familia Ejemplo' into input Familia, Usuario clicks on Lista Input Familia, Usuario enters 'FIFO' into ítem, Usuario clicks on Lista ítem, Usuario clicks on Guardar Auditoria 1], Usuario is gestionar auditoria02 [Usuario enters 'Automotion' into Descripción del conteo, Usuario enters 'QA' into Observación del conteo, Usuario enters 'Conteo inicial' into Tipo del conteo, Usuario clicks on List Tipo del conteo, Usuario clicks on Guardar -  conteo, Usuario clicks on Comparar Conteo -  conteo, Usuario clicks on Gestionar Conteo -  conteo, Usuario enters '54' into Ingresar la cantidad del conteo que se obtuvo  Gestionar Conteo -  conteo, Usuario clicks on Agregar la cantidad del conteo que se obtuvo  Gestionar Conteo -  conteo, Usuario enters 'Automotion2' into Descripción del conteo, Usuario enters 'QA2' into Observación del conteo, Usuario enters 'Conteo inicial' into Tipo del conteo]]]
[Test worker] WARN net.thucydides.core.steps.BaseStepListener - stepStarted: net.thucydides.core.steps.ExecutedStepDescription@68dfda77
[Test worker] WARN net.thucydides.core.steps.BaseStepListener - stepFinished: current outcome:Proceso Auditoria - Smartstock:Dado que existe una una solicitud de auditoria [Usuario ts abrir pagina [Usuario opens the Ob abrir pagina, Usuario enters 'jhonfquinonesa' into Input para ingresar el usuario, Usuario enters 'Puli0010***' into Input para ingresar la contraseña, Usuario clicks on button para dar ingreso al sitio]], Cuando Crea la orden de de auditoria [Usuario ts proceso auditoria [Usuario clicks on Botón de Proceso de Inventario, Usuario clicks on Botón de Auditoria, Usuario clicks on Botón de + para agregar auditoria, Usuario is crear auditoria01 [Usuario enters 'Bodega Principal' into input Seleccionar la bodega, Usuario clicks on Lista Seleccionar la bodega, Usuario enters 'Auditoria' into Input de Tipo de documento, Usuario clicks on input Lista Botón de Tipo de documento, Usuario enters 'División' into Input División, Usuario clicks on Lista Input División, Usuario enters 'Familia Ejemplo' into input Familia, Usuario clicks on Lista Input Familia, Usuario enters 'FIFO' into ítem, Usuario clicks on Lista ítem, Usuario clicks on Guardar Auditoria 1], Usuario is gestionar auditoria02 [Usuario enters 'Automotion' into Descripción del conteo, Usuario enters 'QA' into Observación del conteo, Usuario enters 'Conteo inicial' into Tipo del conteo, Usuario clicks on List Tipo del conteo, Usuario clicks on Guardar -  conteo, Usuario clicks on Comparar Conteo -  conteo, Usuario clicks on Gestionar Conteo -  conteo, Usuario enters '54' into Ingresar la cantidad del conteo que se obtuvo  Gestionar Conteo -  conteo, Usuario clicks on Agregar la cantidad del conteo que se obtuvo  Gestionar Conteo -  conteo, Usuario enters 'Automotion2' into Descripción del conteo, Usuario enters 'QA2' into Observación del conteo, Usuario enters 'Conteo inicial' into Tipo del conteo, Usuario clicks on List Tipo del conteo]]]
[Test worker] WARN net.thucydides.core.steps.BaseStepListener - stepStarted: net.thucydides.core.steps.ExecutedStepDescription@2d4a3e13
[Test worker] WARN net.thucydides.core.steps.BaseStepListener - stepFinished: current outcome:Proceso Auditoria - Smartstock:Dado que existe una una solicitud de auditoria [Usuario ts abrir pagina [Usuario opens the Ob abrir pagina, Usuario enters 'jhonfquinonesa' into Input para ingresar el usuario, Usuario enters 'Puli0010***' into Input para ingresar la contraseña, Usuario clicks on button para dar ingreso al sitio]], Cuando Crea la orden de de auditoria [Usuario ts proceso auditoria [Usuario clicks on Botón de Proceso de Inventario, Usuario clicks on Botón de Auditoria, Usuario clicks on Botón de + para agregar auditoria, Usuario is crear auditoria01 [Usuario enters 'Bodega Principal' into input Seleccionar la bodega, Usuario clicks on Lista Seleccionar la bodega, Usuario enters 'Auditoria' into Input de Tipo de documento, Usuario clicks on input Lista Botón de Tipo de documento, Usuario enters 'División' into Input División, Usuario clicks on Lista Input División, Usuario enters 'Familia Ejemplo' into input Familia, Usuario clicks on Lista Input Familia, Usuario enters 'FIFO' into ítem, Usuario clicks on Lista ítem, Usuario clicks on Guardar Auditoria 1], Usuario is gestionar auditoria02 [Usuario enters 'Automotion' into Descripción del conteo, Usuario enters 'QA' into Observación del conteo, Usuario enters 'Conteo inicial' into Tipo del conteo, Usuario clicks on List Tipo del conteo, Usuario clicks on Guardar -  conteo, Usuario clicks on Comparar Conteo -  conteo, Usuario clicks on Gestionar Conteo -  conteo, Usuario enters '54' into Ingresar la cantidad del conteo que se obtuvo  Gestionar Conteo -  conteo, Usuario clicks on Agregar la cantidad del conteo que se obtuvo  Gestionar Conteo -  conteo, Usuario enters 'Automotion2' into Descripción del conteo, Usuario enters 'QA2' into Observación del conteo, Usuario enters 'Conteo inicial' into Tipo del conteo, Usuario clicks on List Tipo del conteo, Usuario clicks on Guardar -  conteo]]]
[Test worker] WARN net.thucydides.core.steps.BaseStepListener - stepStarted: net.thucydides.core.steps.ExecutedStepDescription@2017f6e6
[Test worker] WARN net.thucydides.core.steps.BaseStepListener - stepFinished: current outcome:Proceso Auditoria - Smartstock:Dado que existe una una solicitud de auditoria [Usuario ts abrir pagina [Usuario opens the Ob abrir pagina, Usuario enters 'jhonfquinonesa' into Input para ingresar el usuario, Usuario enters 'Puli0010***' into Input para ingresar la contraseña, Usuario clicks on button para dar ingreso al sitio]], Cuando Crea la orden de de auditoria [Usuario ts proceso auditoria [Usuario clicks on Botón de Proceso de Inventario, Usuario clicks on Botón de Auditoria, Usuario clicks on Botón de + para agregar auditoria, Usuario is crear auditoria01 [Usuario enters 'Bodega Principal' into input Seleccionar la bodega, Usuario clicks on Lista Seleccionar la bodega, Usuario enters 'Auditoria' into Input de Tipo de documento, Usuario clicks on input Lista Botón de Tipo de documento, Usuario enters 'División' into Input División, Usuario clicks on Lista Input División, Usuario enters 'Familia Ejemplo' into input Familia, Usuario clicks on Lista Input Familia, Usuario enters 'FIFO' into ítem, Usuario clicks on Lista ítem, Usuario clicks on Guardar Auditoria 1], Usuario is gestionar auditoria02 [Usuario enters 'Automotion' into Descripción del conteo, Usuario enters 'QA' into Observación del conteo, Usuario enters 'Conteo inicial' into Tipo del conteo, Usuario clicks on List Tipo del conteo, Usuario clicks on Guardar -  conteo, Usuario clicks on Comparar Conteo -  conteo, Usuario clicks on Gestionar Conteo -  conteo, Usuario enters '54' into Ingresar la cantidad del conteo que se obtuvo  Gestionar Conteo -  conteo, Usuario clicks on Agregar la cantidad del conteo que se obtuvo  Gestionar Conteo -  conteo, Usuario enters 'Automotion2' into Descripción del conteo, Usuario enters 'QA2' into Observación del conteo, Usuario enters 'Conteo inicial' into Tipo del conteo, Usuario clicks on List Tipo del conteo, Usuario clicks on Guardar -  conteo, Usuario clicks on Gestionar Conteo -  conteo]]]
[Test worker] WARN net.thucydides.core.steps.BaseStepListener - stepStarted: net.thucydides.core.steps.ExecutedStepDescription@19fbc594
[Test worker] WARN net.thucydides.core.steps.BaseStepListener - stepFinished: current outcome:Proceso Auditoria - Smartstock:Dado que existe una una solicitud de auditoria [Usuario ts abrir pagina [Usuario opens the Ob abrir pagina, Usuario enters 'jhonfquinonesa' into Input para ingresar el usuario, Usuario enters 'Puli0010***' into Input para ingresar la contraseña, Usuario clicks on button para dar ingreso al sitio]], Cuando Crea la orden de de auditoria [Usuario ts proceso auditoria [Usuario clicks on Botón de Proceso de Inventario, Usuario clicks on Botón de Auditoria, Usuario clicks on Botón de + para agregar auditoria, Usuario is crear auditoria01 [Usuario enters 'Bodega Principal' into input Seleccionar la bodega, Usuario clicks on Lista Seleccionar la bodega, Usuario enters 'Auditoria' into Input de Tipo de documento, Usuario clicks on input Lista Botón de Tipo de documento, Usuario enters 'División' into Input División, Usuario clicks on Lista Input División, Usuario enters 'Familia Ejemplo' into input Familia, Usuario clicks on Lista Input Familia, Usuario enters 'FIFO' into ítem, Usuario clicks on Lista ítem, Usuario clicks on Guardar Auditoria 1], Usuario is gestionar auditoria02 [Usuario enters 'Automotion' into Descripción del conteo, Usuario enters 'QA' into Observación del conteo, Usuario enters 'Conteo inicial' into Tipo del conteo, Usuario clicks on List Tipo del conteo, Usuario clicks on Guardar -  conteo, Usuario clicks on Comparar Conteo -  conteo, Usuario clicks on Gestionar Conteo -  conteo, Usuario enters '54' into Ingresar la cantidad del conteo que se obtuvo  Gestionar Conteo -  conteo, Usuario clicks on Agregar la cantidad del conteo que se obtuvo  Gestionar Conteo -  conteo, Usuario enters 'Automotion2' into Descripción del conteo, Usuario enters 'QA2' into Observación del conteo, Usuario enters 'Conteo inicial' into Tipo del conteo, Usuario clicks on List Tipo del conteo, Usuario clicks on Guardar -  conteo, Usuario clicks on Gestionar Conteo -  conteo, Usuario enters '54' into Ingresar la cantidad del conteo que se obtuvo  Gestionar Conteo -  conteo]]]
[Test worker] WARN net.thucydides.core.steps.BaseStepListener - stepStarted: net.thucydides.core.steps.ExecutedStepDescription@795b66d
[Test worker] WARN net.thucydides.core.steps.BaseStepListener - stepFinished: current outcome:Proceso Auditoria - Smartstock:Dado que existe una una solicitud de auditoria [Usuario ts abrir pagina [Usuario opens the Ob abrir pagina, Usuario enters 'jhonfquinonesa' into Input para ingresar el usuario, Usuario enters 'Puli0010***' into Input para ingresar la contraseña, Usuario clicks on button para dar ingreso al sitio]], Cuando Crea la orden de de auditoria [Usuario ts proceso auditoria [Usuario clicks on Botón de Proceso de Inventario, Usuario clicks on Botón de Auditoria, Usuario clicks on Botón de + para agregar auditoria, Usuario is crear auditoria01 [Usuario enters 'Bodega Principal' into input Seleccionar la bodega, Usuario clicks on Lista Seleccionar la bodega, Usuario enters 'Auditoria' into Input de Tipo de documento, Usuario clicks on input Lista Botón de Tipo de documento, Usuario enters 'División' into Input División, Usuario clicks on Lista Input División, Usuario enters 'Familia Ejemplo' into input Familia, Usuario clicks on Lista Input Familia, Usuario enters 'FIFO' into ítem, Usuario clicks on Lista ítem, Usuario clicks on Guardar Auditoria 1], Usuario is gestionar auditoria02 [Usuario enters 'Automotion' into Descripción del conteo, Usuario enters 'QA' into Observación del conteo, Usuario enters 'Conteo inicial' into Tipo del conteo, Usuario clicks on List Tipo del conteo, Usuario clicks on Guardar -  conteo, Usuario clicks on Comparar Conteo -  conteo, Usuario clicks on Gestionar Conteo -  conteo, Usuario enters '54' into Ingresar la cantidad del conteo que se obtuvo  Gestionar Conteo -  conteo, Usuario clicks on Agregar la cantidad del conteo que se obtuvo  Gestionar Conteo -  conteo, Usuario enters 'Automotion2' into Descripción del conteo, Usuario enters 'QA2' into Observación del conteo, Usuario enters 'Conteo inicial' into Tipo del conteo, Usuario clicks on List Tipo del conteo, Usuario clicks on Guardar -  conteo, Usuario clicks on Gestionar Conteo -  conteo, Usuario enters '54' into Ingresar la cantidad del conteo que se obtuvo  Gestionar Conteo -  conteo, Usuario clicks on Agregar la cantidad del conteo que se obtuvo  Gestionar Conteo -  conteo]]]
[Test worker] WARN net.thucydides.core.steps.BaseStepListener - stepStarted: net.thucydides.core.steps.ExecutedStepDescription@722531ab
[Test worker] WARN net.thucydides.core.steps.BaseStepListener - stepFinished: current outcome:Proceso Auditoria - Smartstock:Dado que existe una una solicitud de auditoria [Usuario ts abrir pagina [Usuario opens the Ob abrir pagina, Usuario enters 'jhonfquinonesa' into Input para ingresar el usuario, Usuario enters 'Puli0010***' into Input para ingresar la contraseña, Usuario clicks on button para dar ingreso al sitio]], Cuando Crea la orden de de auditoria [Usuario ts proceso auditoria [Usuario clicks on Botón de Proceso de Inventario, Usuario clicks on Botón de Auditoria, Usuario clicks on Botón de + para agregar auditoria, Usuario is crear auditoria01 [Usuario enters 'Bodega Principal' into input Seleccionar la bodega, Usuario clicks on Lista Seleccionar la bodega, Usuario enters 'Auditoria' into Input de Tipo de documento, Usuario clicks on input Lista Botón de Tipo de documento, Usuario enters 'División' into Input División, Usuario clicks on Lista Input División, Usuario enters 'Familia Ejemplo' into input Familia, Usuario clicks on Lista Input Familia, Usuario enters 'FIFO' into ítem, Usuario clicks on Lista ítem, Usuario clicks on Guardar Auditoria 1], Usuario is gestionar auditoria02 [Usuario enters 'Automotion' into Descripción del conteo, Usuario enters 'QA' into Observación del conteo, Usuario enters 'Conteo inicial' into Tipo del conteo, Usuario clicks on List Tipo del conteo, Usuario clicks on Guardar -  conteo, Usuario clicks on Comparar Conteo -  conteo, Usuario clicks on Gestionar Conteo -  conteo, Usuario enters '54' into Ingresar la cantidad del conteo que se obtuvo  Gestionar Conteo -  conteo, Usuario clicks on Agregar la cantidad del conteo que se obtuvo  Gestionar Conteo -  conteo, Usuario enters 'Automotion2' into Descripción del conteo, Usuario enters 'QA2' into Observación del conteo, Usuario enters 'Conteo inicial' into Tipo del conteo, Usuario clicks on List Tipo del conteo, Usuario clicks on Guardar -  conteo, Usuario clicks on Gestionar Conteo -  conteo, Usuario enters '54' into Ingresar la cantidad del conteo que se obtuvo  Gestionar Conteo -  conteo, Usuario clicks on Agregar la cantidad del conteo que se obtuvo  Gestionar Conteo -  conteo, Usuario clicks on Comparar Conteo -  conteo]]]
[Test worker] WARN net.thucydides.core.steps.BaseStepListener - stepStarted: net.thucydides.core.steps.ExecutedStepDescription@7a358613
[Test worker] WARN net.thucydides.core.steps.BaseStepListener - stepFinished: current outcome:Proceso Auditoria - Smartstock:Dado que existe una una solicitud de auditoria [Usuario ts abrir pagina [Usuario opens the Ob abrir pagina, Usuario enters 'jhonfquinonesa' into Input para ingresar el usuario, Usuario enters 'Puli0010***' into Input para ingresar la contraseña, Usuario clicks on button para dar ingreso al sitio]], Cuando Crea la orden de de auditoria [Usuario ts proceso auditoria [Usuario clicks on Botón de Proceso de Inventario, Usuario clicks on Botón de Auditoria, Usuario clicks on Botón de + para agregar auditoria, Usuario is crear auditoria01 [Usuario enters 'Bodega Principal' into input Seleccionar la bodega, Usuario clicks on Lista Seleccionar la bodega, Usuario enters 'Auditoria' into Input de Tipo de documento, Usuario clicks on input Lista Botón de Tipo de documento, Usuario enters 'División' into Input División, Usuario clicks on Lista Input División, Usuario enters 'Familia Ejemplo' into input Familia, Usuario clicks on Lista Input Familia, Usuario enters 'FIFO' into ítem, Usuario clicks on Lista ítem, Usuario clicks on Guardar Auditoria 1], Usuario is gestionar auditoria02 [Usuario enters 'Automotion' into Descripción del conteo, Usuario enters 'QA' into Observación del conteo, Usuario enters 'Conteo inicial' into Tipo del conteo, Usuario clicks on List Tipo del conteo, Usuario clicks on Guardar -  conteo, Usuario clicks on Comparar Conteo -  conteo, Usuario clicks on Gestionar Conteo -  conteo, Usuario enters '54' into Ingresar la cantidad del conteo que se obtuvo  Gestionar Conteo -  conteo, Usuario clicks on Agregar la cantidad del conteo que se obtuvo  Gestionar Conteo -  conteo, Usuario enters 'Automotion2' into Descripción del conteo, Usuario enters 'QA2' into Observación del conteo, Usuario enters 'Conteo inicial' into Tipo del conteo, Usuario clicks on List Tipo del conteo, Usuario clicks on Guardar -  conteo, Usuario clicks on Gestionar Conteo -  conteo, Usuario enters '54' into Ingresar la cantidad del conteo que se obtuvo  Gestionar Conteo -  conteo, Usuario clicks on Agregar la cantidad del conteo que se obtuvo  Gestionar Conteo -  conteo, Usuario clicks on Comparar Conteo -  conteo, Usuario clicks on Input Conteo a comparar]]]
[Test worker] WARN net.thucydides.core.steps.BaseStepListener - stepStarted: net.thucydides.core.steps.ExecutedStepDescription@27ffd9f8
[Test worker] WARN net.thucydides.core.steps.BaseStepListener - stepFinished: current outcome:Proceso Auditoria - Smartstock:Dado que existe una una solicitud de auditoria [Usuario ts abrir pagina [Usuario opens the Ob abrir pagina, Usuario enters 'jhonfquinonesa' into Input para ingresar el usuario, Usuario enters 'Puli0010***' into Input para ingresar la contraseña, Usuario clicks on button para dar ingreso al sitio]], Cuando Crea la orden de de auditoria [Usuario ts proceso auditoria [Usuario clicks on Botón de Proceso de Inventario, Usuario clicks on Botón de Auditoria, Usuario clicks on Botón de + para agregar auditoria, Usuario is crear auditoria01 [Usuario enters 'Bodega Principal' into input Seleccionar la bodega, Usuario clicks on Lista Seleccionar la bodega, Usuario enters 'Auditoria' into Input de Tipo de documento, Usuario clicks on input Lista Botón de Tipo de documento, Usuario enters 'División' into Input División, Usuario clicks on Lista Input División, Usuario enters 'Familia Ejemplo' into input Familia, Usuario clicks on Lista Input Familia, Usuario enters 'FIFO' into ítem, Usuario clicks on Lista ítem, Usuario clicks on Guardar Auditoria 1], Usuario is gestionar auditoria02 [Usuario enters 'Automotion' into Descripción del conteo, Usuario enters 'QA' into Observación del conteo, Usuario enters 'Conteo inicial' into Tipo del conteo, Usuario clicks on List Tipo del conteo, Usuario clicks on Guardar -  conteo, Usuario clicks on Comparar Conteo -  conteo, Usuario clicks on Gestionar Conteo -  conteo, Usuario enters '54' into Ingresar la cantidad del conteo que se obtuvo  Gestionar Conteo -  conteo, Usuario clicks on Agregar la cantidad del conteo que se obtuvo  Gestionar Conteo -  conteo, Usuario enters 'Automotion2' into Descripción del conteo, Usuario enters 'QA2' into Observación del conteo, Usuario enters 'Conteo inicial' into Tipo del conteo, Usuario clicks on List Tipo del conteo, Usuario clicks on Guardar -  conteo, Usuario clicks on Gestionar Conteo -  conteo, Usuario enters '54' into Ingresar la cantidad del conteo que se obtuvo  Gestionar Conteo -  conteo, Usuario clicks on Agregar la cantidad del conteo que se obtuvo  Gestionar Conteo -  conteo, Usuario clicks on Comparar Conteo -  conteo, Usuario clicks on Input Conteo a comparar, Usuario clicks on Comparar conteos]]]
[Test worker] WARN net.thucydides.core.steps.BaseStepListener - stepStarted: net.thucydides.core.steps.ExecutedStepDescription@7bf018dd
[Test worker] WARN net.thucydides.core.steps.BaseStepListener - stepFinished: current outcome:Proceso Auditoria - Smartstock:Dado que existe una una solicitud de auditoria [Usuario ts abrir pagina [Usuario opens the Ob abrir pagina, Usuario enters 'jhonfquinonesa' into Input para ingresar el usuario, Usuario enters 'Puli0010***' into Input para ingresar la contraseña, Usuario clicks on button para dar ingreso al sitio]], Cuando Crea la orden de de auditoria [Usuario ts proceso auditoria [Usuario clicks on Botón de Proceso de Inventario, Usuario clicks on Botón de Auditoria, Usuario clicks on Botón de + para agregar auditoria, Usuario is crear auditoria01 [Usuario enters 'Bodega Principal' into input Seleccionar la bodega, Usuario clicks on Lista Seleccionar la bodega, Usuario enters 'Auditoria' into Input de Tipo de documento, Usuario clicks on input Lista Botón de Tipo de documento, Usuario enters 'División' into Input División, Usuario clicks on Lista Input División, Usuario enters 'Familia Ejemplo' into input Familia, Usuario clicks on Lista Input Familia, Usuario enters 'FIFO' into ítem, Usuario clicks on Lista ítem, Usuario clicks on Guardar Auditoria 1], Usuario is gestionar auditoria02 [Usuario enters 'Automotion' into Descripción del conteo, Usuario enters 'QA' into Observación del conteo, Usuario enters 'Conteo inicial' into Tipo del conteo, Usuario clicks on List Tipo del conteo, Usuario clicks on Guardar -  conteo, Usuario clicks on Comparar Conteo -  conteo, Usuario clicks on Gestionar Conteo -  conteo, Usuario enters '54' into Ingresar la cantidad del conteo que se obtuvo  Gestionar Conteo -  conteo, Usuario clicks on Agregar la cantidad del conteo que se obtuvo  Gestionar Conteo -  conteo, Usuario enters 'Automotion2' into Descripción del conteo, Usuario enters 'QA2' into Observación del conteo, Usuario enters 'Conteo inicial' into Tipo del conteo, Usuario clicks on List Tipo del conteo, Usuario clicks on Guardar -  conteo, Usuario clicks on Gestionar Conteo -  conteo, Usuario enters '54' into Ingresar la cantidad del conteo que se obtuvo  Gestionar Conteo -  conteo, Usuario clicks on Agregar la cantidad del conteo que se obtuvo  Gestionar Conteo -  conteo, Usuario clicks on Comparar Conteo -  conteo, Usuario clicks on Input Conteo a comparar, Usuario clicks on Comparar conteos, Usuario clicks on Agregar la cantidad del conteo que se obtuvo  Gestionar Conteo -  conteo]]]
[Test worker] WARN net.thucydides.core.steps.BaseStepListener - stepStarted: net.thucydides.core.steps.ExecutedStepDescription@ee96866
[Test worker] WARN net.thucydides.core.steps.BaseStepListener - stepFinished: current outcome:Proceso Auditoria - Smartstock:Dado que existe una una solicitud de auditoria [Usuario ts abrir pagina [Usuario opens the Ob abrir pagina, Usuario enters 'jhonfquinonesa' into Input para ingresar el usuario, Usuario enters 'Puli0010***' into Input para ingresar la contraseña, Usuario clicks on button para dar ingreso al sitio]], Cuando Crea la orden de de auditoria [Usuario ts proceso auditoria [Usuario clicks on Botón de Proceso de Inventario, Usuario clicks on Botón de Auditoria, Usuario clicks on Botón de + para agregar auditoria, Usuario is crear auditoria01 [Usuario enters 'Bodega Principal' into input Seleccionar la bodega, Usuario clicks on Lista Seleccionar la bodega, Usuario enters 'Auditoria' into Input de Tipo de documento, Usuario clicks on input Lista Botón de Tipo de documento, Usuario enters 'División' into Input División, Usuario clicks on Lista Input División, Usuario enters 'Familia Ejemplo' into input Familia, Usuario clicks on Lista Input Familia, Usuario enters 'FIFO' into ítem, Usuario clicks on Lista ítem, Usuario clicks on Guardar Auditoria 1], Usuario is gestionar auditoria02 [Usuario enters 'Automotion' into Descripción del conteo, Usuario enters 'QA' into Observación del conteo, Usuario enters 'Conteo inicial' into Tipo del conteo, Usuario clicks on List Tipo del conteo, Usuario clicks on Guardar -  conteo, Usuario clicks on Comparar Conteo -  conteo, Usuario clicks on Gestionar Conteo -  conteo, Usuario enters '54' into Ingresar la cantidad del conteo que se obtuvo  Gestionar Conteo -  conteo, Usuario clicks on Agregar la cantidad del conteo que se obtuvo  Gestionar Conteo -  conteo, Usuario enters 'Automotion2' into Descripción del conteo, Usuario enters 'QA2' into Observación del conteo, Usuario enters 'Conteo inicial' into Tipo del conteo, Usuario clicks on List Tipo del conteo, Usuario clicks on Guardar -  conteo, Usuario clicks on Gestionar Conteo -  conteo, Usuario enters '54' into Ingresar la cantidad del conteo que se obtuvo  Gestionar Conteo -  conteo, Usuario clicks on Agregar la cantidad del conteo que se obtuvo  Gestionar Conteo -  conteo, Usuario clicks on Comparar Conteo -  conteo, Usuario clicks on Input Conteo a comparar, Usuario clicks on Comparar conteos, Usuario clicks on Agregar la cantidad del conteo que se obtuvo  Gestionar Conteo -  conteo, Usuario clicks on Cerrar la venta de comparación de conteos]]]
[Test worker] WARN net.thucydides.core.steps.BaseStepListener - stepStarted: net.thucydides.core.steps.ExecutedStepDescription@1e721583
[Test worker] WARN net.thucydides.core.steps.BaseStepListener - stepFinished: current outcome:Proceso Auditoria - Smartstock:Dado que existe una una solicitud de auditoria [Usuario ts abrir pagina [Usuario opens the Ob abrir pagina, Usuario enters 'jhonfquinonesa' into Input para ingresar el usuario, Usuario enters 'Puli0010***' into Input para ingresar la contraseña, Usuario clicks on button para dar ingreso al sitio]], Cuando Crea la orden de de auditoria [Usuario ts proceso auditoria [Usuario clicks on Botón de Proceso de Inventario, Usuario clicks on Botón de Auditoria, Usuario clicks on Botón de + para agregar auditoria, Usuario is crear auditoria01 [Usuario enters 'Bodega Principal' into input Seleccionar la bodega, Usuario clicks on Lista Seleccionar la bodega, Usuario enters 'Auditoria' into Input de Tipo de documento, Usuario clicks on input Lista Botón de Tipo de documento, Usuario enters 'División' into Input División, Usuario clicks on Lista Input División, Usuario enters 'Familia Ejemplo' into input Familia, Usuario clicks on Lista Input Familia, Usuario enters 'FIFO' into ítem, Usuario clicks on Lista ítem, Usuario clicks on Guardar Auditoria 1], Usuario is gestionar auditoria02 [Usuario enters 'Automotion' into Descripción del conteo, Usuario enters 'QA' into Observación del conteo, Usuario enters 'Conteo inicial' into Tipo del conteo, Usuario clicks on List Tipo del conteo, Usuario clicks on Guardar -  conteo, Usuario clicks on Comparar Conteo -  conteo, Usuario clicks on Gestionar Conteo -  conteo, Usuario enters '54' into Ingresar la cantidad del conteo que se obtuvo  Gestionar Conteo -  conteo, Usuario clicks on Agregar la cantidad del conteo que se obtuvo  Gestionar Conteo -  conteo, Usuario enters 'Automotion2' into Descripción del conteo, Usuario enters 'QA2' into Observación del conteo, Usuario enters 'Conteo inicial' into Tipo del conteo, Usuario clicks on List Tipo del conteo, Usuario clicks on Guardar -  conteo, Usuario clicks on Gestionar Conteo -  conteo, Usuario enters '54' into Ingresar la cantidad del conteo que se obtuvo  Gestionar Conteo -  conteo, Usuario clicks on Agregar la cantidad del conteo que se obtuvo  Gestionar Conteo -  conteo, Usuario clicks on Comparar Conteo -  conteo, Usuario clicks on Input Conteo a comparar, Usuario clicks on Comparar conteos, Usuario clicks on Agregar la cantidad del conteo que se obtuvo  Gestionar Conteo -  conteo, Usuario clicks on Cerrar la venta de comparación de conteos, Usuario clicks on Cambiar Etapa de la Auditoria]]]
[Test worker] WARN net.thucydides.core.steps.BaseStepListener - stepStarted: net.thucydides.core.steps.ExecutedStepDescription@2dcd0e41
[Test worker] WARN net.thucydides.core.steps.BaseStepListener - stepFinished: current outcome:Proceso Auditoria - Smartstock:Dado que existe una una solicitud de auditoria [Usuario ts abrir pagina [Usuario opens the Ob abrir pagina, Usuario enters 'jhonfquinonesa' into Input para ingresar el usuario, Usuario enters 'Puli0010***' into Input para ingresar la contraseña, Usuario clicks on button para dar ingreso al sitio]], Cuando Crea la orden de de auditoria [Usuario ts proceso auditoria [Usuario clicks on Botón de Proceso de Inventario, Usuario clicks on Botón de Auditoria, Usuario clicks on Botón de + para agregar auditoria, Usuario is crear auditoria01 [Usuario enters 'Bodega Principal' into input Seleccionar la bodega, Usuario clicks on Lista Seleccionar la bodega, Usuario enters 'Auditoria' into Input de Tipo de documento, Usuario clicks on input Lista Botón de Tipo de documento, Usuario enters 'División' into Input División, Usuario clicks on Lista Input División, Usuario enters 'Familia Ejemplo' into input Familia, Usuario clicks on Lista Input Familia, Usuario enters 'FIFO' into ítem, Usuario clicks on Lista ítem, Usuario clicks on Guardar Auditoria 1], Usuario is gestionar auditoria02 [Usuario enters 'Automotion' into Descripción del conteo, Usuario enters 'QA' into Observación del conteo, Usuario enters 'Conteo inicial' into Tipo del conteo, Usuario clicks on List Tipo del conteo, Usuario clicks on Guardar -  conteo, Usuario clicks on Comparar Conteo -  conteo, Usuario clicks on Gestionar Conteo -  conteo, Usuario enters '54' into Ingresar la cantidad del conteo que se obtuvo  Gestionar Conteo -  conteo, Usuario clicks on Agregar la cantidad del conteo que se obtuvo  Gestionar Conteo -  conteo, Usuario enters 'Automotion2' into Descripción del conteo, Usuario enters 'QA2' into Observación del conteo, Usuario enters 'Conteo inicial' into Tipo del conteo, Usuario clicks on List Tipo del conteo, Usuario clicks on Guardar -  conteo, Usuario clicks on Gestionar Conteo -  conteo, Usuario enters '54' into Ingresar la cantidad del conteo que se obtuvo  Gestionar Conteo -  conteo, Usuario clicks on Agregar la cantidad del conteo que se obtuvo  Gestionar Conteo -  conteo, Usuario clicks on Comparar Conteo -  conteo, Usuario clicks on Input Conteo a comparar, Usuario clicks on Comparar conteos, Usuario clicks on Agregar la cantidad del conteo que se obtuvo  Gestionar Conteo -  conteo, Usuario clicks on Cerrar la venta de comparación de conteos, Usuario clicks on Cambiar Etapa de la Auditoria, Usuario clicks on Lista Cambiar Etapa de la Auditoria]]]
[Test worker] WARN net.thucydides.core.steps.BaseStepListener - stepStarted: net.thucydides.core.steps.ExecutedStepDescription@641ed324
[Test worker] WARN net.thucydides.core.steps.BaseStepListener - stepFinished: current outcome:Proceso Auditoria - Smartstock:Dado que existe una una solicitud de auditoria [Usuario ts abrir pagina [Usuario opens the Ob abrir pagina, Usuario enters 'jhonfquinonesa' into Input para ingresar el usuario, Usuario enters 'Puli0010***' into Input para ingresar la contraseña, Usuario clicks on button para dar ingreso al sitio]], Cuando Crea la orden de de auditoria [Usuario ts proceso auditoria [Usuario clicks on Botón de Proceso de Inventario, Usuario clicks on Botón de Auditoria, Usuario clicks on Botón de + para agregar auditoria, Usuario is crear auditoria01 [Usuario enters 'Bodega Principal' into input Seleccionar la bodega, Usuario clicks on Lista Seleccionar la bodega, Usuario enters 'Auditoria' into Input de Tipo de documento, Usuario clicks on input Lista Botón de Tipo de documento, Usuario enters 'División' into Input División, Usuario clicks on Lista Input División, Usuario enters 'Familia Ejemplo' into input Familia, Usuario clicks on Lista Input Familia, Usuario enters 'FIFO' into ítem, Usuario clicks on Lista ítem, Usuario clicks on Guardar Auditoria 1], Usuario is gestionar auditoria02 [Usuario enters 'Automotion' into Descripción del conteo, Usuario enters 'QA' into Observación del conteo, Usuario enters 'Conteo inicial' into Tipo del conteo, Usuario clicks on List Tipo del conteo, Usuario clicks on Guardar -  conteo, Usuario clicks on Comparar Conteo -  conteo, Usuario clicks on Gestionar Conteo -  conteo, Usuario enters '54' into Ingresar la cantidad del conteo que se obtuvo  Gestionar Conteo -  conteo, Usuario clicks on Agregar la cantidad del conteo que se obtuvo  Gestionar Conteo -  conteo, Usuario enters 'Automotion2' into Descripción del conteo, Usuario enters 'QA2' into Observación del conteo, Usuario enters 'Conteo inicial' into Tipo del conteo, Usuario clicks on List Tipo del conteo, Usuario clicks on Guardar -  conteo, Usuario clicks on Gestionar Conteo -  conteo, Usuario enters '54' into Ingresar la cantidad del conteo que se obtuvo  Gestionar Conteo -  conteo, Usuario clicks on Agregar la cantidad del conteo que se obtuvo  Gestionar Conteo -  conteo, Usuario clicks on Comparar Conteo -  conteo, Usuario clicks on Input Conteo a comparar, Usuario clicks on Comparar conteos, Usuario clicks on Agregar la cantidad del conteo que se obtuvo  Gestionar Conteo -  conteo, Usuario clicks on Cerrar la venta de comparación de conteos, Usuario clicks on Cambiar Etapa de la Auditoria, Usuario clicks on Lista Cambiar Etapa de la Auditoria, Usuario clicks on Continuar con el cambio de Etapa]]]
[Test worker] WARN net.thucydides.core.steps.BaseStepListener - stepStarted: net.thucydides.core.steps.ExecutedStepDescription@4ce267cc
[Test worker] WARN net.thucydides.core.steps.BaseStepListener - stepFinished: current outcome:Proceso Auditoria - Smartstock:Dado que existe una una solicitud de auditoria [Usuario ts abrir pagina [Usuario opens the Ob abrir pagina, Usuario enters 'jhonfquinonesa' into Input para ingresar el usuario, Usuario enters 'Puli0010***' into Input para ingresar la contraseña, Usuario clicks on button para dar ingreso al sitio]], Cuando Crea la orden de de auditoria [Usuario ts proceso auditoria [Usuario clicks on Botón de Proceso de Inventario, Usuario clicks on Botón de Auditoria, Usuario clicks on Botón de + para agregar auditoria, Usuario is crear auditoria01 [Usuario enters 'Bodega Principal' into input Seleccionar la bodega, Usuario clicks on Lista Seleccionar la bodega, Usuario enters 'Auditoria' into Input de Tipo de documento, Usuario clicks on input Lista Botón de Tipo de documento, Usuario enters 'División' into Input División, Usuario clicks on Lista Input División, Usuario enters 'Familia Ejemplo' into input Familia, Usuario clicks on Lista Input Familia, Usuario enters 'FIFO' into ítem, Usuario clicks on Lista ítem, Usuario clicks on Guardar Auditoria 1], Usuario is gestionar auditoria02 [Usuario enters 'Automotion' into Descripción del conteo, Usuario enters 'QA' into Observación del conteo, Usuario enters 'Conteo inicial' into Tipo del conteo, Usuario clicks on List Tipo del conteo, Usuario clicks on Guardar -  conteo, Usuario clicks on Comparar Conteo -  conteo, Usuario clicks on Gestionar Conteo -  conteo, Usuario enters '54' into Ingresar la cantidad del conteo que se obtuvo  Gestionar Conteo -  conteo, Usuario clicks on Agregar la cantidad del conteo que se obtuvo  Gestionar Conteo -  conteo, Usuario enters 'Automotion2' into Descripción del conteo, Usuario enters 'QA2' into Observación del conteo, Usuario enters 'Conteo inicial' into Tipo del conteo, Usuario clicks on List Tipo del conteo, Usuario clicks on Guardar -  conteo, Usuario clicks on Gestionar Conteo -  conteo, Usuario enters '54' into Ingresar la cantidad del conteo que se obtuvo  Gestionar Conteo -  conteo, Usuario clicks on Agregar la cantidad del conteo que se obtuvo  Gestionar Conteo -  conteo, Usuario clicks on Comparar Conteo -  conteo, Usuario clicks on Input Conteo a comparar, Usuario clicks on Comparar conteos, Usuario clicks on Agregar la cantidad del conteo que se obtuvo  Gestionar Conteo -  conteo, Usuario clicks on Cerrar la venta de comparación de conteos, Usuario clicks on Cambiar Etapa de la Auditoria, Usuario clicks on Lista Cambiar Etapa de la Auditoria, Usuario clicks on Continuar con el cambio de Etapa, Usuario clicks on Cambiar Etapa de la Auditoria]]]
[Test worker] WARN net.thucydides.core.steps.BaseStepListener - stepStarted: net.thucydides.core.steps.ExecutedStepDescription@7ead1d80
[Test worker] WARN net.thucydides.core.steps.BaseStepListener - stepFinished: current outcome:Proceso Auditoria - Smartstock:Dado que existe una una solicitud de auditoria [Usuario ts abrir pagina [Usuario opens the Ob abrir pagina, Usuario enters 'jhonfquinonesa' into Input para ingresar el usuario, Usuario enters 'Puli0010***' into Input para ingresar la contraseña, Usuario clicks on button para dar ingreso al sitio]], Cuando Crea la orden de de auditoria [Usuario ts proceso auditoria [Usuario clicks on Botón de Proceso de Inventario, Usuario clicks on Botón de Auditoria, Usuario clicks on Botón de + para agregar auditoria, Usuario is crear auditoria01 [Usuario enters 'Bodega Principal' into input Seleccionar la bodega, Usuario clicks on Lista Seleccionar la bodega, Usuario enters 'Auditoria' into Input de Tipo de documento, Usuario clicks on input Lista Botón de Tipo de documento, Usuario enters 'División' into Input División, Usuario clicks on Lista Input División, Usuario enters 'Familia Ejemplo' into input Familia, Usuario clicks on Lista Input Familia, Usuario enters 'FIFO' into ítem, Usuario clicks on Lista ítem, Usuario clicks on Guardar Auditoria 1], Usuario is gestionar auditoria02 [Usuario enters 'Automotion' into Descripción del conteo, Usuario enters 'QA' into Observación del conteo, Usuario enters 'Conteo inicial' into Tipo del conteo, Usuario clicks on List Tipo del conteo, Usuario clicks on Guardar -  conteo, Usuario clicks on Comparar Conteo -  conteo, Usuario clicks on Gestionar Conteo -  conteo, Usuario enters '54' into Ingresar la cantidad del conteo que se obtuvo  Gestionar Conteo -  conteo, Usuario clicks on Agregar la cantidad del conteo que se obtuvo  Gestionar Conteo -  conteo, Usuario enters 'Automotion2' into Descripción del conteo, Usuario enters 'QA2' into Observación del conteo, Usuario enters 'Conteo inicial' into Tipo del conteo, Usuario clicks on List Tipo del conteo, Usuario clicks on Guardar -  conteo, Usuario clicks on Gestionar Conteo -  conteo, Usuario enters '54' into Ingresar la cantidad del conteo que se obtuvo  Gestionar Conteo -  conteo, Usuario clicks on Agregar la cantidad del conteo que se obtuvo  Gestionar Conteo -  conteo, Usuario clicks on Comparar Conteo -  conteo, Usuario clicks on Input Conteo a comparar, Usuario clicks on Comparar conteos, Usuario clicks on Agregar la cantidad del conteo que se obtuvo  Gestionar Conteo -  conteo, Usuario clicks on Cerrar la venta de comparación de conteos, Usuario clicks on Cambiar Etapa de la Auditoria, Usuario clicks on Lista Cambiar Etapa de la Auditoria, Usuario clicks on Continuar con el cambio de Etapa, Usuario clicks on Cambiar Etapa de la Auditoria, Usuario clicks on Lista Cambiar Etapa de la Auditoria]]]
[Test worker] WARN net.thucydides.core.steps.BaseStepListener - stepStarted: net.thucydides.core.steps.ExecutedStepDescription@28367da7
[...]
[Test worker] WARN net.thucydides.core.steps.BaseStepListener - stepFinished: current outcome:Proceso Auditoria - Smartstock:Dado que existe una una solicitud de auditoria [Usuario ts abrir pagina [Usuario opens the Ob abrir pagina, Usuario enters 'jhonfquinonesa' into Input para ingresar el usuario, Usuario enters 'Puli0010***' into Input para ingresar la contraseña, Usuario clicks on button para dar ingreso al sitio]], Cuando Crea la orden de de auditoria [Usuario ts proceso auditoria [Usuario clicks on Botón de Proceso de Inventario, Usuario clicks on Botón de Auditoria, Usuario clicks on Botón de + para agregar auditoria, Usuario is crear auditoria01 [Usuario enters 'Bodega Principal' into input Seleccionar la bodega, Usuario clicks on Lista Seleccionar la bodega, Usuario enters 'Auditoria' into Input de Tipo de documento, Usuario clicks on input Lista Botón de Tipo de documento, Usuario enters 'División' into Input División, Usuario clicks on Lista Input División, Usuario enters 'Familia Ejemplo' into input Familia, Usuario clicks on Lista Input Familia, Usuario enters 'FIFO' into ítem, Usuario clicks on Lista ítem, Usuario clicks on Guardar Auditoria 1], Usuario is gestionar auditoria02 [Usuario enters 'Automotion' into Descripción del conteo, Usuario enters 'QA' into Observación del conteo, Usuario enters 'Conteo inicial' into Tipo del conteo, Usuario clicks on List Tipo del conteo, Usuario clicks on Guardar -  conteo, Usuario clicks on Comparar Conteo -  conteo, Usuario clicks on Gestionar Conteo -  conteo, Usuario enters '54' into Ingresar la cantidad del conteo que se obtuvo  Gestionar Conteo -  conteo, Usuario clicks on Agregar la cantidad del conteo que se obtuvo  Gestionar Conteo -  conteo, Usuario enters 'Automotion2' into Descripción del conteo, Usuario enters 'QA2' into Observación del conteo, Usuario enters 'Conteo inicial' into Tipo del conteo, Usuario clicks on List Tipo del conteo, Usuario clicks on Guardar -  conteo, Usuario clicks on Gestionar Conteo -  conteo, Usuario enters '54' into Ingresar la cantidad del conteo que se obtuvo  Gestionar Conteo -  conteo, Usuario clicks on Agregar la cantidad del conteo que se obtuvo  Gestionar Conteo -  conteo, Usuario clicks on Comparar Conteo -  conteo, Usuario clicks on Input Conteo a comparar, Usuario clicks on Comparar conteos, Usuario clicks on Agregar la cantidad del conteo que se obtuvo  Gestionar Conteo -  conteo, Usuario clicks on Cerrar la venta de comparación de conteos, Usuario clicks on Cambiar Etapa de la Auditoria, Usuario clicks on Lista Cambiar Etapa de la Auditoria, Usuario clicks on Continuar con el cambio de Etapa, Usuario clicks on Cambiar Etapa de la Auditoria, Usuario clicks on Lista Cambiar Etapa de la Auditoria, Usuario clicks on Conteo a finalizar, Usuario clicks on Lista Conteo a finalizar, Usuario clicks on Finalizar Auditoria, Usuario clicks on Continuar con el cambio de Etapa, Usuario clicks on Cerrar la ventana de la auditoria]]]
[Test worker] WARN net.thucydides.core.steps.BaseStepListener - stepStarted: net.thucydides.core.steps.ExecutedStepDescription@44384b4a
[Test worker] WARN net.thucydides.core.steps.BaseStepListener - stepStarted: net.thucydides.core.steps.ExecutedStepDescription@20820df0
[Test worker] WARN net.thucydides.core.steps.BaseStepListener - stepFinished: current outcome:Proceso Auditoria - Smartstock:Dado que existe una una solicitud de auditoria [Usuario ts abrir pagina [Usuario opens the Ob abrir pagina, Usuario enters 'jhonfquinonesa' into Input para ingresar el usuario, Usuario enters 'Puli0010***' into Input para ingresar la contraseña, Usuario clicks on button para dar ingreso al sitio]], Cuando Crea la orden de de auditoria [Usuario ts proceso auditoria [Usuario clicks on Botón de Proceso de Inventario, Usuario clicks on Botón de Auditoria, Usuario clicks on Botón de + para agregar auditoria, Usuario is crear auditoria01 [Usuario enters 'Bodega Principal' into input Seleccionar la bodega, Usuario clicks on Lista Seleccionar la bodega, Usuario enters 'Auditoria' into Input de Tipo de documento, Usuario clicks on input Lista Botón de Tipo de documento, Usuario enters 'División' into Input División, Usuario clicks on Lista Input División, Usuario enters 'Familia Ejemplo' into input Familia, Usuario clicks on Lista Input Familia, Usuario enters 'FIFO' into ítem, Usuario clicks on Lista ítem, Usuario clicks on Guardar Auditoria 1], Usuario is gestionar auditoria02 [Usuario enters 'Automotion' into Descripción del conteo, Usuario enters 'QA' into Observación del conteo, Usuario enters 'Conteo inicial' into Tipo del conteo, Usuario clicks on List Tipo del conteo, Usuario clicks on Guardar -  conteo, Usuario clicks on Comparar Conteo -  conteo, Usuario clicks on Gestionar Conteo -  conteo, Usuario enters '54' into Ingresar la cantidad del conteo que se obtuvo  Gestionar Conteo -  conteo, Usuario clicks on Agregar la cantidad del conteo que se obtuvo  Gestionar Conteo -  conteo, Usuario enters 'Automotion2' into Descripción del conteo, Usuario enters 'QA2' into Observación del conteo, Usuario enters 'Conteo inicial' into Tipo del conteo, Usuario clicks on List Tipo del conteo, Usuario clicks on Guardar -  conteo, Usuario clicks on Gestionar Conteo -  conteo, Usuario enters '54' into Ingresar la cantidad del conteo que se obtuvo  Gestionar Conteo -  conteo, Usuario clicks on Agregar la cantidad del conteo que se obtuvo  Gestionar Conteo -  conteo, Usuario clicks on Comparar Conteo -  conteo, Usuario clicks on Input Conteo a comparar, Usuario clicks on Comparar conteos, Usuario clicks on Agregar la cantidad del conteo que se obtuvo  Gestionar Conteo -  conteo, Usuario clicks on Cerrar la venta de comparación de conteos, Usuario clicks on Cambiar Etapa de la Auditoria, Usuario clicks on Lista Cambiar Etapa de la Auditoria, Usuario clicks on Continuar con el cambio de Etapa, Usuario clicks on Cambiar Etapa de la Auditoria, Usuario clicks on Lista Cambiar Etapa de la Auditoria, Usuario clicks on Conteo a finalizar, Usuario clicks on Lista Conteo a finalizar, Usuario clicks on Finalizar Auditoria, Usuario clicks on Continuar con el cambio de Etapa, Usuario clicks on Cerrar la ventana de la auditoria]]], Entonces verifica que se cumplio la orden de auditoria correctamente [Then vr estado auditoria should be 'Finalizado']
[Test worker] WARN net.thucydides.core.steps.BaseStepListener - stepFinished: current outcome:Proceso Auditoria - Smartstock:Dado que existe una una solicitud de auditoria [Usuario ts abrir pagina [Usuario opens the Ob abrir pagina, Usuario enters 'jhonfquinonesa' into Input para ingresar el usuario, Usuario enters 'Puli0010***' into Input para ingresar la contraseña, Usuario clicks on button para dar ingreso al sitio]], Cuando Crea la orden de de auditoria [Usuario ts proceso auditoria [Usuario clicks on Botón de Proceso de Inventario, Usuario clicks on Botón de Auditoria, Usuario clicks on Botón de + para agregar auditoria, Usuario is crear auditoria01 [Usuario enters 'Bodega Principal' into input Seleccionar la bodega, Usuario clicks on Lista Seleccionar la bodega, Usuario enters 'Auditoria' into Input de Tipo de documento, Usuario clicks on input Lista Botón de Tipo de documento, Usuario enters 'División' into Input División, Usuario clicks on Lista Input División, Usuario enters 'Familia Ejemplo' into input Familia, Usuario clicks on Lista Input Familia, Usuario enters 'FIFO' into ítem, Usuario clicks on Lista ítem, Usuario clicks on Guardar Auditoria 1], Usuario is gestionar auditoria02 [Usuario enters 'Automotion' into Descripción del conteo, Usuario enters 'QA' into Observación del conteo, Usuario enters 'Conteo inicial' into Tipo del conteo, Usuario clicks on List Tipo del conteo, Usuario clicks on Guardar -  conteo, Usuario clicks on Comparar Conteo -  conteo, Usuario clicks on Gestionar Conteo -  conteo, Usuario enters '54' into Ingresar la cantidad del conteo que se obtuvo  Gestionar Conteo -  conteo, Usuario clicks on Agregar la cantidad del conteo que se obtuvo  Gestionar Conteo -  conteo, Usuario enters 'Automotion2' into Descripción del conteo, Usuario enters 'QA2' into Observación del conteo, Usuario enters 'Conteo inicial' into Tipo del conteo, Usuario clicks on List Tipo del conteo, Usuario clicks on Guardar -  conteo, Usuario clicks on Gestionar Conteo -  conteo, Usuario enters '54' into Ingresar la cantidad del conteo que se obtuvo  Gestionar Conteo -  conteo, Usuario clicks on Agregar la cantidad del conteo que se obtuvo  Gestionar Conteo -  conteo, Usuario clicks on Comparar Conteo -  conteo, Usuario clicks on Input Conteo a comparar, Usuario clicks on Comparar conteos, Usuario clicks on Agregar la cantidad del conteo que se obtuvo  Gestionar Conteo -  conteo, Usuario clicks on Cerrar la venta de comparación de conteos, Usuario clicks on Cambiar Etapa de la Auditoria, Usuario clicks on Lista Cambiar Etapa de la Auditoria, Usuario clicks on Continuar con el cambio de Etapa, Usuario clicks on Cambiar Etapa de la Auditoria, Usuario clicks on Lista Cambiar Etapa de la Auditoria, Usuario clicks on Conteo a finalizar, Usuario clicks on Lista Conteo a finalizar, Usuario clicks on Finalizar Auditoria, Usuario clicks on Continuar con el cambio de Etapa, Usuario clicks on Cerrar la ventana de la auditoria]]], Entonces verifica que se cumplio la orden de auditoria correctamente [Then vr estado auditoria should be 'Finalizado']
[Test worker] WARN net.thucydides.core.steps.BaseStepListener - testFinished: Proceso Auditoria - Smartstock:Dado que existe una una solicitud de auditoria [Usuario ts abrir pagina [Usuario opens the Ob abrir pagina, Usuario enters 'jhonfquinonesa' into Input para ingresar el usuario, Usuario enters 'Puli0010***' into Input para ingresar la contraseña, Usuario clicks on button para dar ingreso al sitio]], Cuando Crea la orden de de auditoria [Usuario ts proceso auditoria [Usuario clicks on Botón de Proceso de Inventario, Usuario clicks on Botón de Auditoria, Usuario clicks on Botón de + para agregar auditoria, Usuario is crear auditoria01 [Usuario enters 'Bodega Principal' into input Seleccionar la bodega, Usuario clicks on Lista Seleccionar la bodega, Usuario enters 'Auditoria' into Input de Tipo de documento, Usuario clicks on input Lista Botón de Tipo de documento, Usuario enters 'División' into Input División, Usuario clicks on Lista Input División, Usuario enters 'Familia Ejemplo' into input Familia, Usuario clicks on Lista Input Familia, Usuario enters 'FIFO' into ítem, Usuario clicks on Lista ítem, Usuario clicks on Guardar Auditoria 1], Usuario is gestionar auditoria02 [Usuario enters 'Automotion' into Descripción del conteo, Usuario enters 'QA' into Observación del conteo, Usuario enters 'Conteo inicial' into Tipo del conteo, Usuario clicks on List Tipo del conteo, Usuario clicks on Guardar -  conteo, Usuario clicks on Comparar Conteo -  conteo, Usuario clicks on Gestionar Conteo -  conteo, Usuario enters '54' into Ingresar la cantidad del conteo que se obtuvo  Gestionar Conteo -  conteo, Usuario clicks on Agregar la cantidad del conteo que se obtuvo  Gestionar Conteo -  conteo, Usuario enters 'Automotion2' into Descripción del conteo, Usuario enters 'QA2' into Observación del conteo, Usuario enters 'Conteo inicial' into Tipo del conteo, Usuario clicks on List Tipo del conteo, Usuario clicks on Guardar -  conteo, Usuario clicks on Gestionar Conteo -  conteo, Usuario enters '54' into Ingresar la cantidad del conteo que se obtuvo  Gestionar Conteo -  conteo, Usuario clicks on Agregar la cantidad del conteo que se obtuvo  Gestionar Conteo -  conteo, Usuario clicks on Comparar Conteo -  conteo, Usuario clicks on Input Conteo a comparar, Usuario clicks on Comparar conteos, Usuario clicks on Agregar la cantidad del conteo que se obtuvo  Gestionar Conteo -  conteo, Usuario clicks on Cerrar la venta de comparación de conteos, Usuario clicks on Cambiar Etapa de la Auditoria, Usuario clicks on Lista Cambiar Etapa de la Auditoria, Usuario clicks on Continuar con el cambio de Etapa, Usuario clicks on Cambiar Etapa de la Auditoria, Usuario clicks on Lista Cambiar Etapa de la Auditoria, Usuario clicks on Conteo a finalizar, Usuario clicks on Lista Conteo a finalizar, Usuario clicks on Finalizar Auditoria, Usuario clicks on Continuar con el cambio de Etapa, Usuario clicks on Cerrar la ventana de la auditoria]]], Entonces verifica que se cumplio la orden de auditoria correctamente [Then vr estado auditoria should be 'Finalizado']
[Test worker] WARN net.thucydides.core.steps.BaseStepListener - TestOutcomes: [Proceso Auditoria - Smartstock:Dado que existe una una solicitud de auditoria [Usuario ts abrir pagina [Usuario opens the Ob abrir pagina, Usuario enters 'jhonfquinonesa' into Input para ingresar el usuario, Usuario enters 'Puli0010***' into Input para ingresar la contraseña, Usuario clicks on button para dar ingreso al sitio]], Cuando Crea la orden de de auditoria [Usuario ts proceso auditoria [Usuario clicks on Botón de Proceso de Inventario, Usuario clicks on Botón de Auditoria, Usuario clicks on Botón de + para agregar auditoria, Usuario is crear auditoria01 [Usuario enters 'Bodega Principal' into input Seleccionar la bodega, Usuario clicks on Lista Seleccionar la bodega, Usuario enters 'Auditoria' into Input de Tipo de documento, Usuario clicks on input Lista Botón de Tipo de documento, Usuario enters 'División' into Input División, Usuario clicks on Lista Input División, Usuario enters 'Familia Ejemplo' into input Familia, Usuario clicks on Lista Input Familia, Usuario enters 'FIFO' into ítem, Usuario clicks on Lista ítem, Usuario clicks on Guardar Auditoria 1], Usuario is gestionar auditoria02 [Usuario enters 'Automotion' into Descripción del conteo, Usuario enters 'QA' into Observación del conteo, Usuario enters 'Conteo inicial' into Tipo del conteo, Usuario clicks on List Tipo del conteo, Usuario clicks on Guardar -  conteo, Usuario clicks on Comparar Conteo -  conteo, Usuario clicks on Gestionar Conteo -  conteo, Usuario enters '54' into Ingresar la cantidad del conteo que se obtuvo  Gestionar Conteo -  conteo, Usuario clicks on Agregar la cantidad del conteo que se obtuvo  Gestionar Conteo -  conteo, Usuario enters 'Automotion2' into Descripción del conteo, Usuario enters 'QA2' into Observación del conteo, Usuario enters 'Conteo inicial' into Tipo del conteo, Usuario clicks on List Tipo del conteo, Usuario clicks on Guardar -  conteo, Usuario clicks on Gestionar Conteo -  conteo, Usuario enters '54' into Ingresar la cantidad del conteo que se obtuvo  Gestionar Conteo -  conteo, Usuario clicks on Agregar la cantidad del conteo que se obtuvo  Gestionar Conteo -  conteo, Usuario clicks on Comparar Conteo -  conteo, Usuario clicks on Input Conteo a comparar, Usuario clicks on Comparar conteos, Usuario clicks on Agregar la cantidad del conteo que se obtuvo  Gestionar Conteo -  conteo, Usuario clicks on Cerrar la venta de comparación de conteos, Usuario clicks on Cambiar Etapa de la Auditoria, Usuario clicks on Lista Cambiar Etapa de la Auditoria, Usuario clicks on Continuar con el cambio de Etapa, Usuario clicks on Cambiar Etapa de la Auditoria, Usuario clicks on Lista Cambiar Etapa de la Auditoria, Usuario clicks on Conteo a finalizar, Usuario clicks on Lista Conteo a finalizar, Usuario clicks on Finalizar Auditoria, Usuario clicks on Continuar con el cambio de Etapa, Usuario clicks on Cerrar la ventana de la auditoria]]], Entonces verifica que se cumplio la orden de auditoria correctamente [Then vr estado auditoria should be 'Finalizado']]
[Test worker] WARN net.thucydides.core.steps.BaseStepListener - Final testOutcomes: [Proceso Auditoria - Smartstock:Dado que existe una una solicitud de auditoria [Usuario ts abrir pagina [Usuario opens the Ob abrir pagina, Usuario enters 'jhonfquinonesa' into Input para ingresar el usuario, Usuario enters 'Puli0010***' into Input para ingresar la contraseña, Usuario clicks on button para dar ingreso al sitio]], Cuando Crea la orden de de auditoria [Usuario ts proceso auditoria [Usuario clicks on Botón de Proceso de Inventario, Usuario clicks on Botón de Auditoria, Usuario clicks on Botón de + para agregar auditoria, Usuario is crear auditoria01 [Usuario enters 'Bodega Principal' into input Seleccionar la bodega, Usuario clicks on Lista Seleccionar la bodega, Usuario enters 'Auditoria' into Input de Tipo de documento, Usuario clicks on input Lista Botón de Tipo de documento, Usuario enters 'División' into Input División, Usuario clicks on Lista Input División, Usuario enters 'Familia Ejemplo' into input Familia, Usuario clicks on Lista Input Familia, Usuario enters 'FIFO' into ítem, Usuario clicks on Lista ítem, Usuario clicks on Guardar Auditoria 1], Usuario is gestionar auditoria02 [Usuario enters 'Automotion' into Descripción del conteo, Usuario enters 'QA' into Observación del conteo, Usuario enters 'Conteo inicial' into Tipo del conteo, Usuario clicks on List Tipo del conteo, Usuario clicks on Guardar -  conteo, Usuario clicks on Comparar Conteo -  conteo, Usuario clicks on Gestionar Conteo -  conteo, Usuario enters '54' into Ingresar la cantidad del conteo que se obtuvo  Gestionar Conteo -  conteo, Usuario clicks on Agregar la cantidad del conteo que se obtuvo  Gestionar Conteo -  conteo, Usuario enters 'Automotion2' into Descripción del conteo, Usuario enters 'QA2' into Observación del conteo, Usuario enters 'Conteo inicial' into Tipo del conteo, Usuario clicks on List Tipo del conteo, Usuario clicks on Guardar -  conteo, Usuario clicks on Gestionar Conteo -  conteo, Usuario enters '54' into Ingresar la cantidad del conteo que se obtuvo  Gestionar Conteo -  conteo, Usuario clicks on Agregar la cantidad del conteo que se obtuvo  Gestionar Conteo -  conteo, Usuario clicks on Comparar Conteo -  conteo, Usuario clicks on Input Conteo a comparar, Usuario clicks on Comparar conteos, Usuario clicks on Agregar la cantidad del conteo que se obtuvo  Gestionar Conteo -  conteo, Usuario clicks on Cerrar la venta de comparación de conteos, Usuario clicks on Cambiar Etapa de la Auditoria, Usuario clicks on Lista Cambiar Etapa de la Auditoria, Usuario clicks on Continuar con el cambio de Etapa, Usuario clicks on Cambiar Etapa de la Auditoria, Usuario clicks on Lista Cambiar Etapa de la Auditoria, Usuario clicks on Conteo a finalizar, Usuario clicks on Lista Conteo a finalizar, Usuario clicks on Finalizar Auditoria, Usuario clicks on Continuar con el cambio de Etapa, Usuario clicks on Cerrar la ventana de la auditoria]]], Entonces verifica que se cumplio la orden de auditoria correctamente [Then vr estado auditoria should be 'Finalizado']]
[Test worker] INFO net.thucydides.core.steps.ConsoleLoggingListener - 
        __    _____ _____ ____ _____   ____   _    ____  ____  _____ ____  
  _     \ \  |_   _| ____/ ___|_   _| |  _ \ / \  / ___|/ ___|| ____|  _ \ 
 (_)_____| |   | | |  _| \___ \ | |   | |_) / _ \ \___ \\___ \|  _| | | | |
  _|_____| |   | | | |___ ___) || |   |  __/ ___ \ ___) |___) | |___| |_| |
 (_)     | |   |_| |_____|____/ |_|   |_| /_/   \_\____/|____/|_____|____/ 
        /_/                                                                

TEST PASSED: Proceso Auditoria - Smartstock
----------------------------------------------------------------------------
]]></system-err>
</testsuite>
