<?xml version="1.0" encoding="UTF-8"?>
<testsuite name="Proceso Auditoria - Smartstock" tests="1" skipped="0" failures="0" errors="0" timestamp="2023-05-18T20:44:41" hostname="LTBG60836" time="359.897">
  <properties/>
  <testcase name="Proceso Auditoria - Smartstock" classname="Proceso Auditoria - Smartstock" time="359.897"/>
  <system-out><![CDATA[Entro correctamente a la validación de campos seriales
Duerme
Duerme
0
Caso de prueba Exitoso
0
Caso de prueba Exitoso
0
Caso de prueba Exitoso
0
Caso de prueba Exitoso
0
Caso de prueba Exitoso
0
Caso de prueba Exitoso

Caso de prueba No Exitoso
0
Caso de prueba Exitoso
0
Caso de prueba Exitoso
0
Caso de prueba Exitoso
]]></system-out>
  <system-err><![CDATA[[Test worker] WARN net.thucydides.core.steps.BaseStepListener - stepStarted: net.thucydides.core.steps.ExecutedStepDescription@5d25e6bb
[Test worker] WARN net.thucydides.core.steps.BaseStepListener - stepStarted: net.thucydides.core.steps.ExecutedStepDescription@16ade133
[Test worker] WARN net.thucydides.core.steps.BaseStepListener - stepStarted: net.thucydides.core.steps.ExecutedStepDescription@3cd59ef5
may 18, 2023 3:44:43 PM org.openqa.selenium.remote.DesiredCapabilities chrome
INFORMACIÓN: Using `new ChromeOptions()` is preferred to `DesiredCapabilities.chrome()`
[Test worker] INFO net.serenitybdd.core.webdriver.driverproviders.ProvideNewDriver - Instantiating driver
[Test worker] INFO net.serenitybdd.core.webdriver.driverproviders.ProvideNewDriver - Driver capabilities: Capabilities {acceptInsecureCerts: false, acceptSslCerts: true, browserName: chrome, chrome.switches: --disable-extensions,--star..., goog:chromeOptions: {args: [--disable-extensions, --start-maximized, --test-type, --user-agent=New User Agent], extensions: [], prefs: {pdfjs.disabled: true, profile_default_content_settings.popups: 0}}, handlesAlerts: true, loggingPrefs: org.openqa.selenium.logging..., platform: ANY, version: }
Starting ChromeDriver 113.0.5672.63 (0e1a4471d5ae5bf128b1bd8f4d627c8cbd55f70c-refs/branch-heads/5672@{#912}) on port 39751
Only local connections are allowed.
Please see https://chromedriver.chromium.org/security-considerations for suggestions on keeping ChromeDriver safe.
ChromeDriver was started successfully.
may 18, 2023 3:44:46 PM org.openqa.selenium.remote.ProtocolHandshake createSession
INFORMACIÓN: Detected dialect: W3C
[Test worker] WARN net.thucydides.core.steps.BaseStepListener - stepFinished: current outcome:Proceso Auditoria - Smartstock:Dado que existe una una solicitud de auditoria [Usuario ts abrir pagina [Usuario opens the Ob abrir pagina]]
[Test worker] WARN net.thucydides.core.steps.BaseStepListener - stepStarted: net.thucydides.core.steps.ExecutedStepDescription@42f85fa4
[Test worker] WARN net.thucydides.core.steps.BaseStepListener - stepFinished: current outcome:Proceso Auditoria - Smartstock:Dado que existe una una solicitud de auditoria [Usuario ts abrir pagina [Usuario opens the Ob abrir pagina, Usuario enters 'jhonfquinonesa' into Input para ingresar el usuario]]
[Test worker] WARN net.thucydides.core.steps.BaseStepListener - stepStarted: net.thucydides.core.steps.ExecutedStepDescription@4091b9c3
[Test worker] WARN net.thucydides.core.steps.BaseStepListener - stepFinished: current outcome:Proceso Auditoria - Smartstock:Dado que existe una una solicitud de auditoria [Usuario ts abrir pagina [Usuario opens the Ob abrir pagina, Usuario enters 'jhonfquinonesa' into Input para ingresar el usuario, Usuario enters 'Puli0010***' into Input para ingresar la contraseña]]
[Test worker] WARN net.thucydides.core.steps.BaseStepListener - stepStarted: net.thucydides.core.steps.ExecutedStepDescription@723877dd
[Test worker] WARN net.thucydides.core.steps.BaseStepListener - stepFinished: current outcome:Proceso Auditoria - Smartstock:Dado que existe una una solicitud de auditoria [Usuario ts abrir pagina [Usuario opens the Ob abrir pagina, Usuario enters 'jhonfquinonesa' into Input para ingresar el usuario, Usuario enters 'Puli0010***' into Input para ingresar la contraseña, Usuario clicks on button para dar ingreso al sitio]]
[Test worker] WARN net.thucydides.core.steps.BaseStepListener - stepFinished: current outcome:Proceso Auditoria - Smartstock:Dado que existe una una solicitud de auditoria [Usuario ts abrir pagina [Usuario opens the Ob abrir pagina, Usuario enters 'jhonfquinonesa' into Input para ingresar el usuario, Usuario enters 'Puli0010***' into Input para ingresar la contraseña, Usuario clicks on button para dar ingreso al sitio]]
[Test worker] WARN net.thucydides.core.steps.BaseStepListener - stepFinished: current outcome:Proceso Auditoria - Smartstock:Dado que existe una una solicitud de auditoria [Usuario ts abrir pagina [Usuario opens the Ob abrir pagina, Usuario enters 'jhonfquinonesa' into Input para ingresar el usuario, Usuario enters 'Puli0010***' into Input para ingresar la contraseña, Usuario clicks on button para dar ingreso al sitio]]
[Test worker] WARN net.thucydides.core.steps.BaseStepListener - stepStarted: net.thucydides.core.steps.ExecutedStepDescription@48a2db72
[Test worker] WARN net.thucydides.core.steps.BaseStepListener - stepStarted: net.thucydides.core.steps.ExecutedStepDescription@86d6bf7
[Test worker] WARN net.thucydides.core.steps.BaseStepListener - stepStarted: net.thucydides.core.steps.ExecutedStepDescription@1d98daa0
[Test worker] WARN net.thucydides.core.steps.BaseStepListener - stepFinished: current outcome:Proceso Auditoria - Smartstock:Dado que existe una una solicitud de auditoria [Usuario ts abrir pagina [Usuario opens the Ob abrir pagina, Usuario enters 'jhonfquinonesa' into Input para ingresar el usuario, Usuario enters 'Puli0010***' into Input para ingresar la contraseña, Usuario clicks on button para dar ingreso al sitio]], Cuando Crea la orden de de auditoria [Usuario ts proceso auditoria [Usuario clicks on Botón de Proceso de Inventario]]
[Test worker] WARN net.thucydides.core.steps.BaseStepListener - stepStarted: net.thucydides.core.steps.ExecutedStepDescription@c7f4457
[Test worker] WARN net.thucydides.core.steps.BaseStepListener - stepFinished: current outcome:Proceso Auditoria - Smartstock:Dado que existe una una solicitud de auditoria [Usuario ts abrir pagina [Usuario opens the Ob abrir pagina, Usuario enters 'jhonfquinonesa' into Input para ingresar el usuario, Usuario enters 'Puli0010***' into Input para ingresar la contraseña, Usuario clicks on button para dar ingreso al sitio]], Cuando Crea la orden de de auditoria [Usuario ts proceso auditoria [Usuario clicks on Botón de Proceso de Inventario, Usuario clicks on Botón de Auditoria]]
[Test worker] WARN net.thucydides.core.steps.BaseStepListener - stepStarted: net.thucydides.core.steps.ExecutedStepDescription@20c812c8
[Test worker] WARN net.thucydides.core.steps.BaseStepListener - stepFinished: current outcome:Proceso Auditoria - Smartstock:Dado que existe una una solicitud de auditoria [Usuario ts abrir pagina [Usuario opens the Ob abrir pagina, Usuario enters 'jhonfquinonesa' into Input para ingresar el usuario, Usuario enters 'Puli0010***' into Input para ingresar la contraseña, Usuario clicks on button para dar ingreso al sitio]], Cuando Crea la orden de de auditoria [Usuario ts proceso auditoria [Usuario clicks on Botón de Proceso de Inventario, Usuario clicks on Botón de Auditoria, Usuario clicks on Botón de + para agregar auditoria]]
[Test worker] WARN net.thucydides.core.steps.BaseStepListener - stepStarted: net.thucydides.core.steps.ExecutedStepDescription@1da1380b
[Test worker] WARN net.thucydides.core.steps.BaseStepListener - stepStarted: net.thucydides.core.steps.ExecutedStepDescription@5d7d8613
[Test worker] WARN net.thucydides.core.steps.BaseStepListener - stepFinished: current outcome:Proceso Auditoria - Smartstock:Dado que existe una una solicitud de auditoria [Usuario ts abrir pagina [Usuario opens the Ob abrir pagina, Usuario enters 'jhonfquinonesa' into Input para ingresar el usuario, Usuario enters 'Puli0010***' into Input para ingresar la contraseña, Usuario clicks on button para dar ingreso al sitio]], Cuando Crea la orden de de auditoria [Usuario ts proceso auditoria [Usuario clicks on Botón de Proceso de Inventario, Usuario clicks on Botón de Auditoria, Usuario clicks on Botón de + para agregar auditoria, Usuario is crear auditoria01 [Usuario enters 'Bodega Principal' into input Seleccionar la bodega]]]
[Test worker] WARN net.thucydides.core.steps.BaseStepListener - stepStarted: net.thucydides.core.steps.ExecutedStepDescription@2f677247
[Test worker] WARN net.thucydides.core.steps.BaseStepListener - stepFinished: current outcome:Proceso Auditoria - Smartstock:Dado que existe una una solicitud de auditoria [Usuario ts abrir pagina [Usuario opens the Ob abrir pagina, Usuario enters 'jhonfquinonesa' into Input para ingresar el usuario, Usuario enters 'Puli0010***' into Input para ingresar la contraseña, Usuario clicks on button para dar ingreso al sitio]], Cuando Crea la orden de de auditoria [Usuario ts proceso auditoria [Usuario clicks on Botón de Proceso de Inventario, Usuario clicks on Botón de Auditoria, Usuario clicks on Botón de + para agregar auditoria, Usuario is crear auditoria01 [Usuario enters 'Bodega Principal' into input Seleccionar la bodega, Usuario clicks on Lista Seleccionar la bodega]]]
[Test worker] WARN net.thucydides.core.steps.BaseStepListener - stepStarted: net.thucydides.core.steps.ExecutedStepDescription@27fe059d
[Test worker] WARN net.thucydides.core.steps.BaseStepListener - stepFinished: current outcome:Proceso Auditoria - Smartstock:Dado que existe una una solicitud de auditoria [Usuario ts abrir pagina [Usuario opens the Ob abrir pagina, Usuario enters 'jhonfquinonesa' into Input para ingresar el usuario, Usuario enters 'Puli0010***' into Input para ingresar la contraseña, Usuario clicks on button para dar ingreso al sitio]], Cuando Crea la orden de de auditoria [Usuario ts proceso auditoria [Usuario clicks on Botón de Proceso de Inventario, Usuario clicks on Botón de Auditoria, Usuario clicks on Botón de + para agregar auditoria, Usuario is crear auditoria01 [Usuario enters 'Bodega Principal' into input Seleccionar la bodega, Usuario clicks on Lista Seleccionar la bodega, Usuario enters 'Auditoria' into Input de Tipo de documento]]]
[Test worker] WARN net.thucydides.core.steps.BaseStepListener - stepStarted: net.thucydides.core.steps.ExecutedStepDescription@3cc79c02
[Test worker] WARN net.thucydides.core.steps.BaseStepListener - stepFinished: current outcome:Proceso Auditoria - Smartstock:Dado que existe una una solicitud de auditoria [Usuario ts abrir pagina [Usuario opens the Ob abrir pagina, Usuario enters 'jhonfquinonesa' into Input para ingresar el usuario, Usuario enters 'Puli0010***' into Input para ingresar la contraseña, Usuario clicks on button para dar ingreso al sitio]], Cuando Crea la orden de de auditoria [Usuario ts proceso auditoria [Usuario clicks on Botón de Proceso de Inventario, Usuario clicks on Botón de Auditoria, Usuario clicks on Botón de + para agregar auditoria, Usuario is crear auditoria01 [Usuario enters 'Bodega Principal' into input Seleccionar la bodega, Usuario clicks on Lista Seleccionar la bodega, Usuario enters 'Auditoria' into Input de Tipo de documento, Usuario clicks on input Lista Botón de Tipo de documento]]]
[Test worker] WARN net.thucydides.core.steps.BaseStepListener - stepStarted: net.thucydides.core.steps.ExecutedStepDescription@3caafa67
[Test worker] WARN net.thucydides.core.steps.BaseStepListener - stepFinished: current outcome:Proceso Auditoria - Smartstock:Dado que existe una una solicitud de auditoria [Usuario ts abrir pagina [Usuario opens the Ob abrir pagina, Usuario enters 'jhonfquinonesa' into Input para ingresar el usuario, Usuario enters 'Puli0010***' into Input para ingresar la contraseña, Usuario clicks on button para dar ingreso al sitio]], Cuando Crea la orden de de auditoria [Usuario ts proceso auditoria [Usuario clicks on Botón de Proceso de Inventario, Usuario clicks on Botón de Auditoria, Usuario clicks on Botón de + para agregar auditoria, Usuario is crear auditoria01 [Usuario enters 'Bodega Principal' into input Seleccionar la bodega, Usuario clicks on Lista Seleccionar la bodega, Usuario enters 'Auditoria' into Input de Tipo de documento, Usuario clicks on input Lista Botón de Tipo de documento, Usuario enters 'División' into Input División]]]
[Test worker] WARN net.thucydides.core.steps.BaseStepListener - stepStarted: net.thucydides.core.steps.ExecutedStepDescription@6ad179b4
[Test worker] WARN net.thucydides.core.steps.BaseStepListener - stepFinished: current outcome:Proceso Auditoria - Smartstock:Dado que existe una una solicitud de auditoria [Usuario ts abrir pagina [Usuario opens the Ob abrir pagina, Usuario enters 'jhonfquinonesa' into Input para ingresar el usuario, Usuario enters 'Puli0010***' into Input para ingresar la contraseña, Usuario clicks on button para dar ingreso al sitio]], Cuando Crea la orden de de auditoria [Usuario ts proceso auditoria [Usuario clicks on Botón de Proceso de Inventario, Usuario clicks on Botón de Auditoria, Usuario clicks on Botón de + para agregar auditoria, Usuario is crear auditoria01 [Usuario enters 'Bodega Principal' into input Seleccionar la bodega, Usuario clicks on Lista Seleccionar la bodega, Usuario enters 'Auditoria' into Input de Tipo de documento, Usuario clicks on input Lista Botón de Tipo de documento, Usuario enters 'División' into Input División, Usuario clicks on Lista Input División]]]
[Test worker] WARN net.thucydides.core.steps.BaseStepListener - stepStarted: net.thucydides.core.steps.ExecutedStepDescription@357bc488
[Test worker] WARN net.thucydides.core.steps.BaseStepListener - stepFinished: current outcome:Proceso Auditoria - Smartstock:Dado que existe una una solicitud de auditoria [Usuario ts abrir pagina [Usuario opens the Ob abrir pagina, Usuario enters 'jhonfquinonesa' into Input para ingresar el usuario, Usuario enters 'Puli0010***' into Input para ingresar la contraseña, Usuario clicks on button para dar ingreso al sitio]], Cuando Crea la orden de de auditoria [Usuario ts proceso auditoria [Usuario clicks on Botón de Proceso de Inventario, Usuario clicks on Botón de Auditoria, Usuario clicks on Botón de + para agregar auditoria, Usuario is crear auditoria01 [Usuario enters 'Bodega Principal' into input Seleccionar la bodega, Usuario clicks on Lista Seleccionar la bodega, Usuario enters 'Auditoria' into Input de Tipo de documento, Usuario clicks on input Lista Botón de Tipo de documento, Usuario enters 'División' into Input División, Usuario clicks on Lista Input División, Usuario enters 'Familia Ejemplo' into input Familia]]]
[Test worker] WARN net.thucydides.core.steps.BaseStepListener - stepStarted: net.thucydides.core.steps.ExecutedStepDescription@733fb462
[Test worker] WARN net.thucydides.core.steps.BaseStepListener - stepFinished: current outcome:Proceso Auditoria - Smartstock:Dado que existe una una solicitud de auditoria [Usuario ts abrir pagina [Usuario opens the Ob abrir pagina, Usuario enters 'jhonfquinonesa' into Input para ingresar el usuario, Usuario enters 'Puli0010***' into Input para ingresar la contraseña, Usuario clicks on button para dar ingreso al sitio]], Cuando Crea la orden de de auditoria [Usuario ts proceso auditoria [Usuario clicks on Botón de Proceso de Inventario, Usuario clicks on Botón de Auditoria, Usuario clicks on Botón de + para agregar auditoria, Usuario is crear auditoria01 [Usuario enters 'Bodega Principal' into input Seleccionar la bodega, Usuario clicks on Lista Seleccionar la bodega, Usuario enters 'Auditoria' into Input de Tipo de documento, Usuario clicks on input Lista Botón de Tipo de documento, Usuario enters 'División' into Input División, Usuario clicks on Lista Input División, Usuario enters 'Familia Ejemplo' into input Familia, Usuario clicks on Lista Input Familia]]]
[Test worker] WARN net.thucydides.core.steps.BaseStepListener - stepStarted: net.thucydides.core.steps.ExecutedStepDescription@23cd5d42
[Test worker] WARN net.thucydides.core.steps.BaseStepListener - stepFinished: current outcome:Proceso Auditoria - Smartstock:Dado que existe una una solicitud de auditoria [Usuario ts abrir pagina [Usuario opens the Ob abrir pagina, Usuario enters 'jhonfquinonesa' into Input para ingresar el usuario, Usuario enters 'Puli0010***' into Input para ingresar la contraseña, Usuario clicks on button para dar ingreso al sitio]], Cuando Crea la orden de de auditoria [Usuario ts proceso auditoria [Usuario clicks on Botón de Proceso de Inventario, Usuario clicks on Botón de Auditoria, Usuario clicks on Botón de + para agregar auditoria, Usuario is crear auditoria01 [Usuario enters 'Bodega Principal' into input Seleccionar la bodega, Usuario clicks on Lista Seleccionar la bodega, Usuario enters 'Auditoria' into Input de Tipo de documento, Usuario clicks on input Lista Botón de Tipo de documento, Usuario enters 'División' into Input División, Usuario clicks on Lista Input División, Usuario enters 'Familia Ejemplo' into input Familia, Usuario clicks on Lista Input Familia, Usuario enters 'SERIAL' into ítem]]]
[Test worker] WARN net.thucydides.core.steps.BaseStepListener - stepStarted: net.thucydides.core.steps.ExecutedStepDescription@1cbc5693
[Test worker] WARN net.thucydides.core.steps.BaseStepListener - stepFinished: current outcome:Proceso Auditoria - Smartstock:Dado que existe una una solicitud de auditoria [Usuario ts abrir pagina [Usuario opens the Ob abrir pagina, Usuario enters 'jhonfquinonesa' into Input para ingresar el usuario, Usuario enters 'Puli0010***' into Input para ingresar la contraseña, Usuario clicks on button para dar ingreso al sitio]], Cuando Crea la orden de de auditoria [Usuario ts proceso auditoria [Usuario clicks on Botón de Proceso de Inventario, Usuario clicks on Botón de Auditoria, Usuario clicks on Botón de + para agregar auditoria, Usuario is crear auditoria01 [Usuario enters 'Bodega Principal' into input Seleccionar la bodega, Usuario clicks on Lista Seleccionar la bodega, Usuario enters 'Auditoria' into Input de Tipo de documento, Usuario clicks on input Lista Botón de Tipo de documento, Usuario enters 'División' into Input División, Usuario clicks on Lista Input División, Usuario enters 'Familia Ejemplo' into input Familia, Usuario clicks on Lista Input Familia, Usuario enters 'SERIAL' into ítem, Usuario clicks on Lista ítem]]]
[Test worker] WARN net.thucydides.core.steps.BaseStepListener - stepStarted: net.thucydides.core.steps.ExecutedStepDescription@681c0ae6
[Test worker] WARN net.thucydides.core.steps.BaseStepListener - stepFinished: current outcome:Proceso Auditoria - Smartstock:Dado que existe una una solicitud de auditoria [Usuario ts abrir pagina [Usuario opens the Ob abrir pagina, Usuario enters 'jhonfquinonesa' into Input para ingresar el usuario, Usuario enters 'Puli0010***' into Input para ingresar la contraseña, Usuario clicks on button para dar ingreso al sitio]], Cuando Crea la orden de de auditoria [Usuario ts proceso auditoria [Usuario clicks on Botón de Proceso de Inventario, Usuario clicks on Botón de Auditoria, Usuario clicks on Botón de + para agregar auditoria, Usuario is crear auditoria01 [Usuario enters 'Bodega Principal' into input Seleccionar la bodega, Usuario clicks on Lista Seleccionar la bodega, Usuario enters 'Auditoria' into Input de Tipo de documento, Usuario clicks on input Lista Botón de Tipo de documento, Usuario enters 'División' into Input División, Usuario clicks on Lista Input División, Usuario enters 'Familia Ejemplo' into input Familia, Usuario clicks on Lista Input Familia, Usuario enters 'SERIAL' into ítem, Usuario clicks on Lista ítem, Usuario clicks on Guardar Auditoria 1]]]
[Test worker] WARN net.thucydides.core.steps.BaseStepListener - stepFinished: current outcome:Proceso Auditoria - Smartstock:Dado que existe una una solicitud de auditoria [Usuario ts abrir pagina [Usuario opens the Ob abrir pagina, Usuario enters 'jhonfquinonesa' into Input para ingresar el usuario, Usuario enters 'Puli0010***' into Input para ingresar la contraseña, Usuario clicks on button para dar ingreso al sitio]], Cuando Crea la orden de de auditoria [Usuario ts proceso auditoria [Usuario clicks on Botón de Proceso de Inventario, Usuario clicks on Botón de Auditoria, Usuario clicks on Botón de + para agregar auditoria, Usuario is crear auditoria01 [Usuario enters 'Bodega Principal' into input Seleccionar la bodega, Usuario clicks on Lista Seleccionar la bodega, Usuario enters 'Auditoria' into Input de Tipo de documento, Usuario clicks on input Lista Botón de Tipo de documento, Usuario enters 'División' into Input División, Usuario clicks on Lista Input División, Usuario enters 'Familia Ejemplo' into input Familia, Usuario clicks on Lista Input Familia, Usuario enters 'SERIAL' into ítem, Usuario clicks on Lista ítem, Usuario clicks on Guardar Auditoria 1]]]
[Test worker] WARN net.thucydides.core.steps.BaseStepListener - stepStarted: net.thucydides.core.steps.ExecutedStepDescription@70716259
[Test worker] WARN net.thucydides.core.steps.BaseStepListener - stepStarted: net.thucydides.core.steps.ExecutedStepDescription@644d1b61
[Test worker] WARN net.thucydides.core.steps.BaseStepListener - stepFinished: current outcome:Proceso Auditoria - Smartstock:Dado que existe una una solicitud de auditoria [Usuario ts abrir pagina [Usuario opens the Ob abrir pagina, Usuario enters 'jhonfquinonesa' into Input para ingresar el usuario, Usuario enters 'Puli0010***' into Input para ingresar la contraseña, Usuario clicks on button para dar ingreso al sitio]], Cuando Crea la orden de de auditoria [Usuario ts proceso auditoria [Usuario clicks on Botón de Proceso de Inventario, Usuario clicks on Botón de Auditoria, Usuario clicks on Botón de + para agregar auditoria, Usuario is crear auditoria01 [Usuario enters 'Bodega Principal' into input Seleccionar la bodega, Usuario clicks on Lista Seleccionar la bodega, Usuario enters 'Auditoria' into Input de Tipo de documento, Usuario clicks on input Lista Botón de Tipo de documento, Usuario enters 'División' into Input División, Usuario clicks on Lista Input División, Usuario enters 'Familia Ejemplo' into input Familia, Usuario clicks on Lista Input Familia, Usuario enters 'SERIAL' into ítem, Usuario clicks on Lista ítem, Usuario clicks on Guardar Auditoria 1], Usuario is gestionar auditoria02 [Usuario enters 'Conteo' into Descripción del conteo]]]
[Test worker] WARN net.thucydides.core.steps.BaseStepListener - stepStarted: net.thucydides.core.steps.ExecutedStepDescription@510689af
[Test worker] WARN net.thucydides.core.steps.BaseStepListener - stepFinished: current outcome:Proceso Auditoria - Smartstock:Dado que existe una una solicitud de auditoria [Usuario ts abrir pagina [Usuario opens the Ob abrir pagina, Usuario enters 'jhonfquinonesa' into Input para ingresar el usuario, Usuario enters 'Puli0010***' into Input para ingresar la contraseña, Usuario clicks on button para dar ingreso al sitio]], Cuando Crea la orden de de auditoria [Usuario ts proceso auditoria [Usuario clicks on Botón de Proceso de Inventario, Usuario clicks on Botón de Auditoria, Usuario clicks on Botón de + para agregar auditoria, Usuario is crear auditoria01 [Usuario enters 'Bodega Principal' into input Seleccionar la bodega, Usuario clicks on Lista Seleccionar la bodega, Usuario enters 'Auditoria' into Input de Tipo de documento, Usuario clicks on input Lista Botón de Tipo de documento, Usuario enters 'División' into Input División, Usuario clicks on Lista Input División, Usuario enters 'Familia Ejemplo' into input Familia, Usuario clicks on Lista Input Familia, Usuario enters 'SERIAL' into ítem, Usuario clicks on Lista ítem, Usuario clicks on Guardar Auditoria 1], Usuario is gestionar auditoria02 [Usuario enters 'Conteo' into Descripción del conteo, Usuario enters 'QA' into Observación del conteo]]]
[Test worker] WARN net.thucydides.core.steps.BaseStepListener - stepStarted: net.thucydides.core.steps.ExecutedStepDescription@3a1b36a1
[Test worker] WARN net.thucydides.core.steps.BaseStepListener - stepFinished: current outcome:Proceso Auditoria - Smartstock:Dado que existe una una solicitud de auditoria [Usuario ts abrir pagina [Usuario opens the Ob abrir pagina, Usuario enters 'jhonfquinonesa' into Input para ingresar el usuario, Usuario enters 'Puli0010***' into Input para ingresar la contraseña, Usuario clicks on button para dar ingreso al sitio]], Cuando Crea la orden de de auditoria [Usuario ts proceso auditoria [Usuario clicks on Botón de Proceso de Inventario, Usuario clicks on Botón de Auditoria, Usuario clicks on Botón de + para agregar auditoria, Usuario is crear auditoria01 [Usuario enters 'Bodega Principal' into input Seleccionar la bodega, Usuario clicks on Lista Seleccionar la bodega, Usuario enters 'Auditoria' into Input de Tipo de documento, Usuario clicks on input Lista Botón de Tipo de documento, Usuario enters 'División' into Input División, Usuario clicks on Lista Input División, Usuario enters 'Familia Ejemplo' into input Familia, Usuario clicks on Lista Input Familia, Usuario enters 'SERIAL' into ítem, Usuario clicks on Lista ítem, Usuario clicks on Guardar Auditoria 1], Usuario is gestionar auditoria02 [Usuario enters 'Conteo' into Descripción del conteo, Usuario enters 'QA' into Observación del conteo, Usuario enters 'Conteo inicial' into Tipo del conteo]]]
[Test worker] WARN net.thucydides.core.steps.BaseStepListener - stepStarted: net.thucydides.core.steps.ExecutedStepDescription@c4d2c44
[Test worker] WARN net.thucydides.core.steps.BaseStepListener - stepFinished: current outcome:Proceso Auditoria - Smartstock:Dado que existe una una solicitud de auditoria [Usuario ts abrir pagina [Usuario opens the Ob abrir pagina, Usuario enters 'jhonfquinonesa' into Input para ingresar el usuario, Usuario enters 'Puli0010***' into Input para ingresar la contraseña, Usuario clicks on button para dar ingreso al sitio]], Cuando Crea la orden de de auditoria [Usuario ts proceso auditoria [Usuario clicks on Botón de Proceso de Inventario, Usuario clicks on Botón de Auditoria, Usuario clicks on Botón de + para agregar auditoria, Usuario is crear auditoria01 [Usuario enters 'Bodega Principal' into input Seleccionar la bodega, Usuario clicks on Lista Seleccionar la bodega, Usuario enters 'Auditoria' into Input de Tipo de documento, Usuario clicks on input Lista Botón de Tipo de documento, Usuario enters 'División' into Input División, Usuario clicks on Lista Input División, Usuario enters 'Familia Ejemplo' into input Familia, Usuario clicks on Lista Input Familia, Usuario enters 'SERIAL' into ítem, Usuario clicks on Lista ítem, Usuario clicks on Guardar Auditoria 1], Usuario is gestionar auditoria02 [Usuario enters 'Conteo' into Descripción del conteo, Usuario enters 'QA' into Observación del conteo, Usuario enters 'Conteo inicial' into Tipo del conteo, Usuario clicks on List Tipo del conteo]]]
[Test worker] WARN net.thucydides.core.steps.BaseStepListener - stepStarted: net.thucydides.core.steps.ExecutedStepDescription@17222c11
[Test worker] WARN net.thucydides.core.steps.BaseStepListener - stepFinished: current outcome:Proceso Auditoria - Smartstock:Dado que existe una una solicitud de auditoria [Usuario ts abrir pagina [Usuario opens the Ob abrir pagina, Usuario enters 'jhonfquinonesa' into Input para ingresar el usuario, Usuario enters 'Puli0010***' into Input para ingresar la contraseña, Usuario clicks on button para dar ingreso al sitio]], Cuando Crea la orden de de auditoria [Usuario ts proceso auditoria [Usuario clicks on Botón de Proceso de Inventario, Usuario clicks on Botón de Auditoria, Usuario clicks on Botón de + para agregar auditoria, Usuario is crear auditoria01 [Usuario enters 'Bodega Principal' into input Seleccionar la bodega, Usuario clicks on Lista Seleccionar la bodega, Usuario enters 'Auditoria' into Input de Tipo de documento, Usuario clicks on input Lista Botón de Tipo de documento, Usuario enters 'División' into Input División, Usuario clicks on Lista Input División, Usuario enters 'Familia Ejemplo' into input Familia, Usuario clicks on Lista Input Familia, Usuario enters 'SERIAL' into ítem, Usuario clicks on Lista ítem, Usuario clicks on Guardar Auditoria 1], Usuario is gestionar auditoria02 [Usuario enters 'Conteo' into Descripción del conteo, Usuario enters 'QA' into Observación del conteo, Usuario enters 'Conteo inicial' into Tipo del conteo, Usuario clicks on List Tipo del conteo, Usuario clicks on Guardar -  conteo]]]
[Test worker] WARN net.thucydides.core.steps.BaseStepListener - stepStarted: net.thucydides.core.steps.ExecutedStepDescription@fb5aeed
[Test worker] WARN net.thucydides.core.steps.BaseStepListener - stepStarted: net.thucydides.core.steps.ExecutedStepDescription@1cd6b1bd
[Test worker] WARN net.thucydides.core.steps.BaseStepListener - stepStarted: net.thucydides.core.steps.ExecutedStepDescription@1a531422
[Test worker] WARN net.thucydides.core.steps.BaseStepListener - stepFinished: current outcome:Proceso Auditoria - Smartstock:Dado que existe una una solicitud de auditoria [Usuario ts abrir pagina [Usuario opens the Ob abrir pagina, Usuario enters 'jhonfquinonesa' into Input para ingresar el usuario, Usuario enters 'Puli0010***' into Input para ingresar la contraseña, Usuario clicks on button para dar ingreso al sitio]], Cuando Crea la orden de de auditoria [Usuario ts proceso auditoria [Usuario clicks on Botón de Proceso de Inventario, Usuario clicks on Botón de Auditoria, Usuario clicks on Botón de + para agregar auditoria, Usuario is crear auditoria01 [Usuario enters 'Bodega Principal' into input Seleccionar la bodega, Usuario clicks on Lista Seleccionar la bodega, Usuario enters 'Auditoria' into Input de Tipo de documento, Usuario clicks on input Lista Botón de Tipo de documento, Usuario enters 'División' into Input División, Usuario clicks on Lista Input División, Usuario enters 'Familia Ejemplo' into input Familia, Usuario clicks on Lista Input Familia, Usuario enters 'SERIAL' into ítem, Usuario clicks on Lista ítem, Usuario clicks on Guardar Auditoria 1], Usuario is gestionar auditoria02 [Usuario enters 'Conteo' into Descripción del conteo, Usuario enters 'QA' into Observación del conteo, Usuario enters 'Conteo inicial' into Tipo del conteo, Usuario clicks on List Tipo del conteo, Usuario clicks on Guardar -  conteo, Usuario is tipo seriales03 [Usuario inputs lista cantidad [Usuario clicks on Gestionar Conteo -  conteo]]]]]
[Test worker] WARN net.thucydides.core.steps.BaseStepListener - stepStarted: net.thucydides.core.steps.ExecutedStepDescription@2322e56f
[Test worker] WARN net.thucydides.core.steps.BaseStepListener - stepFinished: current outcome:Proceso Auditoria - Smartstock:Dado que existe una una solicitud de auditoria [Usuario ts abrir pagina [Usuario opens the Ob abrir pagina, Usuario enters 'jhonfquinonesa' into Input para ingresar el usuario, Usuario enters 'Puli0010***' into Input para ingresar la contraseña, Usuario clicks on button para dar ingreso al sitio]], Cuando Crea la orden de de auditoria [Usuario ts proceso auditoria [Usuario clicks on Botón de Proceso de Inventario, Usuario clicks on Botón de Auditoria, Usuario clicks on Botón de + para agregar auditoria, Usuario is crear auditoria01 [Usuario enters 'Bodega Principal' into input Seleccionar la bodega, Usuario clicks on Lista Seleccionar la bodega, Usuario enters 'Auditoria' into Input de Tipo de documento, Usuario clicks on input Lista Botón de Tipo de documento, Usuario enters 'División' into Input División, Usuario clicks on Lista Input División, Usuario enters 'Familia Ejemplo' into input Familia, Usuario clicks on Lista Input Familia, Usuario enters 'SERIAL' into ítem, Usuario clicks on Lista ítem, Usuario clicks on Guardar Auditoria 1], Usuario is gestionar auditoria02 [Usuario enters 'Conteo' into Descripción del conteo, Usuario enters 'QA' into Observación del conteo, Usuario enters 'Conteo inicial' into Tipo del conteo, Usuario clicks on List Tipo del conteo, Usuario clicks on Guardar -  conteo, Usuario is tipo seriales03 [Usuario inputs lista cantidad [Usuario clicks on Gestionar Conteo -  conteo, Usuario enters '1' into Campos de cantidad a gestionar en la auditoria1]]]]]
[Test worker] WARN net.thucydides.core.steps.BaseStepListener - stepStarted: net.thucydides.core.steps.ExecutedStepDescription@5dbab232
[Test worker] WARN net.thucydides.core.steps.BaseStepListener - stepFinished: current outcome:Proceso Auditoria - Smartstock:Dado que existe una una solicitud de auditoria [Usuario ts abrir pagina [Usuario opens the Ob abrir pagina, Usuario enters 'jhonfquinonesa' into Input para ingresar el usuario, Usuario enters 'Puli0010***' into Input para ingresar la contraseña, Usuario clicks on button para dar ingreso al sitio]], Cuando Crea la orden de de auditoria [Usuario ts proceso auditoria [Usuario clicks on Botón de Proceso de Inventario, Usuario clicks on Botón de Auditoria, Usuario clicks on Botón de + para agregar auditoria, Usuario is crear auditoria01 [Usuario enters 'Bodega Principal' into input Seleccionar la bodega, Usuario clicks on Lista Seleccionar la bodega, Usuario enters 'Auditoria' into Input de Tipo de documento, Usuario clicks on input Lista Botón de Tipo de documento, Usuario enters 'División' into Input División, Usuario clicks on Lista Input División, Usuario enters 'Familia Ejemplo' into input Familia, Usuario clicks on Lista Input Familia, Usuario enters 'SERIAL' into ítem, Usuario clicks on Lista ítem, Usuario clicks on Guardar Auditoria 1], Usuario is gestionar auditoria02 [Usuario enters 'Conteo' into Descripción del conteo, Usuario enters 'QA' into Observación del conteo, Usuario enters 'Conteo inicial' into Tipo del conteo, Usuario clicks on List Tipo del conteo, Usuario clicks on Guardar -  conteo, Usuario is tipo seriales03 [Usuario inputs lista cantidad [Usuario clicks on Gestionar Conteo -  conteo, Usuario enters '1' into Campos de cantidad a gestionar en la auditoria1, Usuario enters '1' into Campos de cantidad a gestionar en la auditoria2]]]]]
[Test worker] WARN net.thucydides.core.steps.BaseStepListener - stepStarted: net.thucydides.core.steps.ExecutedStepDescription@6f3bd37f
[Test worker] WARN net.thucydides.core.steps.BaseStepListener - stepFinished: current outcome:Proceso Auditoria - Smartstock:Dado que existe una una solicitud de auditoria [Usuario ts abrir pagina [Usuario opens the Ob abrir pagina, Usuario enters 'jhonfquinonesa' into Input para ingresar el usuario, Usuario enters 'Puli0010***' into Input para ingresar la contraseña, Usuario clicks on button para dar ingreso al sitio]], Cuando Crea la orden de de auditoria [Usuario ts proceso auditoria [Usuario clicks on Botón de Proceso de Inventario, Usuario clicks on Botón de Auditoria, Usuario clicks on Botón de + para agregar auditoria, Usuario is crear auditoria01 [Usuario enters 'Bodega Principal' into input Seleccionar la bodega, Usuario clicks on Lista Seleccionar la bodega, Usuario enters 'Auditoria' into Input de Tipo de documento, Usuario clicks on input Lista Botón de Tipo de documento, Usuario enters 'División' into Input División, Usuario clicks on Lista Input División, Usuario enters 'Familia Ejemplo' into input Familia, Usuario clicks on Lista Input Familia, Usuario enters 'SERIAL' into ítem, Usuario clicks on Lista ítem, Usuario clicks on Guardar Auditoria 1], Usuario is gestionar auditoria02 [Usuario enters 'Conteo' into Descripción del conteo, Usuario enters 'QA' into Observación del conteo, Usuario enters 'Conteo inicial' into Tipo del conteo, Usuario clicks on List Tipo del conteo, Usuario clicks on Guardar -  conteo, Usuario is tipo seriales03 [Usuario inputs lista cantidad [Usuario clicks on Gestionar Conteo -  conteo, Usuario enters '1' into Campos de cantidad a gestionar en la auditoria1, Usuario enters '1' into Campos de cantidad a gestionar en la auditoria2, Usuario enters '1' into Campos de cantidad a gestionar en la auditoria3]]]]]
[Test worker] WARN net.thucydides.core.steps.BaseStepListener - stepStarted: net.thucydides.core.steps.ExecutedStepDescription@6568f998
[Test worker] WARN net.thucydides.core.steps.BaseStepListener - stepFinished: current outcome:Proceso Auditoria - Smartstock:Dado que existe una una solicitud de auditoria [Usuario ts abrir pagina [Usuario opens the Ob abrir pagina, Usuario enters 'jhonfquinonesa' into Input para ingresar el usuario, Usuario enters 'Puli0010***' into Input para ingresar la contraseña, Usuario clicks on button para dar ingreso al sitio]], Cuando Crea la orden de de auditoria [Usuario ts proceso auditoria [Usuario clicks on Botón de Proceso de Inventario, Usuario clicks on Botón de Auditoria, Usuario clicks on Botón de + para agregar auditoria, Usuario is crear auditoria01 [Usuario enters 'Bodega Principal' into input Seleccionar la bodega, Usuario clicks on Lista Seleccionar la bodega, Usuario enters 'Auditoria' into Input de Tipo de documento, Usuario clicks on input Lista Botón de Tipo de documento, Usuario enters 'División' into Input División, Usuario clicks on Lista Input División, Usuario enters 'Familia Ejemplo' into input Familia, Usuario clicks on Lista Input Familia, Usuario enters 'SERIAL' into ítem, Usuario clicks on Lista ítem, Usuario clicks on Guardar Auditoria 1], Usuario is gestionar auditoria02 [Usuario enters 'Conteo' into Descripción del conteo, Usuario enters 'QA' into Observación del conteo, Usuario enters 'Conteo inicial' into Tipo del conteo, Usuario clicks on List Tipo del conteo, Usuario clicks on Guardar -  conteo, Usuario is tipo seriales03 [Usuario inputs lista cantidad [Usuario clicks on Gestionar Conteo -  conteo, Usuario enters '1' into Campos de cantidad a gestionar en la auditoria1, Usuario enters '1' into Campos de cantidad a gestionar en la auditoria2, Usuario enters '1' into Campos de cantidad a gestionar en la auditoria3, Usuario enters '1' into Campos de cantidad a gestionar en la auditoria4]]]]]
[Test worker] WARN net.thucydides.core.steps.BaseStepListener - stepStarted: net.thucydides.core.steps.ExecutedStepDescription@28989415
[Test worker] WARN net.thucydides.core.steps.BaseStepListener - stepFinished: current outcome:Proceso Auditoria - Smartstock:Dado que existe una una solicitud de auditoria [Usuario ts abrir pagina [Usuario opens the Ob abrir pagina, Usuario enters 'jhonfquinonesa' into Input para ingresar el usuario, Usuario enters 'Puli0010***' into Input para ingresar la contraseña, Usuario clicks on button para dar ingreso al sitio]], Cuando Crea la orden de de auditoria [Usuario ts proceso auditoria [Usuario clicks on Botón de Proceso de Inventario, Usuario clicks on Botón de Auditoria, Usuario clicks on Botón de + para agregar auditoria, Usuario is crear auditoria01 [Usuario enters 'Bodega Principal' into input Seleccionar la bodega, Usuario clicks on Lista Seleccionar la bodega, Usuario enters 'Auditoria' into Input de Tipo de documento, Usuario clicks on input Lista Botón de Tipo de documento, Usuario enters 'División' into Input División, Usuario clicks on Lista Input División, Usuario enters 'Familia Ejemplo' into input Familia, Usuario clicks on Lista Input Familia, Usuario enters 'SERIAL' into ítem, Usuario clicks on Lista ítem, Usuario clicks on Guardar Auditoria 1], Usuario is gestionar auditoria02 [Usuario enters 'Conteo' into Descripción del conteo, Usuario enters 'QA' into Observación del conteo, Usuario enters 'Conteo inicial' into Tipo del conteo, Usuario clicks on List Tipo del conteo, Usuario clicks on Guardar -  conteo, Usuario is tipo seriales03 [Usuario inputs lista cantidad [Usuario clicks on Gestionar Conteo -  conteo, Usuario enters '1' into Campos de cantidad a gestionar en la auditoria1, Usuario enters '1' into Campos de cantidad a gestionar en la auditoria2, Usuario enters '1' into Campos de cantidad a gestionar en la auditoria3, Usuario enters '1' into Campos de cantidad a gestionar en la auditoria4, Usuario enters '1' into Campos de cantidad a gestionar en la auditoria5]]]]]
[Test worker] WARN net.thucydides.core.steps.BaseStepListener - stepStarted: net.thucydides.core.steps.ExecutedStepDescription@722787b5
[Test worker] WARN net.thucydides.core.steps.BaseStepListener - stepFinished: current outcome:Proceso Auditoria - Smartstock:Dado que existe una una solicitud de auditoria [Usuario ts abrir pagina [Usuario opens the Ob abrir pagina, Usuario enters 'jhonfquinonesa' into Input para ingresar el usuario, Usuario enters 'Puli0010***' into Input para ingresar la contraseña, Usuario clicks on button para dar ingreso al sitio]], Cuando Crea la orden de de auditoria [Usuario ts proceso auditoria [Usuario clicks on Botón de Proceso de Inventario, Usuario clicks on Botón de Auditoria, Usuario clicks on Botón de + para agregar auditoria, Usuario is crear auditoria01 [Usuario enters 'Bodega Principal' into input Seleccionar la bodega, Usuario clicks on Lista Seleccionar la bodega, Usuario enters 'Auditoria' into Input de Tipo de documento, Usuario clicks on input Lista Botón de Tipo de documento, Usuario enters 'División' into Input División, Usuario clicks on Lista Input División, Usuario enters 'Familia Ejemplo' into input Familia, Usuario clicks on Lista Input Familia, Usuario enters 'SERIAL' into ítem, Usuario clicks on Lista ítem, Usuario clicks on Guardar Auditoria 1], Usuario is gestionar auditoria02 [Usuario enters 'Conteo' into Descripción del conteo, Usuario enters 'QA' into Observación del conteo, Usuario enters 'Conteo inicial' into Tipo del conteo, Usuario clicks on List Tipo del conteo, Usuario clicks on Guardar -  conteo, Usuario is tipo seriales03 [Usuario inputs lista cantidad [Usuario clicks on Gestionar Conteo -  conteo, Usuario enters '1' into Campos de cantidad a gestionar en la auditoria1, Usuario enters '1' into Campos de cantidad a gestionar en la auditoria2, Usuario enters '1' into Campos de cantidad a gestionar en la auditoria3, Usuario enters '1' into Campos de cantidad a gestionar en la auditoria4, Usuario enters '1' into Campos de cantidad a gestionar en la auditoria5, Usuario enters '1' into Campos de cantidad a gestionar en la auditoria6]]]]]
[Test worker] WARN net.thucydides.core.steps.BaseStepListener - stepStarted: net.thucydides.core.steps.ExecutedStepDescription@8f39224
[Test worker] WARN net.thucydides.core.steps.BaseStepListener - stepFinished: current outcome:Proceso Auditoria - Smartstock:Dado que existe una una solicitud de auditoria [Usuario ts abrir pagina [Usuario opens the Ob abrir pagina, Usuario enters 'jhonfquinonesa' into Input para ingresar el usuario, Usuario enters 'Puli0010***' into Input para ingresar la contraseña, Usuario clicks on button para dar ingreso al sitio]], Cuando Crea la orden de de auditoria [Usuario ts proceso auditoria [Usuario clicks on Botón de Proceso de Inventario, Usuario clicks on Botón de Auditoria, Usuario clicks on Botón de + para agregar auditoria, Usuario is crear auditoria01 [Usuario enters 'Bodega Principal' into input Seleccionar la bodega, Usuario clicks on Lista Seleccionar la bodega, Usuario enters 'Auditoria' into Input de Tipo de documento, Usuario clicks on input Lista Botón de Tipo de documento, Usuario enters 'División' into Input División, Usuario clicks on Lista Input División, Usuario enters 'Familia Ejemplo' into input Familia, Usuario clicks on Lista Input Familia, Usuario enters 'SERIAL' into ítem, Usuario clicks on Lista ítem, Usuario clicks on Guardar Auditoria 1], Usuario is gestionar auditoria02 [Usuario enters 'Conteo' into Descripción del conteo, Usuario enters 'QA' into Observación del conteo, Usuario enters 'Conteo inicial' into Tipo del conteo, Usuario clicks on List Tipo del conteo, Usuario clicks on Guardar -  conteo, Usuario is tipo seriales03 [Usuario inputs lista cantidad [Usuario clicks on Gestionar Conteo -  conteo, Usuario enters '1' into Campos de cantidad a gestionar en la auditoria1, Usuario enters '1' into Campos de cantidad a gestionar en la auditoria2, Usuario enters '1' into Campos de cantidad a gestionar en la auditoria3, Usuario enters '1' into Campos de cantidad a gestionar en la auditoria4, Usuario enters '1' into Campos de cantidad a gestionar en la auditoria5, Usuario enters '1' into Campos de cantidad a gestionar en la auditoria6, Usuario enters '1' into Campos de cantidad a gestionar en la auditoria7]]]]]
[Test worker] WARN net.thucydides.core.steps.BaseStepListener - stepStarted: net.thucydides.core.steps.ExecutedStepDescription@76828577
[Test worker] WARN net.thucydides.core.steps.BaseStepListener - stepFinished: current outcome:Proceso Auditoria - Smartstock:Dado que existe una una solicitud de auditoria [Usuario ts abrir pagina [Usuario opens the Ob abrir pagina, Usuario enters 'jhonfquinonesa' into Input para ingresar el usuario, Usuario enters 'Puli0010***' into Input para ingresar la contraseña, Usuario clicks on button para dar ingreso al sitio]], Cuando Crea la orden de de auditoria [Usuario ts proceso auditoria [Usuario clicks on Botón de Proceso de Inventario, Usuario clicks on Botón de Auditoria, Usuario clicks on Botón de + para agregar auditoria, Usuario is crear auditoria01 [Usuario enters 'Bodega Principal' into input Seleccionar la bodega, Usuario clicks on Lista Seleccionar la bodega, Usuario enters 'Auditoria' into Input de Tipo de documento, Usuario clicks on input Lista Botón de Tipo de documento, Usuario enters 'División' into Input División, Usuario clicks on Lista Input División, Usuario enters 'Familia Ejemplo' into input Familia, Usuario clicks on Lista Input Familia, Usuario enters 'SERIAL' into ítem, Usuario clicks on Lista ítem, Usuario clicks on Guardar Auditoria 1], Usuario is gestionar auditoria02 [Usuario enters 'Conteo' into Descripción del conteo, Usuario enters 'QA' into Observación del conteo, Usuario enters 'Conteo inicial' into Tipo del conteo, Usuario clicks on List Tipo del conteo, Usuario clicks on Guardar -  conteo, Usuario is tipo seriales03 [Usuario inputs lista cantidad [Usuario clicks on Gestionar Conteo -  conteo, Usuario enters '1' into Campos de cantidad a gestionar en la auditoria1, Usuario enters '1' into Campos de cantidad a gestionar en la auditoria2, Usuario enters '1' into Campos de cantidad a gestionar en la auditoria3, Usuario enters '1' into Campos de cantidad a gestionar en la auditoria4, Usuario enters '1' into Campos de cantidad a gestionar en la auditoria5, Usuario enters '1' into Campos de cantidad a gestionar en la auditoria6, Usuario enters '1' into Campos de cantidad a gestionar en la auditoria7, Usuario enters '1' into Campos de cantidad a gestionar en la auditoria8]]]]]
[Test worker] WARN net.thucydides.core.steps.BaseStepListener - stepStarted: net.thucydides.core.steps.ExecutedStepDescription@322b09da
[Test worker] WARN net.thucydides.core.steps.BaseStepListener - stepFinished: current outcome:Proceso Auditoria - Smartstock:Dado que existe una una solicitud de auditoria [Usuario ts abrir pagina [Usuario opens the Ob abrir pagina, Usuario enters 'jhonfquinonesa' into Input para ingresar el usuario, Usuario enters 'Puli0010***' into Input para ingresar la contraseña, Usuario clicks on button para dar ingreso al sitio]], Cuando Crea la orden de de auditoria [Usuario ts proceso auditoria [Usuario clicks on Botón de Proceso de Inventario, Usuario clicks on Botón de Auditoria, Usuario clicks on Botón de + para agregar auditoria, Usuario is crear auditoria01 [Usuario enters 'Bodega Principal' into input Seleccionar la bodega, Usuario clicks on Lista Seleccionar la bodega, Usuario enters 'Auditoria' into Input de Tipo de documento, Usuario clicks on input Lista Botón de Tipo de documento, Usuario enters 'División' into Input División, Usuario clicks on Lista Input División, Usuario enters 'Familia Ejemplo' into input Familia, Usuario clicks on Lista Input Familia, Usuario enters 'SERIAL' into ítem, Usuario clicks on Lista ítem, Usuario clicks on Guardar Auditoria 1], Usuario is gestionar auditoria02 [Usuario enters 'Conteo' into Descripción del conteo, Usuario enters 'QA' into Observación del conteo, Usuario enters 'Conteo inicial' into Tipo del conteo, Usuario clicks on List Tipo del conteo, Usuario clicks on Guardar -  conteo, Usuario is tipo seriales03 [Usuario inputs lista cantidad [Usuario clicks on Gestionar Conteo -  conteo, Usuario enters '1' into Campos de cantidad a gestionar en la auditoria1, Usuario enters '1' into Campos de cantidad a gestionar en la auditoria2, Usuario enters '1' into Campos de cantidad a gestionar en la auditoria3, Usuario enters '1' into Campos de cantidad a gestionar en la auditoria4, Usuario enters '1' into Campos de cantidad a gestionar en la auditoria5, Usuario enters '1' into Campos de cantidad a gestionar en la auditoria6, Usuario enters '1' into Campos de cantidad a gestionar en la auditoria7, Usuario enters '1' into Campos de cantidad a gestionar en la auditoria8, Usuario enters '1' into Campos de cantidad a gestionar en la auditoria9]]]]]
[Test worker] WARN net.thucydides.core.steps.BaseStepListener - stepStarted: net.thucydides.core.steps.ExecutedStepDescription@1d2def55
[Test worker] WARN net.thucydides.core.steps.BaseStepListener - stepFinished: current outcome:Proceso Auditoria - Smartstock:Dado que existe una una solicitud de auditoria [Usuario ts abrir pagina [Usuario opens the Ob abrir pagina, Usuario enters 'jhonfquinonesa' into Input para ingresar el usuario, Usuario enters 'Puli0010***' into Input para ingresar la contraseña, Usuario clicks on button para dar ingreso al sitio]], Cuando Crea la orden de de auditoria [Usuario ts proceso auditoria [Usuario clicks on Botón de Proceso de Inventario, Usuario clicks on Botón de Auditoria, Usuario clicks on Botón de + para agregar auditoria, Usuario is crear auditoria01 [Usuario enters 'Bodega Principal' into input Seleccionar la bodega, Usuario clicks on Lista Seleccionar la bodega, Usuario enters 'Auditoria' into Input de Tipo de documento, Usuario clicks on input Lista Botón de Tipo de documento, Usuario enters 'División' into Input División, Usuario clicks on Lista Input División, Usuario enters 'Familia Ejemplo' into input Familia, Usuario clicks on Lista Input Familia, Usuario enters 'SERIAL' into ítem, Usuario clicks on Lista ítem, Usuario clicks on Guardar Auditoria 1], Usuario is gestionar auditoria02 [Usuario enters 'Conteo' into Descripción del conteo, Usuario enters 'QA' into Observación del conteo, Usuario enters 'Conteo inicial' into Tipo del conteo, Usuario clicks on List Tipo del conteo, Usuario clicks on Guardar -  conteo, Usuario is tipo seriales03 [Usuario inputs lista cantidad [Usuario clicks on Gestionar Conteo -  conteo, Usuario enters '1' into Campos de cantidad a gestionar en la auditoria1, Usuario enters '1' into Campos de cantidad a gestionar en la auditoria2, Usuario enters '1' into Campos de cantidad a gestionar en la auditoria3, Usuario enters '1' into Campos de cantidad a gestionar en la auditoria4, Usuario enters '1' into Campos de cantidad a gestionar en la auditoria5, Usuario enters '1' into Campos de cantidad a gestionar en la auditoria6, Usuario enters '1' into Campos de cantidad a gestionar en la auditoria7, Usuario enters '1' into Campos de cantidad a gestionar en la auditoria8, Usuario enters '1' into Campos de cantidad a gestionar en la auditoria9, Usuario enters '1' into Campos de cantidad a gestionar en la auditoria10]]]]]
[Test worker] WARN net.thucydides.core.steps.BaseStepListener - stepStarted: net.thucydides.core.steps.ExecutedStepDescription@3d3930fe
[Test worker] WARN net.thucydides.core.steps.BaseStepListener - stepFinished: current outcome:Proceso Auditoria - Smartstock:Dado que existe una una solicitud de auditoria [Usuario ts abrir pagina [Usuario opens the Ob abrir pagina, Usuario enters 'jhonfquinonesa' into Input para ingresar el usuario, Usuario enters 'Puli0010***' into Input para ingresar la contraseña, Usuario clicks on button para dar ingreso al sitio]], Cuando Crea la orden de de auditoria [Usuario ts proceso auditoria [Usuario clicks on Botón de Proceso de Inventario, Usuario clicks on Botón de Auditoria, Usuario clicks on Botón de + para agregar auditoria, Usuario is crear auditoria01 [Usuario enters 'Bodega Principal' into input Seleccionar la bodega, Usuario clicks on Lista Seleccionar la bodega, Usuario enters 'Auditoria' into Input de Tipo de documento, Usuario clicks on input Lista Botón de Tipo de documento, Usuario enters 'División' into Input División, Usuario clicks on Lista Input División, Usuario enters 'Familia Ejemplo' into input Familia, Usuario clicks on Lista Input Familia, Usuario enters 'SERIAL' into ítem, Usuario clicks on Lista ítem, Usuario clicks on Guardar Auditoria 1], Usuario is gestionar auditoria02 [Usuario enters 'Conteo' into Descripción del conteo, Usuario enters 'QA' into Observación del conteo, Usuario enters 'Conteo inicial' into Tipo del conteo, Usuario clicks on List Tipo del conteo, Usuario clicks on Guardar -  conteo, Usuario is tipo seriales03 [Usuario inputs lista cantidad [Usuario clicks on Gestionar Conteo -  conteo, Usuario enters '1' into Campos de cantidad a gestionar en la auditoria1, Usuario enters '1' into Campos de cantidad a gestionar en la auditoria2, Usuario enters '1' into Campos de cantidad a gestionar en la auditoria3, Usuario enters '1' into Campos de cantidad a gestionar en la auditoria4, Usuario enters '1' into Campos de cantidad a gestionar en la auditoria5, Usuario enters '1' into Campos de cantidad a gestionar en la auditoria6, Usuario enters '1' into Campos de cantidad a gestionar en la auditoria7, Usuario enters '1' into Campos de cantidad a gestionar en la auditoria8, Usuario enters '1' into Campos de cantidad a gestionar en la auditoria9, Usuario enters '1' into Campos de cantidad a gestionar en la auditoria10, Usuario btn agregar list]]]]]
[Test worker] WARN net.thucydides.core.steps.BaseStepListener - stepStarted: net.thucydides.core.steps.ExecutedStepDescription@7d7b4e04
[Test worker] WARN net.thucydides.core.steps.BaseStepListener - stepFinished: current outcome:Proceso Auditoria - Smartstock:Dado que existe una una solicitud de auditoria [Usuario ts abrir pagina [Usuario opens the Ob abrir pagina, Usuario enters 'jhonfquinonesa' into Input para ingresar el usuario, Usuario enters 'Puli0010***' into Input para ingresar la contraseña, Usuario clicks on button para dar ingreso al sitio]], Cuando Crea la orden de de auditoria [Usuario ts proceso auditoria [Usuario clicks on Botón de Proceso de Inventario, Usuario clicks on Botón de Auditoria, Usuario clicks on Botón de + para agregar auditoria, Usuario is crear auditoria01 [Usuario enters 'Bodega Principal' into input Seleccionar la bodega, Usuario clicks on Lista Seleccionar la bodega, Usuario enters 'Auditoria' into Input de Tipo de documento, Usuario clicks on input Lista Botón de Tipo de documento, Usuario enters 'División' into Input División, Usuario clicks on Lista Input División, Usuario enters 'Familia Ejemplo' into input Familia, Usuario clicks on Lista Input Familia, Usuario enters 'SERIAL' into ítem, Usuario clicks on Lista ítem, Usuario clicks on Guardar Auditoria 1], Usuario is gestionar auditoria02 [Usuario enters 'Conteo' into Descripción del conteo, Usuario enters 'QA' into Observación del conteo, Usuario enters 'Conteo inicial' into Tipo del conteo, Usuario clicks on List Tipo del conteo, Usuario clicks on Guardar -  conteo, Usuario is tipo seriales03 [Usuario inputs lista cantidad [Usuario clicks on Gestionar Conteo -  conteo, Usuario enters '1' into Campos de cantidad a gestionar en la auditoria1, Usuario enters '1' into Campos de cantidad a gestionar en la auditoria2, Usuario enters '1' into Campos de cantidad a gestionar en la auditoria3, Usuario enters '1' into Campos de cantidad a gestionar en la auditoria4, Usuario enters '1' into Campos de cantidad a gestionar en la auditoria5, Usuario enters '1' into Campos de cantidad a gestionar en la auditoria6, Usuario enters '1' into Campos de cantidad a gestionar en la auditoria7, Usuario enters '1' into Campos de cantidad a gestionar en la auditoria8, Usuario enters '1' into Campos de cantidad a gestionar en la auditoria9, Usuario enters '1' into Campos de cantidad a gestionar en la auditoria10, Usuario btn agregar list, Usuario clicks on Siguiente pagina para ver los demas productos de la auditoria]]]]]
[Test worker] WARN net.thucydides.core.steps.BaseStepListener - stepStarted: net.thucydides.core.steps.ExecutedStepDescription@2a9e754e
[Test worker] WARN net.thucydides.core.steps.BaseStepListener - stepFinished: current outcome:Proceso Auditoria - Smartstock:Dado que existe una una solicitud de auditoria [Usuario ts abrir pagina [Usuario opens the Ob abrir pagina, Usuario enters 'jhonfquinonesa' into Input para ingresar el usuario, Usuario enters 'Puli0010***' into Input para ingresar la contraseña, Usuario clicks on button para dar ingreso al sitio]], Cuando Crea la orden de de auditoria [Usuario ts proceso auditoria [Usuario clicks on Botón de Proceso de Inventario, Usuario clicks on Botón de Auditoria, Usuario clicks on Botón de + para agregar auditoria, Usuario is crear auditoria01 [Usuario enters 'Bodega Principal' into input Seleccionar la bodega, Usuario clicks on Lista Seleccionar la bodega, Usuario enters 'Auditoria' into Input de Tipo de documento, Usuario clicks on input Lista Botón de Tipo de documento, Usuario enters 'División' into Input División, Usuario clicks on Lista Input División, Usuario enters 'Familia Ejemplo' into input Familia, Usuario clicks on Lista Input Familia, Usuario enters 'SERIAL' into ítem, Usuario clicks on Lista ítem, Usuario clicks on Guardar Auditoria 1], Usuario is gestionar auditoria02 [Usuario enters 'Conteo' into Descripción del conteo, Usuario enters 'QA' into Observación del conteo, Usuario enters 'Conteo inicial' into Tipo del conteo, Usuario clicks on List Tipo del conteo, Usuario clicks on Guardar -  conteo, Usuario is tipo seriales03 [Usuario inputs lista cantidad [Usuario clicks on Gestionar Conteo -  conteo, Usuario enters '1' into Campos de cantidad a gestionar en la auditoria1, Usuario enters '1' into Campos de cantidad a gestionar en la auditoria2, Usuario enters '1' into Campos de cantidad a gestionar en la auditoria3, Usuario enters '1' into Campos de cantidad a gestionar en la auditoria4, Usuario enters '1' into Campos de cantidad a gestionar en la auditoria5, Usuario enters '1' into Campos de cantidad a gestionar en la auditoria6, Usuario enters '1' into Campos de cantidad a gestionar en la auditoria7, Usuario enters '1' into Campos de cantidad a gestionar en la auditoria8, Usuario enters '1' into Campos de cantidad a gestionar en la auditoria9, Usuario enters '1' into Campos de cantidad a gestionar en la auditoria10, Usuario btn agregar list, Usuario clicks on Siguiente pagina para ver los demas productos de la auditoria, Usuario enters '1' into Campos de cantidad a gestionar en la auditoria1]]]]]
[Test worker] WARN net.thucydides.core.steps.BaseStepListener - stepStarted: net.thucydides.core.steps.ExecutedStepDescription@2beee3e8
[Test worker] WARN net.thucydides.core.steps.BaseStepListener - stepFinished: current outcome:Proceso Auditoria - Smartstock:Dado que existe una una solicitud de auditoria [Usuario ts abrir pagina [Usuario opens the Ob abrir pagina, Usuario enters 'jhonfquinonesa' into Input para ingresar el usuario, Usuario enters 'Puli0010***' into Input para ingresar la contraseña, Usuario clicks on button para dar ingreso al sitio]], Cuando Crea la orden de de auditoria [Usuario ts proceso auditoria [Usuario clicks on Botón de Proceso de Inventario, Usuario clicks on Botón de Auditoria, Usuario clicks on Botón de + para agregar auditoria, Usuario is crear auditoria01 [Usuario enters 'Bodega Principal' into input Seleccionar la bodega, Usuario clicks on Lista Seleccionar la bodega, Usuario enters 'Auditoria' into Input de Tipo de documento, Usuario clicks on input Lista Botón de Tipo de documento, Usuario enters 'División' into Input División, Usuario clicks on Lista Input División, Usuario enters 'Familia Ejemplo' into input Familia, Usuario clicks on Lista Input Familia, Usuario enters 'SERIAL' into ítem, Usuario clicks on Lista ítem, Usuario clicks on Guardar Auditoria 1], Usuario is gestionar auditoria02 [Usuario enters 'Conteo' into Descripción del conteo, Usuario enters 'QA' into Observación del conteo, Usuario enters 'Conteo inicial' into Tipo del conteo, Usuario clicks on List Tipo del conteo, Usuario clicks on Guardar -  conteo, Usuario is tipo seriales03 [Usuario inputs lista cantidad [Usuario clicks on Gestionar Conteo -  conteo, Usuario enters '1' into Campos de cantidad a gestionar en la auditoria1, Usuario enters '1' into Campos de cantidad a gestionar en la auditoria2, Usuario enters '1' into Campos de cantidad a gestionar en la auditoria3, Usuario enters '1' into Campos de cantidad a gestionar en la auditoria4, Usuario enters '1' into Campos de cantidad a gestionar en la auditoria5, Usuario enters '1' into Campos de cantidad a gestionar en la auditoria6, Usuario enters '1' into Campos de cantidad a gestionar en la auditoria7, Usuario enters '1' into Campos de cantidad a gestionar en la auditoria8, Usuario enters '1' into Campos de cantidad a gestionar en la auditoria9, Usuario enters '1' into Campos de cantidad a gestionar en la auditoria10, Usuario btn agregar list, Usuario clicks on Siguiente pagina para ver los demas productos de la auditoria, Usuario enters '1' into Campos de cantidad a gestionar en la auditoria1, Usuario enters '1' into Campos de cantidad a gestionar en la auditoria2]]]]]
[Test worker] WARN net.thucydides.core.steps.BaseStepListener - stepStarted: net.thucydides.core.steps.ExecutedStepDescription@2f6e92ca
[Test worker] WARN net.thucydides.core.steps.BaseStepListener - stepFinished: current outcome:Proceso Auditoria - Smartstock:Dado que existe una una solicitud de auditoria [Usuario ts abrir pagina [Usuario opens the Ob abrir pagina, Usuario enters 'jhonfquinonesa' into Input para ingresar el usuario, Usuario enters 'Puli0010***' into Input para ingresar la contraseña, Usuario clicks on button para dar ingreso al sitio]], Cuando Crea la orden de de auditoria [Usuario ts proceso auditoria [Usuario clicks on Botón de Proceso de Inventario, Usuario clicks on Botón de Auditoria, Usuario clicks on Botón de + para agregar auditoria, Usuario is crear auditoria01 [Usuario enters 'Bodega Principal' into input Seleccionar la bodega, Usuario clicks on Lista Seleccionar la bodega, Usuario enters 'Auditoria' into Input de Tipo de documento, Usuario clicks on input Lista Botón de Tipo de documento, Usuario enters 'División' into Input División, Usuario clicks on Lista Input División, Usuario enters 'Familia Ejemplo' into input Familia, Usuario clicks on Lista Input Familia, Usuario enters 'SERIAL' into ítem, Usuario clicks on Lista ítem, Usuario clicks on Guardar Auditoria 1], Usuario is gestionar auditoria02 [Usuario enters 'Conteo' into Descripción del conteo, Usuario enters 'QA' into Observación del conteo, Usuario enters 'Conteo inicial' into Tipo del conteo, Usuario clicks on List Tipo del conteo, Usuario clicks on Guardar -  conteo, Usuario is tipo seriales03 [Usuario inputs lista cantidad [Usuario clicks on Gestionar Conteo -  conteo, Usuario enters '1' into Campos de cantidad a gestionar en la auditoria1, Usuario enters '1' into Campos de cantidad a gestionar en la auditoria2, Usuario enters '1' into Campos de cantidad a gestionar en la auditoria3, Usuario enters '1' into Campos de cantidad a gestionar en la auditoria4, Usuario enters '1' into Campos de cantidad a gestionar en la auditoria5, Usuario enters '1' into Campos de cantidad a gestionar en la auditoria6, Usuario enters '1' into Campos de cantidad a gestionar en la auditoria7, Usuario enters '1' into Campos de cantidad a gestionar en la auditoria8, Usuario enters '1' into Campos de cantidad a gestionar en la auditoria9, Usuario enters '1' into Campos de cantidad a gestionar en la auditoria10, Usuario btn agregar list, Usuario clicks on Siguiente pagina para ver los demas productos de la auditoria, Usuario enters '1' into Campos de cantidad a gestionar en la auditoria1, Usuario enters '1' into Campos de cantidad a gestionar en la auditoria2, Usuario enters '1' into Campos de cantidad a gestionar en la auditoria3]]]]]
[Test worker] WARN net.thucydides.core.steps.BaseStepListener - stepStarted: net.thucydides.core.steps.ExecutedStepDescription@49bb808f
[Test worker] WARN net.thucydides.core.steps.BaseStepListener - stepFinished: current outcome:Proceso Auditoria - Smartstock:Dado que existe una una solicitud de auditoria [Usuario ts abrir pagina [Usuario opens the Ob abrir pagina, Usuario enters 'jhonfquinonesa' into Input para ingresar el usuario, Usuario enters 'Puli0010***' into Input para ingresar la contraseña, Usuario clicks on button para dar ingreso al sitio]], Cuando Crea la orden de de auditoria [Usuario ts proceso auditoria [Usuario clicks on Botón de Proceso de Inventario, Usuario clicks on Botón de Auditoria, Usuario clicks on Botón de + para agregar auditoria, Usuario is crear auditoria01 [Usuario enters 'Bodega Principal' into input Seleccionar la bodega, Usuario clicks on Lista Seleccionar la bodega, Usuario enters 'Auditoria' into Input de Tipo de documento, Usuario clicks on input Lista Botón de Tipo de documento, Usuario enters 'División' into Input División, Usuario clicks on Lista Input División, Usuario enters 'Familia Ejemplo' into input Familia, Usuario clicks on Lista Input Familia, Usuario enters 'SERIAL' into ítem, Usuario clicks on Lista ítem, Usuario clicks on Guardar Auditoria 1], Usuario is gestionar auditoria02 [Usuario enters 'Conteo' into Descripción del conteo, Usuario enters 'QA' into Observación del conteo, Usuario enters 'Conteo inicial' into Tipo del conteo, Usuario clicks on List Tipo del conteo, Usuario clicks on Guardar -  conteo, Usuario is tipo seriales03 [Usuario inputs lista cantidad [Usuario clicks on Gestionar Conteo -  conteo, Usuario enters '1' into Campos de cantidad a gestionar en la auditoria1, Usuario enters '1' into Campos de cantidad a gestionar en la auditoria2, Usuario enters '1' into Campos de cantidad a gestionar en la auditoria3, Usuario enters '1' into Campos de cantidad a gestionar en la auditoria4, Usuario enters '1' into Campos de cantidad a gestionar en la auditoria5, Usuario enters '1' into Campos de cantidad a gestionar en la auditoria6, Usuario enters '1' into Campos de cantidad a gestionar en la auditoria7, Usuario enters '1' into Campos de cantidad a gestionar en la auditoria8, Usuario enters '1' into Campos de cantidad a gestionar en la auditoria9, Usuario enters '1' into Campos de cantidad a gestionar en la auditoria10, Usuario btn agregar list, Usuario clicks on Siguiente pagina para ver los demas productos de la auditoria, Usuario enters '1' into Campos de cantidad a gestionar en la auditoria1, Usuario enters '1' into Campos de cantidad a gestionar en la auditoria2, Usuario enters '1' into Campos de cantidad a gestionar en la auditoria3, Usuario enters '1' into Campos de cantidad a gestionar en la auditoria4]]]]]
[Test worker] WARN net.thucydides.core.steps.BaseStepListener - stepStarted: net.thucydides.core.steps.ExecutedStepDescription@72f3acc9
[Test worker] WARN net.thucydides.core.steps.BaseStepListener - stepFinished: current outcome:Proceso Auditoria - Smartstock:Dado que existe una una solicitud de auditoria [Usuario ts abrir pagina [Usuario opens the Ob abrir pagina, Usuario enters 'jhonfquinonesa' into Input para ingresar el usuario, Usuario enters 'Puli0010***' into Input para ingresar la contraseña, Usuario clicks on button para dar ingreso al sitio]], Cuando Crea la orden de de auditoria [Usuario ts proceso auditoria [Usuario clicks on Botón de Proceso de Inventario, Usuario clicks on Botón de Auditoria, Usuario clicks on Botón de + para agregar auditoria, Usuario is crear auditoria01 [Usuario enters 'Bodega Principal' into input Seleccionar la bodega, Usuario clicks on Lista Seleccionar la bodega, Usuario enters 'Auditoria' into Input de Tipo de documento, Usuario clicks on input Lista Botón de Tipo de documento, Usuario enters 'División' into Input División, Usuario clicks on Lista Input División, Usuario enters 'Familia Ejemplo' into input Familia, Usuario clicks on Lista Input Familia, Usuario enters 'SERIAL' into ítem, Usuario clicks on Lista ítem, Usuario clicks on Guardar Auditoria 1], Usuario is gestionar auditoria02 [Usuario enters 'Conteo' into Descripción del conteo, Usuario enters 'QA' into Observación del conteo, Usuario enters 'Conteo inicial' into Tipo del conteo, Usuario clicks on List Tipo del conteo, Usuario clicks on Guardar -  conteo, Usuario is tipo seriales03 [Usuario inputs lista cantidad [Usuario clicks on Gestionar Conteo -  conteo, Usuario enters '1' into Campos de cantidad a gestionar en la auditoria1, Usuario enters '1' into Campos de cantidad a gestionar en la auditoria2, Usuario enters '1' into Campos de cantidad a gestionar en la auditoria3, Usuario enters '1' into Campos de cantidad a gestionar en la auditoria4, Usuario enters '1' into Campos de cantidad a gestionar en la auditoria5, Usuario enters '1' into Campos de cantidad a gestionar en la auditoria6, Usuario enters '1' into Campos de cantidad a gestionar en la auditoria7, Usuario enters '1' into Campos de cantidad a gestionar en la auditoria8, Usuario enters '1' into Campos de cantidad a gestionar en la auditoria9, Usuario enters '1' into Campos de cantidad a gestionar en la auditoria10, Usuario btn agregar list, Usuario clicks on Siguiente pagina para ver los demas productos de la auditoria, Usuario enters '1' into Campos de cantidad a gestionar en la auditoria1, Usuario enters '1' into Campos de cantidad a gestionar en la auditoria2, Usuario enters '1' into Campos de cantidad a gestionar en la auditoria3, Usuario enters '1' into Campos de cantidad a gestionar en la auditoria4, Usuario enters '1' into Campos de cantidad a gestionar en la auditoria5]]]]]
[Test worker] WARN net.thucydides.core.steps.BaseStepListener - stepStarted: net.thucydides.core.steps.ExecutedStepDescription@1e194966
[Test worker] WARN net.thucydides.core.steps.BaseStepListener - stepFinished: current outcome:Proceso Auditoria - Smartstock:Dado que existe una una solicitud de auditoria [Usuario ts abrir pagina [Usuario opens the Ob abrir pagina, Usuario enters 'jhonfquinonesa' into Input para ingresar el usuario, Usuario enters 'Puli0010***' into Input para ingresar la contraseña, Usuario clicks on button para dar ingreso al sitio]], Cuando Crea la orden de de auditoria [Usuario ts proceso auditoria [Usuario clicks on Botón de Proceso de Inventario, Usuario clicks on Botón de Auditoria, Usuario clicks on Botón de + para agregar auditoria, Usuario is crear auditoria01 [Usuario enters 'Bodega Principal' into input Seleccionar la bodega, Usuario clicks on Lista Seleccionar la bodega, Usuario enters 'Auditoria' into Input de Tipo de documento, Usuario clicks on input Lista Botón de Tipo de documento, Usuario enters 'División' into Input División, Usuario clicks on Lista Input División, Usuario enters 'Familia Ejemplo' into input Familia, Usuario clicks on Lista Input Familia, Usuario enters 'SERIAL' into ítem, Usuario clicks on Lista ítem, Usuario clicks on Guardar Auditoria 1], Usuario is gestionar auditoria02 [Usuario enters 'Conteo' into Descripción del conteo, Usuario enters 'QA' into Observación del conteo, Usuario enters 'Conteo inicial' into Tipo del conteo, Usuario clicks on List Tipo del conteo, Usuario clicks on Guardar -  conteo, Usuario is tipo seriales03 [Usuario inputs lista cantidad [Usuario clicks on Gestionar Conteo -  conteo, Usuario enters '1' into Campos de cantidad a gestionar en la auditoria1, Usuario enters '1' into Campos de cantidad a gestionar en la auditoria2, Usuario enters '1' into Campos de cantidad a gestionar en la auditoria3, Usuario enters '1' into Campos de cantidad a gestionar en la auditoria4, Usuario enters '1' into Campos de cantidad a gestionar en la auditoria5, Usuario enters '1' into Campos de cantidad a gestionar en la auditoria6, Usuario enters '1' into Campos de cantidad a gestionar en la auditoria7, Usuario enters '1' into Campos de cantidad a gestionar en la auditoria8, Usuario enters '1' into Campos de cantidad a gestionar en la auditoria9, Usuario enters '1' into Campos de cantidad a gestionar en la auditoria10, Usuario btn agregar list, Usuario clicks on Siguiente pagina para ver los demas productos de la auditoria, Usuario enters '1' into Campos de cantidad a gestionar en la auditoria1, Usuario enters '1' into Campos de cantidad a gestionar en la auditoria2, Usuario enters '1' into Campos de cantidad a gestionar en la auditoria3, Usuario enters '1' into Campos de cantidad a gestionar en la auditoria4, Usuario enters '1' into Campos de cantidad a gestionar en la auditoria5, Usuario enters '1' into Campos de cantidad a gestionar en la auditoria6]]]]]
[Test worker] WARN net.thucydides.core.steps.BaseStepListener - stepStarted: net.thucydides.core.steps.ExecutedStepDescription@410f53b2
[Test worker] WARN net.thucydides.core.steps.BaseStepListener - stepFinished: current outcome:Proceso Auditoria - Smartstock:Dado que existe una una solicitud de auditoria [Usuario ts abrir pagina [Usuario opens the Ob abrir pagina, Usuario enters 'jhonfquinonesa' into Input para ingresar el usuario, Usuario enters 'Puli0010***' into Input para ingresar la contraseña, Usuario clicks on button para dar ingreso al sitio]], Cuando Crea la orden de de auditoria [Usuario ts proceso auditoria [Usuario clicks on Botón de Proceso de Inventario, Usuario clicks on Botón de Auditoria, Usuario clicks on Botón de + para agregar auditoria, Usuario is crear auditoria01 [Usuario enters 'Bodega Principal' into input Seleccionar la bodega, Usuario clicks on Lista Seleccionar la bodega, Usuario enters 'Auditoria' into Input de Tipo de documento, Usuario clicks on input Lista Botón de Tipo de documento, Usuario enters 'División' into Input División, Usuario clicks on Lista Input División, Usuario enters 'Familia Ejemplo' into input Familia, Usuario clicks on Lista Input Familia, Usuario enters 'SERIAL' into ítem, Usuario clicks on Lista ítem, Usuario clicks on Guardar Auditoria 1], Usuario is gestionar auditoria02 [Usuario enters 'Conteo' into Descripción del conteo, Usuario enters 'QA' into Observación del conteo, Usuario enters 'Conteo inicial' into Tipo del conteo, Usuario clicks on List Tipo del conteo, Usuario clicks on Guardar -  conteo, Usuario is tipo seriales03 [Usuario inputs lista cantidad [Usuario clicks on Gestionar Conteo -  conteo, Usuario enters '1' into Campos de cantidad a gestionar en la auditoria1, Usuario enters '1' into Campos de cantidad a gestionar en la auditoria2, Usuario enters '1' into Campos de cantidad a gestionar en la auditoria3, Usuario enters '1' into Campos de cantidad a gestionar en la auditoria4, Usuario enters '1' into Campos de cantidad a gestionar en la auditoria5, Usuario enters '1' into Campos de cantidad a gestionar en la auditoria6, Usuario enters '1' into Campos de cantidad a gestionar en la auditoria7, Usuario enters '1' into Campos de cantidad a gestionar en la auditoria8, Usuario enters '1' into Campos de cantidad a gestionar en la auditoria9, Usuario enters '1' into Campos de cantidad a gestionar en la auditoria10, Usuario btn agregar list, Usuario clicks on Siguiente pagina para ver los demas productos de la auditoria, Usuario enters '1' into Campos de cantidad a gestionar en la auditoria1, Usuario enters '1' into Campos de cantidad a gestionar en la auditoria2, Usuario enters '1' into Campos de cantidad a gestionar en la auditoria3, Usuario enters '1' into Campos de cantidad a gestionar en la auditoria4, Usuario enters '1' into Campos de cantidad a gestionar en la auditoria5, Usuario enters '1' into Campos de cantidad a gestionar en la auditoria6, Usuario enters '1' into Campos de cantidad a gestionar en la auditoria7]]]]]
[Test worker] WARN net.thucydides.core.steps.BaseStepListener - stepStarted: net.thucydides.core.steps.ExecutedStepDescription@42066f0d
[Test worker] WARN net.thucydides.core.steps.BaseStepListener - stepFinished: current outcome:Proceso Auditoria - Smartstock:Dado que existe una una solicitud de auditoria [Usuario ts abrir pagina [Usuario opens the Ob abrir pagina, Usuario enters 'jhonfquinonesa' into Input para ingresar el usuario, Usuario enters 'Puli0010***' into Input para ingresar la contraseña, Usuario clicks on button para dar ingreso al sitio]], Cuando Crea la orden de de auditoria [Usuario ts proceso auditoria [Usuario clicks on Botón de Proceso de Inventario, Usuario clicks on Botón de Auditoria, Usuario clicks on Botón de + para agregar auditoria, Usuario is crear auditoria01 [Usuario enters 'Bodega Principal' into input Seleccionar la bodega, Usuario clicks on Lista Seleccionar la bodega, Usuario enters 'Auditoria' into Input de Tipo de documento, Usuario clicks on input Lista Botón de Tipo de documento, Usuario enters 'División' into Input División, Usuario clicks on Lista Input División, Usuario enters 'Familia Ejemplo' into input Familia, Usuario clicks on Lista Input Familia, Usuario enters 'SERIAL' into ítem, Usuario clicks on Lista ítem, Usuario clicks on Guardar Auditoria 1], Usuario is gestionar auditoria02 [Usuario enters 'Conteo' into Descripción del conteo, Usuario enters 'QA' into Observación del conteo, Usuario enters 'Conteo inicial' into Tipo del conteo, Usuario clicks on List Tipo del conteo, Usuario clicks on Guardar -  conteo, Usuario is tipo seriales03 [Usuario inputs lista cantidad [Usuario clicks on Gestionar Conteo -  conteo, Usuario enters '1' into Campos de cantidad a gestionar en la auditoria1, Usuario enters '1' into Campos de cantidad a gestionar en la auditoria2, Usuario enters '1' into Campos de cantidad a gestionar en la auditoria3, Usuario enters '1' into Campos de cantidad a gestionar en la auditoria4, Usuario enters '1' into Campos de cantidad a gestionar en la auditoria5, Usuario enters '1' into Campos de cantidad a gestionar en la auditoria6, Usuario enters '1' into Campos de cantidad a gestionar en la auditoria7, Usuario enters '1' into Campos de cantidad a gestionar en la auditoria8, Usuario enters '1' into Campos de cantidad a gestionar en la auditoria9, Usuario enters '1' into Campos de cantidad a gestionar en la auditoria10, Usuario btn agregar list, Usuario clicks on Siguiente pagina para ver los demas productos de la auditoria, Usuario enters '1' into Campos de cantidad a gestionar en la auditoria1, Usuario enters '1' into Campos de cantidad a gestionar en la auditoria2, Usuario enters '1' into Campos de cantidad a gestionar en la auditoria3, Usuario enters '1' into Campos de cantidad a gestionar en la auditoria4, Usuario enters '1' into Campos de cantidad a gestionar en la auditoria5, Usuario enters '1' into Campos de cantidad a gestionar en la auditoria6, Usuario enters '1' into Campos de cantidad a gestionar en la auditoria7, Usuario enters '1' into Campos de cantidad a gestionar en la auditoria8]]]]]
[Test worker] WARN net.thucydides.core.steps.BaseStepListener - stepStarted: net.thucydides.core.steps.ExecutedStepDescription@3395c2a7
[...]
ia8, Usuario enters '1' into Campos de cantidad a gestionar en la auditoria9, Usuario enters '1' into Campos de cantidad a gestionar en la auditoria10, Usuario btn agregar list, Usuario enters 'C Numero 2' into Descripción del conteo, Usuario enters 'QA2' into Observación del conteo, Usuario enters 'Conteo inicial' into Tipo del conteo, Usuario clicks on List Tipo del conteo, Usuario clicks on Guardar -  conteo, Usuario clicks on Gestionar Conteo -  conteo, Usuario enters '1' into Campos de cantidad a gestionar en la auditoria1, Usuario enters '1' into Campos de cantidad a gestionar en la auditoria2, Usuario enters '1' into Campos de cantidad a gestionar en la auditoria3, Usuario enters '1' into Campos de cantidad a gestionar en la auditoria4, Usuario enters '1' into Campos de cantidad a gestionar en la auditoria5, Usuario enters '1' into Campos de cantidad a gestionar en la auditoria6, Usuario enters '1' into Campos de cantidad a gestionar en la auditoria7, Usuario enters '1' into Campos de cantidad a gestionar en la auditoria8, Usuario enters '1' into Campos de cantidad a gestionar en la auditoria9, Usuario enters '1' into Campos de cantidad a gestionar en la auditoria10, Usuario btn agregar list, Usuario clicks on Siguiente pagina para ver los demas productos de la auditoria, Usuario enters '1' into Campos de cantidad a gestionar en la auditoria1, Usuario enters '1' into Campos de cantidad a gestionar en la auditoria2, Usuario enters '1' into Campos de cantidad a gestionar en la auditoria3, Usuario enters '1' into Campos de cantidad a gestionar en la auditoria4, Usuario enters '1' into Campos de cantidad a gestionar en la auditoria5, Usuario enters '1' into Campos de cantidad a gestionar en la auditoria6, Usuario enters '1' into Campos de cantidad a gestionar en la auditoria7, Usuario enters '1' into Campos de cantidad a gestionar en la auditoria8, Usuario enters '1' into Campos de cantidad a gestionar en la auditoria9, Usuario enters '1' into Campos de cantidad a gestionar en la auditoria10, Usuario btn agregar list, Usuario clicks on Siguiente pagina para ver los demas productos de la auditoria, Usuario enters '1' into Campos de cantidad a gestionar en la auditoria1, Usuario enters '1' into Campos de cantidad a gestionar en la auditoria2, Usuario enters '1' into Campos de cantidad a gestionar en la auditoria3, Usuario enters '1' into Campos de cantidad a gestionar en la auditoria4, Usuario enters '1' into Campos de cantidad a gestionar en la auditoria5, Usuario enters '1' into Campos de cantidad a gestionar en la auditoria6, Usuario enters '1' into Campos de cantidad a gestionar en la auditoria7, Usuario enters '1' into Campos de cantidad a gestionar en la auditoria8, Usuario enters '1' into Campos de cantidad a gestionar en la auditoria9, Usuario enters '1' into Campos de cantidad a gestionar en la auditoria10, Usuario btn agregar list, Usuario vr conteo seriales02 [Usuario comparar conteos [Usuario clicks on Comparar Conteo -  conteo, Usuario clicks on Input Conteo a comparar, Usuario clicks on Comparar conteos, Usuario clicks on Agregar la cantidad del conteo que se obtuvo  Gestionar Conteo -  conteo]]]], Usuario clicks on Cerrar la venta de comparación de conteos, Usuario cambiar etapa auditoria [Usuario clicks on Cambiar Etapa de la Auditoria, Usuario clicks on Lista Cambiar Etapa de la Auditoria, Usuario clicks on Continuar con el cambio de Etapa, Usuario clicks on Cambiar Etapa de la Auditoria, Usuario clicks on Lista Cambiar Etapa de la Auditoria, Usuario clicks on Conteo a finalizar, Usuario clicks on Lista Conteo a finalizar, Usuario clicks on Finalizar Auditoria, Usuario clicks on Continuar con el cambio de Etapa], Usuario cerrar ventana auditoria [Usuario clicks on Cerrar la ventana de la auditoria]]]], Entonces verifica que se cumplio la orden de auditoria correctamente [Then vr estado auditoria should be 'Finalizado']
[Test worker] WARN net.thucydides.core.steps.BaseStepListener - TestOutcomes: [Proceso Auditoria - Smartstock:Dado que existe una una solicitud de auditoria [Usuario ts abrir pagina [Usuario opens the Ob abrir pagina, Usuario enters 'jhonfquinonesa' into Input para ingresar el usuario, Usuario enters 'Puli0010***' into Input para ingresar la contraseña, Usuario clicks on button para dar ingreso al sitio]], Cuando Crea la orden de de auditoria [Usuario ts proceso auditoria [Usuario clicks on Botón de Proceso de Inventario, Usuario clicks on Botón de Auditoria, Usuario clicks on Botón de + para agregar auditoria, Usuario is crear auditoria01 [Usuario enters 'Bodega Principal' into input Seleccionar la bodega, Usuario clicks on Lista Seleccionar la bodega, Usuario enters 'Auditoria' into Input de Tipo de documento, Usuario clicks on input Lista Botón de Tipo de documento, Usuario enters 'División' into Input División, Usuario clicks on Lista Input División, Usuario enters 'Familia Ejemplo' into input Familia, Usuario clicks on Lista Input Familia, Usuario enters 'SERIAL' into ítem, Usuario clicks on Lista ítem, Usuario clicks on Guardar Auditoria 1], Usuario is gestionar auditoria02 [Usuario enters 'Conteo' into Descripción del conteo, Usuario enters 'QA' into Observación del conteo, Usuario enters 'Conteo inicial' into Tipo del conteo, Usuario clicks on List Tipo del conteo, Usuario clicks on Guardar -  conteo, Usuario is tipo seriales03 [Usuario inputs lista cantidad [Usuario clicks on Gestionar Conteo -  conteo, Usuario enters '1' into Campos de cantidad a gestionar en la auditoria1, Usuario enters '1' into Campos de cantidad a gestionar en la auditoria2, Usuario enters '1' into Campos de cantidad a gestionar en la auditoria3, Usuario enters '1' into Campos de cantidad a gestionar en la auditoria4, Usuario enters '1' into Campos de cantidad a gestionar en la auditoria5, Usuario enters '1' into Campos de cantidad a gestionar en la auditoria6, Usuario enters '1' into Campos de cantidad a gestionar en la auditoria7, Usuario enters '1' into Campos de cantidad a gestionar en la auditoria8, Usuario enters '1' into Campos de cantidad a gestionar en la auditoria9, Usuario enters '1' into Campos de cantidad a gestionar en la auditoria10, Usuario btn agregar list, Usuario clicks on Siguiente pagina para ver los demas productos de la auditoria, Usuario enters '1' into Campos de cantidad a gestionar en la auditoria1, Usuario enters '1' into Campos de cantidad a gestionar en la auditoria2, Usuario enters '1' into Campos de cantidad a gestionar en la auditoria3, Usuario enters '1' into Campos de cantidad a gestionar en la auditoria4, Usuario enters '1' into Campos de cantidad a gestionar en la auditoria5, Usuario enters '1' into Campos de cantidad a gestionar en la auditoria6, Usuario enters '1' into Campos de cantidad a gestionar en la auditoria7, Usuario enters '1' into Campos de cantidad a gestionar en la auditoria8, Usuario enters '1' into Campos de cantidad a gestionar en la auditoria9, Usuario enters '1' into Campos de cantidad a gestionar en la auditoria10, Usuario btn agregar list, Usuario clicks on Siguiente pagina para ver los demas productos de la auditoria, Usuario enters '1' into Campos de cantidad a gestionar en la auditoria1, Usuario enters '1' into Campos de cantidad a gestionar en la auditoria2, Usuario enters '1' into Campos de cantidad a gestionar en la auditoria3, Usuario enters '1' into Campos de cantidad a gestionar en la auditoria4, Usuario enters '1' into Campos de cantidad a gestionar en la auditoria5, Usuario enters '1' into Campos de cantidad a gestionar en la auditoria6, Usuario enters '1' into Campos de cantidad a gestionar en la auditoria7, Usuario enters '1' into Campos de cantidad a gestionar en la auditoria8, Usuario enters '1' into Campos de cantidad a gestionar en la auditoria9, Usuario enters '1' into Campos de cantidad a gestionar en la auditoria10, Usuario btn agregar list, Usuario enters 'C Numero 2' into Descripción del conteo, Usuario enters 'QA2' into Observación del conteo, Usuario enters 'Conteo inicial' into Tipo del conteo, Usuario clicks on List Tipo del conteo, Usuario clicks on Guardar -  conteo, Usuario clicks on Gestionar Conteo -  conteo, Usuario enters '1' into Campos de cantidad a gestionar en la auditoria1, Usuario enters '1' into Campos de cantidad a gestionar en la auditoria2, Usuario enters '1' into Campos de cantidad a gestionar en la auditoria3, Usuario enters '1' into Campos de cantidad a gestionar en la auditoria4, Usuario enters '1' into Campos de cantidad a gestionar en la auditoria5, Usuario enters '1' into Campos de cantidad a gestionar en la auditoria6, Usuario enters '1' into Campos de cantidad a gestionar en la auditoria7, Usuario enters '1' into Campos de cantidad a gestionar en la auditoria8, Usuario enters '1' into Campos de cantidad a gestionar en la auditoria9, Usuario enters '1' into Campos de cantidad a gestionar en la auditoria10, Usuario btn agregar list, Usuario clicks on Siguiente pagina para ver los demas productos de la auditoria, Usuario enters '1' into Campos de cantidad a gestionar en la auditoria1, Usuario enters '1' into Campos de cantidad a gestionar en la auditoria2, Usuario enters '1' into Campos de cantidad a gestionar en la auditoria3, Usuario enters '1' into Campos de cantidad a gestionar en la auditoria4, Usuario enters '1' into Campos de cantidad a gestionar en la auditoria5, Usuario enters '1' into Campos de cantidad a gestionar en la auditoria6, Usuario enters '1' into Campos de cantidad a gestionar en la auditoria7, Usuario enters '1' into Campos de cantidad a gestionar en la auditoria8, Usuario enters '1' into Campos de cantidad a gestionar en la auditoria9, Usuario enters '1' into Campos de cantidad a gestionar en la auditoria10, Usuario btn agregar list, Usuario clicks on Siguiente pagina para ver los demas productos de la auditoria, Usuario enters '1' into Campos de cantidad a gestionar en la auditoria1, Usuario enters '1' into Campos de cantidad a gestionar en la auditoria2, Usuario enters '1' into Campos de cantidad a gestionar en la auditoria3, Usuario enters '1' into Campos de cantidad a gestionar en la auditoria4, Usuario enters '1' into Campos de cantidad a gestionar en la auditoria5, Usuario enters '1' into Campos de cantidad a gestionar en la auditoria6, Usuario enters '1' into Campos de cantidad a gestionar en la auditoria7, Usuario enters '1' into Campos de cantidad a gestionar en la auditoria8, Usuario enters '1' into Campos de cantidad a gestionar en la auditoria9, Usuario enters '1' into Campos de cantidad a gestionar en la auditoria10, Usuario btn agregar list, Usuario vr conteo seriales02 [Usuario comparar conteos [Usuario clicks on Comparar Conteo -  conteo, Usuario clicks on Input Conteo a comparar, Usuario clicks on Comparar conteos, Usuario clicks on Agregar la cantidad del conteo que se obtuvo  Gestionar Conteo -  conteo]]]], Usuario clicks on Cerrar la venta de comparación de conteos, Usuario cambiar etapa auditoria [Usuario clicks on Cambiar Etapa de la Auditoria, Usuario clicks on Lista Cambiar Etapa de la Auditoria, Usuario clicks on Continuar con el cambio de Etapa, Usuario clicks on Cambiar Etapa de la Auditoria, Usuario clicks on Lista Cambiar Etapa de la Auditoria, Usuario clicks on Conteo a finalizar, Usuario clicks on Lista Conteo a finalizar, Usuario clicks on Finalizar Auditoria, Usuario clicks on Continuar con el cambio de Etapa], Usuario cerrar ventana auditoria [Usuario clicks on Cerrar la ventana de la auditoria]]]], Entonces verifica que se cumplio la orden de auditoria correctamente [Then vr estado auditoria should be 'Finalizado']]
[Test worker] WARN net.thucydides.core.steps.BaseStepListener - Final testOutcomes: [Proceso Auditoria - Smartstock:Dado que existe una una solicitud de auditoria [Usuario ts abrir pagina [Usuario opens the Ob abrir pagina, Usuario enters 'jhonfquinonesa' into Input para ingresar el usuario, Usuario enters 'Puli0010***' into Input para ingresar la contraseña, Usuario clicks on button para dar ingreso al sitio]], Cuando Crea la orden de de auditoria [Usuario ts proceso auditoria [Usuario clicks on Botón de Proceso de Inventario, Usuario clicks on Botón de Auditoria, Usuario clicks on Botón de + para agregar auditoria, Usuario is crear auditoria01 [Usuario enters 'Bodega Principal' into input Seleccionar la bodega, Usuario clicks on Lista Seleccionar la bodega, Usuario enters 'Auditoria' into Input de Tipo de documento, Usuario clicks on input Lista Botón de Tipo de documento, Usuario enters 'División' into Input División, Usuario clicks on Lista Input División, Usuario enters 'Familia Ejemplo' into input Familia, Usuario clicks on Lista Input Familia, Usuario enters 'SERIAL' into ítem, Usuario clicks on Lista ítem, Usuario clicks on Guardar Auditoria 1], Usuario is gestionar auditoria02 [Usuario enters 'Conteo' into Descripción del conteo, Usuario enters 'QA' into Observación del conteo, Usuario enters 'Conteo inicial' into Tipo del conteo, Usuario clicks on List Tipo del conteo, Usuario clicks on Guardar -  conteo, Usuario is tipo seriales03 [Usuario inputs lista cantidad [Usuario clicks on Gestionar Conteo -  conteo, Usuario enters '1' into Campos de cantidad a gestionar en la auditoria1, Usuario enters '1' into Campos de cantidad a gestionar en la auditoria2, Usuario enters '1' into Campos de cantidad a gestionar en la auditoria3, Usuario enters '1' into Campos de cantidad a gestionar en la auditoria4, Usuario enters '1' into Campos de cantidad a gestionar en la auditoria5, Usuario enters '1' into Campos de cantidad a gestionar en la auditoria6, Usuario enters '1' into Campos de cantidad a gestionar en la auditoria7, Usuario enters '1' into Campos de cantidad a gestionar en la auditoria8, Usuario enters '1' into Campos de cantidad a gestionar en la auditoria9, Usuario enters '1' into Campos de cantidad a gestionar en la auditoria10, Usuario btn agregar list, Usuario clicks on Siguiente pagina para ver los demas productos de la auditoria, Usuario enters '1' into Campos de cantidad a gestionar en la auditoria1, Usuario enters '1' into Campos de cantidad a gestionar en la auditoria2, Usuario enters '1' into Campos de cantidad a gestionar en la auditoria3, Usuario enters '1' into Campos de cantidad a gestionar en la auditoria4, Usuario enters '1' into Campos de cantidad a gestionar en la auditoria5, Usuario enters '1' into Campos de cantidad a gestionar en la auditoria6, Usuario enters '1' into Campos de cantidad a gestionar en la auditoria7, Usuario enters '1' into Campos de cantidad a gestionar en la auditoria8, Usuario enters '1' into Campos de cantidad a gestionar en la auditoria9, Usuario enters '1' into Campos de cantidad a gestionar en la auditoria10, Usuario btn agregar list, Usuario clicks on Siguiente pagina para ver los demas productos de la auditoria, Usuario enters '1' into Campos de cantidad a gestionar en la auditoria1, Usuario enters '1' into Campos de cantidad a gestionar en la auditoria2, Usuario enters '1' into Campos de cantidad a gestionar en la auditoria3, Usuario enters '1' into Campos de cantidad a gestionar en la auditoria4, Usuario enters '1' into Campos de cantidad a gestionar en la auditoria5, Usuario enters '1' into Campos de cantidad a gestionar en la auditoria6, Usuario enters '1' into Campos de cantidad a gestionar en la auditoria7, Usuario enters '1' into Campos de cantidad a gestionar en la auditoria8, Usuario enters '1' into Campos de cantidad a gestionar en la auditoria9, Usuario enters '1' into Campos de cantidad a gestionar en la auditoria10, Usuario btn agregar list, Usuario enters 'C Numero 2' into Descripción del conteo, Usuario enters 'QA2' into Observación del conteo, Usuario enters 'Conteo inicial' into Tipo del conteo, Usuario clicks on List Tipo del conteo, Usuario clicks on Guardar -  conteo, Usuario clicks on Gestionar Conteo -  conteo, Usuario enters '1' into Campos de cantidad a gestionar en la auditoria1, Usuario enters '1' into Campos de cantidad a gestionar en la auditoria2, Usuario enters '1' into Campos de cantidad a gestionar en la auditoria3, Usuario enters '1' into Campos de cantidad a gestionar en la auditoria4, Usuario enters '1' into Campos de cantidad a gestionar en la auditoria5, Usuario enters '1' into Campos de cantidad a gestionar en la auditoria6, Usuario enters '1' into Campos de cantidad a gestionar en la auditoria7, Usuario enters '1' into Campos de cantidad a gestionar en la auditoria8, Usuario enters '1' into Campos de cantidad a gestionar en la auditoria9, Usuario enters '1' into Campos de cantidad a gestionar en la auditoria10, Usuario btn agregar list, Usuario clicks on Siguiente pagina para ver los demas productos de la auditoria, Usuario enters '1' into Campos de cantidad a gestionar en la auditoria1, Usuario enters '1' into Campos de cantidad a gestionar en la auditoria2, Usuario enters '1' into Campos de cantidad a gestionar en la auditoria3, Usuario enters '1' into Campos de cantidad a gestionar en la auditoria4, Usuario enters '1' into Campos de cantidad a gestionar en la auditoria5, Usuario enters '1' into Campos de cantidad a gestionar en la auditoria6, Usuario enters '1' into Campos de cantidad a gestionar en la auditoria7, Usuario enters '1' into Campos de cantidad a gestionar en la auditoria8, Usuario enters '1' into Campos de cantidad a gestionar en la auditoria9, Usuario enters '1' into Campos de cantidad a gestionar en la auditoria10, Usuario btn agregar list, Usuario clicks on Siguiente pagina para ver los demas productos de la auditoria, Usuario enters '1' into Campos de cantidad a gestionar en la auditoria1, Usuario enters '1' into Campos de cantidad a gestionar en la auditoria2, Usuario enters '1' into Campos de cantidad a gestionar en la auditoria3, Usuario enters '1' into Campos de cantidad a gestionar en la auditoria4, Usuario enters '1' into Campos de cantidad a gestionar en la auditoria5, Usuario enters '1' into Campos de cantidad a gestionar en la auditoria6, Usuario enters '1' into Campos de cantidad a gestionar en la auditoria7, Usuario enters '1' into Campos de cantidad a gestionar en la auditoria8, Usuario enters '1' into Campos de cantidad a gestionar en la auditoria9, Usuario enters '1' into Campos de cantidad a gestionar en la auditoria10, Usuario btn agregar list, Usuario vr conteo seriales02 [Usuario comparar conteos [Usuario clicks on Comparar Conteo -  conteo, Usuario clicks on Input Conteo a comparar, Usuario clicks on Comparar conteos, Usuario clicks on Agregar la cantidad del conteo que se obtuvo  Gestionar Conteo -  conteo]]]], Usuario clicks on Cerrar la venta de comparación de conteos, Usuario cambiar etapa auditoria [Usuario clicks on Cambiar Etapa de la Auditoria, Usuario clicks on Lista Cambiar Etapa de la Auditoria, Usuario clicks on Continuar con el cambio de Etapa, Usuario clicks on Cambiar Etapa de la Auditoria, Usuario clicks on Lista Cambiar Etapa de la Auditoria, Usuario clicks on Conteo a finalizar, Usuario clicks on Lista Conteo a finalizar, Usuario clicks on Finalizar Auditoria, Usuario clicks on Continuar con el cambio de Etapa], Usuario cerrar ventana auditoria [Usuario clicks on Cerrar la ventana de la auditoria]]]], Entonces verifica que se cumplio la orden de auditoria correctamente [Then vr estado auditoria should be 'Finalizado']]
[Test worker] INFO net.thucydides.core.steps.ConsoleLoggingListener - 
        __    _____ _____ ____ _____   ____   _    ____  ____  _____ ____  
  _     \ \  |_   _| ____/ ___|_   _| |  _ \ / \  / ___|/ ___|| ____|  _ \ 
 (_)_____| |   | | |  _| \___ \ | |   | |_) / _ \ \___ \\___ \|  _| | | | |
  _|_____| |   | | | |___ ___) || |   |  __/ ___ \ ___) |___) | |___| |_| |
 (_)     | |   |_| |_____|____/ |_|   |_| /_/   \_\____/|____/|_____|____/ 
        /_/                                                                

TEST PASSED: Proceso Auditoria - Smartstock
----------------------------------------------------------------------------
]]></system-err>
</testsuite>
